Release 13.2 - xst O.61xd (lin64)
Copyright (c) 1995-2011 Xilinx, Inc.  All rights reserved.
--> 
--> 
Parameter TMPDIR set to ./projnav.tmp


Total REAL time to Xst completion: 0.00 secs
Total CPU time to Xst completion: 0.08 secs
 
--> 
Parameter xsthdpdir set to .


Total REAL time to Xst completion: 0.00 secs
Total CPU time to Xst completion: 0.08 secs
 
--> 

Reading constraint file ../../constraints.xcf.
XCF parsing done.

TABLE OF CONTENTS
  1) Synthesis Options Summary
  2) HDL Compilation
  3) Design Hierarchy Analysis
  4) HDL Analysis
  5) HDL Synthesis
     5.1) HDL Synthesis Report
  6) Advanced HDL Synthesis
     6.1) Advanced HDL Synthesis Report
  7) Low Level Synthesis
  8) Partition Report
  9) Final Report
	9.1) Device utilization summary
	9.2) Partition Resource Summary
	9.3) TIMING REPORT


=========================================================================
*                      Synthesis Options Summary                        *
=========================================================================
---- Source Parameters
Input File Name                    : "../../xst.prj"
Input Format                       : mixed
Synthesis Constraint File          : ../../constraints.xcf
Ignore Synthesis Constraint File   : NO

---- Target Parameters
Output File Name                   : "ordbur"
Output Format                      : NGC
Target Device                      : xc5vlx330-ff1760-2

---- Source Options
Top Module Name                    : ordbur
Use DSP Block                      : auto
Automatic FSM Extraction           : YES
FSM Encoding Algorithm             : Auto
Safe Implementation                : No
FSM Style                          : lut
RAM Extraction                     : Yes
RAM Style                          : Auto
ROM Extraction                     : Yes
Shift Register Extraction          : YES
ROM Style                          : Auto
Resource Sharing                   : YES
Automatic Register Balancing       : No

---- Target Options
Add IO Buffers                     : NO
Add Generic Clock Buffer(BUFG)     : 32
Register Duplication               : No
Optimize Instantiated Primitives   : NO
Use Clock Enable                   : Auto
Use Synchronous Set                : Auto
Use Synchronous Reset              : Auto
Pack IO Registers into IOBs        : false
Equivalent register Removal        : YES

---- General Options
Optimization Goal                  : Speed
Optimization Effort                : 1
Keep Hierarchy                     : NO
RTL Output                         : Yes
Global Optimization                : AllClockNets
Read Cores                         : OPTIMIZE
Write Timing Constraints           : NO
Cross Clock Analysis               : NO
Hierarchy Separator                : /
Bus Delimiter                      : <>
Case Specifier                     : maintain
Slice Utilization Ratio            : 100
DSP48 Utilization Ratio            : 100
Slice Utilization Ratio Delta      : 5

=========================================================================


=========================================================================
*                          HDL Compilation                              *
=========================================================================
Compiling verilog file "../../../../../Modelsim/ordbur/ASAP1_ordbur/ASAP1_ordbur_HDL.v" in library work
Compiling verilog file "../../../../../vlib/Register.v" in library work
Module <ordbur> compiled
Module <Register> compiled
Module <RegisterV> compiled
Compiling verilog file "../../../../../vlib/MUX.v" in library work
Module <RegisterC> compiled
Module <MUX2> compiled
Module <MUX3> compiled
Module <MUX4> compiled
Module <MUX4_hot> compiled
Module <MUX5> compiled
Module <MUX6> compiled
Module <MUX7> compiled
Module <MUX8> compiled
Module <MUX9> compiled
Module <MUX10> compiled
Compiling verilog file "../../../../../vlib/ShiftRegister.v" in library work
Module <MUX11> compiled
Module <ShiftRegister> compiled
Module <shift> compiled
Module <ShiftRegCtl> compiled
Compiling verilog file "../../../../../vlib/ShiftCtlRegister.v" in library work
Module <ShiftRegCtl0> compiled
Module <ShiftCtlRegister> compiled
Compiling verilog file "../../../../../vlib/float.v" in library work
Module <shiftCtl> compiled
Module <fadd> compiled
Module <fmul> compiled
Module <fdiv> compiled
No errors in compilation
Analysis of file <"../../xst.prj"> succeeded.
 
Compiling vhdl file "/share/jinz/AutoESL/coregen/vhdl/xilinx_fdiv.vhd" in Library work.
Entity <xilinx_fdiv> compiled.
Entity <xilinx_fdiv> (Architecture <xilinx_fdiv_a>) compiled.
Compiling vhdl file "/share/jinz/AutoESL/coregen/vhdl/xilinx_fmul.vhd" in Library work.
Entity <xilinx_fmul> compiled.
Entity <xilinx_fmul> (Architecture <xilinx_fmul_a>) compiled.
Compiling vhdl file "/share/jinz/AutoESL/coregen/vhdl/xilinx_fadd.vhd" in Library work.
Entity <xilinx_fadd> compiled.
Entity <xilinx_fadd> (Architecture <xilinx_fadd_a>) compiled.

Reading constraint file ../../constraints.xcf.
XCF parsing done.

=========================================================================
*                     Design Hierarchy Analysis                         *
=========================================================================
Analyzing hierarchy for module <ordbur> in library <work> with parameters.
	Delay = "00000000000000000000000001111110"
	TEST_NU = "00000000000000000000000000001000"

Analyzing hierarchy for module <fadd> in library <work>.

Analyzing hierarchy for module <fmul> in library <work>.

Analyzing hierarchy for module <fdiv> in library <work>.

Analyzing hierarchy for module <Register> in library <work> with parameters.
	DataWidth = "00000000000000000000000000100000"

Analyzing hierarchy for module <ShiftRegister> in library <work> with parameters.
	DataWidth = "00000000000000000000000000100000"
	Depth = "00000000000000000000000000000101"

Analyzing hierarchy for module <ShiftRegister> in library <work> with parameters.
	DataWidth = "00000000000000000000000000100000"
	Depth = "00000000000000000000000000000011"

Analyzing hierarchy for module <ShiftRegister> in library <work> with parameters.
	DataWidth = "00000000000000000000000000100000"
	Depth = "00000000000000000000000000000010"

Analyzing hierarchy for module <ShiftRegister> in library <work> with parameters.
	DataWidth = "00000000000000000000000000100000"
	Depth = "00000000000000000000000000000100"

Analyzing hierarchy for module <MUX2> in library <work> with parameters.
	DataWidth = "00000000000000000000000000100000"

Analyzing hierarchy for module <MUX3> in library <work> with parameters.
	DataWidth = "00000000000000000000000000100000"

Analyzing hierarchy for module <ShiftCtlRegister> in library <work> with parameters.
	DataWidth = "00000000000000000000000000000001"
	Depth = "00000000000000000000000001111110"

Analyzing hierarchy for module <shiftCtl> in library <work> with parameters.
	Pattern = "00000000000000000000000000000001"
	n = "00000000000000000000000000001010"

Analyzing hierarchy for module <shift> in library <work> with parameters.
	Pattern = "00000000000000000000000000000000"
	n = "00000000000000000000000000000101"

Analyzing hierarchy for module <shift> in library <work> with parameters.
	Pattern = "00000000000000000000000000000000"
	n = "00000000000000000000000000000011"

Analyzing hierarchy for module <shift> in library <work> with parameters.
	Pattern = "00000000000000000000000000000000"
	n = "00000000000000000000000000000010"

Analyzing hierarchy for module <shift> in library <work> with parameters.
	Pattern = "00000000000000000000000000000000"
	n = "00000000000000000000000000000100"

Analyzing hierarchy for module <shiftCtl> in library <work> with parameters.
	Pattern = "00000000000000000000000000000000"
	n = "00000000000000000000000001111110"


=========================================================================
*                            HDL Analysis                               *
=========================================================================
Analyzing top module <ordbur>.
	Delay = 32'sb00000000000000000000000001111110
	TEST_NU = 32'sb00000000000000000000000000001000
Module <ordbur> is correct for synthesis.
 
Analyzing module <fadd> in library <work>.
Module <fadd> is correct for synthesis.
 
Analyzing module <fmul> in library <work>.
Module <fmul> is correct for synthesis.
 
Analyzing module <fdiv> in library <work>.
Module <fdiv> is correct for synthesis.
 
Analyzing module <Register> in library <work>.
	DataWidth = 32'sb00000000000000000000000000100000
Module <Register> is correct for synthesis.
 
Analyzing module <ShiftRegister.1> in library <work>.
	DataWidth = 32'sb00000000000000000000000000100000
	Depth = 32'sb00000000000000000000000000000101
Module <ShiftRegister.1> is correct for synthesis.
 
Analyzing module <shift.1> in library <work>.
	Pattern = 32'sb00000000000000000000000000000000
	n = 32'sb00000000000000000000000000000101
Module <shift.1> is correct for synthesis.
 
Analyzing module <ShiftRegister.2> in library <work>.
	DataWidth = 32'sb00000000000000000000000000100000
	Depth = 32'sb00000000000000000000000000000011
Module <ShiftRegister.2> is correct for synthesis.
 
Analyzing module <shift.2> in library <work>.
	Pattern = 32'sb00000000000000000000000000000000
	n = 32'sb00000000000000000000000000000011
Module <shift.2> is correct for synthesis.
 
Analyzing module <ShiftRegister.3> in library <work>.
	DataWidth = 32'sb00000000000000000000000000100000
	Depth = 32'sb00000000000000000000000000000010
Module <ShiftRegister.3> is correct for synthesis.
 
Analyzing module <shift.3> in library <work>.
	Pattern = 32'sb00000000000000000000000000000000
	n = 32'sb00000000000000000000000000000010
Module <shift.3> is correct for synthesis.
 
Analyzing module <ShiftRegister.4> in library <work>.
	DataWidth = 32'sb00000000000000000000000000100000
	Depth = 32'sb00000000000000000000000000000100
Module <ShiftRegister.4> is correct for synthesis.
 
Analyzing module <shift.4> in library <work>.
	Pattern = 32'sb00000000000000000000000000000000
	n = 32'sb00000000000000000000000000000100
Module <shift.4> is correct for synthesis.
 
Analyzing module <MUX2> in library <work>.
	DataWidth = 32'sb00000000000000000000000000100000
Module <MUX2> is correct for synthesis.
 
Analyzing module <MUX3> in library <work>.
	DataWidth = 32'sb00000000000000000000000000100000
"../../../../../vlib/MUX.v" line 68: Found Parallel Case directive in module <MUX3>.
Module <MUX3> is correct for synthesis.
 
Analyzing module <ShiftCtlRegister> in library <work>.
	DataWidth = 32'sb00000000000000000000000000000001
	Depth = 32'sb00000000000000000000000001111110
Module <ShiftCtlRegister> is correct for synthesis.
 
Analyzing module <shiftCtl.2> in library <work>.
	Pattern = 32'sb00000000000000000000000000000000
	n = 32'sb00000000000000000000000001111110
Module <shiftCtl.2> is correct for synthesis.
 
Analyzing module <shiftCtl.1> in library <work>.
	Pattern = 32'sb00000000000000000000000000000001
	n = 32'sb00000000000000000000000000001010
Module <shiftCtl.1> is correct for synthesis.
 

=========================================================================
*                           HDL Synthesis                               *
=========================================================================

Performing bidirectional port resolution...

Synthesizing Unit <Register>.
    Related source file is "../../../../../vlib/Register.v".
WARNING:Xst:647 - Input <rst> is never used. This port will be preserved and left unconnected if it belongs to a top-level block or it belongs to a sub-block and the hierarchy of this sub-block is preserved.
    Found 32-bit register for signal <register>.
    Summary:
	inferred  32 D-type flip-flop(s).
Unit <Register> synthesized.


Synthesizing Unit <MUX2>.
    Related source file is "../../../../../vlib/MUX.v".
Unit <MUX2> synthesized.


Synthesizing Unit <MUX3>.
    Related source file is "../../../../../vlib/MUX.v".
Unit <MUX3> synthesized.


Synthesizing Unit <shiftCtl_1>.
    Related source file is "../../../../../vlib/ShiftCtlRegister.v".
    Found 10-bit register for signal <state>.
    Summary:
	inferred  10 D-type flip-flop(s).
Unit <shiftCtl_1> synthesized.


Synthesizing Unit <shift_1>.
    Related source file is "../../../../../vlib/ShiftRegister.v".
    Found 5-bit register for signal <state>.
    Summary:
	inferred   5 D-type flip-flop(s).
Unit <shift_1> synthesized.


Synthesizing Unit <shift_2>.
    Related source file is "../../../../../vlib/ShiftRegister.v".
    Found 3-bit register for signal <state>.
    Summary:
	inferred   3 D-type flip-flop(s).
Unit <shift_2> synthesized.


Synthesizing Unit <shift_3>.
    Related source file is "../../../../../vlib/ShiftRegister.v".
    Found 2-bit register for signal <state>.
    Summary:
	inferred   2 D-type flip-flop(s).
Unit <shift_3> synthesized.


Synthesizing Unit <shift_4>.
    Related source file is "../../../../../vlib/ShiftRegister.v".
    Found 4-bit register for signal <state>.
    Summary:
	inferred   4 D-type flip-flop(s).
Unit <shift_4> synthesized.


Synthesizing Unit <shiftCtl_2>.
    Related source file is "../../../../../vlib/ShiftCtlRegister.v".
    Found 126-bit register for signal <state>.
    Summary:
	inferred 126 D-type flip-flop(s).
Unit <shiftCtl_2> synthesized.


Synthesizing Unit <fadd>.
    Related source file is "../../../../../vlib/float.v".
Unit <fadd> synthesized.


Synthesizing Unit <fmul>.
    Related source file is "../../../../../vlib/float.v".
Unit <fmul> synthesized.


Synthesizing Unit <fdiv>.
    Related source file is "../../../../../vlib/float.v".
    Found 32-bit register for signal <result>.
    Found 1-bit register for signal <done>.
    Summary:
	inferred  33 D-type flip-flop(s).
Unit <fdiv> synthesized.


Synthesizing Unit <ShiftRegister_1>.
    Related source file is "../../../../../vlib/ShiftRegister.v".
WARNING:Xst:646 - Signal <DBG> is assigned but never used. This unconnected signal will be trimmed during the optimization process.
Unit <ShiftRegister_1> synthesized.


Synthesizing Unit <ShiftRegister_2>.
    Related source file is "../../../../../vlib/ShiftRegister.v".
WARNING:Xst:646 - Signal <DBG> is assigned but never used. This unconnected signal will be trimmed during the optimization process.
Unit <ShiftRegister_2> synthesized.


Synthesizing Unit <ShiftRegister_3>.
    Related source file is "../../../../../vlib/ShiftRegister.v".
WARNING:Xst:646 - Signal <DBG> is assigned but never used. This unconnected signal will be trimmed during the optimization process.
Unit <ShiftRegister_3> synthesized.


Synthesizing Unit <ShiftRegister_4>.
    Related source file is "../../../../../vlib/ShiftRegister.v".
WARNING:Xst:646 - Signal <DBG> is assigned but never used. This unconnected signal will be trimmed during the optimization process.
Unit <ShiftRegister_4> synthesized.


Synthesizing Unit <ShiftCtlRegister>.
    Related source file is "../../../../../vlib/ShiftCtlRegister.v".
WARNING:Xst:646 - Signal <DBG> is assigned but never used. This unconnected signal will be trimmed during the optimization process.
Unit <ShiftCtlRegister> synthesized.


Synthesizing Unit <ordbur>.
    Related source file is "../../../../../Modelsim/ordbur/ASAP1_ordbur/ASAP1_ordbur_HDL.v".
WARNING:Xst:646 - Signal <state_out> is assigned but never used. This unconnected signal will be trimmed during the optimization process.
WARNING:Xst:646 - Signal <state_in<9:1>> is assigned but never used. This unconnected signal will be trimmed during the optimization process.
WARNING:Xst:646 - Signal <state<124:96>> is assigned but never used. This unconnected signal will be trimmed during the optimization process.
WARNING:Xst:646 - Signal <state<94:93>> is assigned but never used. This unconnected signal will be trimmed during the optimization process.
WARNING:Xst:646 - Signal <state<91:81>> is assigned but never used. This unconnected signal will be trimmed during the optimization process.
WARNING:Xst:646 - Signal <state<78:73>> is assigned but never used. This unconnected signal will be trimmed during the optimization process.
WARNING:Xst:646 - Signal <state<70:60>> is assigned but never used. This unconnected signal will be trimmed during the optimization process.
WARNING:Xst:646 - Signal <state<56:52>> is assigned but never used. This unconnected signal will be trimmed during the optimization process.
WARNING:Xst:646 - Signal <state<49>> is assigned but never used. This unconnected signal will be trimmed during the optimization process.
WARNING:Xst:646 - Signal <state<47:46>> is assigned but never used. This unconnected signal will be trimmed during the optimization process.
WARNING:Xst:646 - Signal <state<44>> is assigned but never used. This unconnected signal will be trimmed during the optimization process.
WARNING:Xst:646 - Signal <state<42:41>> is assigned but never used. This unconnected signal will be trimmed during the optimization process.
WARNING:Xst:646 - Signal <state<39:37>> is assigned but never used. This unconnected signal will be trimmed during the optimization process.
WARNING:Xst:646 - Signal <state<35>> is assigned but never used. This unconnected signal will be trimmed during the optimization process.
WARNING:Xst:646 - Signal <state<31:29>> is assigned but never used. This unconnected signal will be trimmed during the optimization process.
WARNING:Xst:646 - Signal <state<26:17>> is assigned but never used. This unconnected signal will be trimmed during the optimization process.
WARNING:Xst:646 - Signal <state<11:10>> is assigned but never used. This unconnected signal will be trimmed during the optimization process.
WARNING:Xst:646 - Signal <sr5_out> is assigned but never used. This unconnected signal will be trimmed during the optimization process.
WARNING:Xst:646 - Signal <sr3_out> is assigned but never used. This unconnected signal will be trimmed during the optimization process.
WARNING:Xst:646 - Signal <r9_wout> is assigned but never used. This unconnected signal will be trimmed during the optimization process.
WARNING:Xst:646 - Signal <r6_wout> is assigned but never used. This unconnected signal will be trimmed during the optimization process.
WARNING:Xst:646 - Signal <r5_wout<127:32>> is assigned but never used. This unconnected signal will be trimmed during the optimization process.
WARNING:Xst:646 - Signal <r3_wout<127:32>> is assigned but never used. This unconnected signal will be trimmed during the optimization process.
WARNING:Xst:646 - Signal <r16_out> is assigned but never used. This unconnected signal will be trimmed during the optimization process.
WARNING:Xst:646 - Signal <r14_wout> is assigned but never used. This unconnected signal will be trimmed during the optimization process.
WARNING:Xst:646 - Signal <r13_wout> is assigned but never used. This unconnected signal will be trimmed during the optimization process.
WARNING:Xst:646 - Signal <r12_wout> is assigned but never used. This unconnected signal will be trimmed during the optimization process.
WARNING:Xst:646 - Signal <r10_wout> is assigned but never used. This unconnected signal will be trimmed during the optimization process.
WARNING:Xst:646 - Signal <fmul1_rdy> is assigned but never used. This unconnected signal will be trimmed during the optimization process.
WARNING:Xst:1780 - Signal <fmul1_go> is never used or assigned. This unconnected signal will be trimmed during the optimization process.
WARNING:Xst:646 - Signal <fdiv1_rdy> is assigned but never used. This unconnected signal will be trimmed during the optimization process.
WARNING:Xst:1780 - Signal <fdiv1_go> is never used or assigned. This unconnected signal will be trimmed during the optimization process.
WARNING:Xst:646 - Signal <fadd1_rdy> is assigned but never used. This unconnected signal will be trimmed during the optimization process.
WARNING:Xst:1780 - Signal <fadd1_go> is never used or assigned. This unconnected signal will be trimmed during the optimization process.
    Found 32-bit register for signal <ordbur_fdiv1_out>.
    Found 1-bit register for signal <ordbur_fdiv1_out_rdy<0>>.
    Found 16-bit up counter for signal <clP0_cnt>.
    Found 16-bit comparator less for signal <ordbur_fdiv1_res_rdy$cmp_lt0000> created at line 395.
    Found 32-bit register for signal <p1_in_r>.
    Found 1-bit register for signal <run>.
    Summary:
	inferred   1 Counter(s).
	inferred  66 D-type flip-flop(s).
	inferred   1 Comparator(s).
Unit <ordbur> synthesized.

WARNING:Xst:524 - All outputs of the instance <r16> of the block <Register> are unconnected in block <ordbur>.
   This instance will be removed from the design along with all underlying logic

=========================================================================
HDL Synthesis Report

Macro Statistics
# Counters                                             : 1
 16-bit up counter                                     : 1
# Registers                                            : 277
 1-bit register                                        : 3
 10-bit register                                       : 1
 126-bit register                                      : 1
 2-bit register                                        : 32
 3-bit register                                        : 64
 32-bit register                                       : 16
 4-bit register                                        : 64
 5-bit register                                        : 96
# Comparators                                          : 1
 16-bit comparator less                                : 1

=========================================================================

=========================================================================
*                       Advanced HDL Synthesis                          *
=========================================================================


=========================================================================
Advanced HDL Synthesis Report

Macro Statistics
# Counters                                             : 1
 16-bit up counter                                     : 1
# Registers                                            : 1643
 Flip-Flops                                            : 1643
# Comparators                                          : 1
 16-bit comparator less                                : 1

=========================================================================

=========================================================================
*                         Low Level Synthesis                           *
=========================================================================

Optimizing unit <ordbur> ...

Optimizing unit <Register> ...

Optimizing unit <shiftCtl_1> ...

Optimizing unit <shiftCtl_2> ...

Optimizing unit <fdiv> ...

Optimizing unit <ShiftRegister_2> ...

Optimizing unit <ShiftRegister_3> ...

Optimizing unit <ShiftRegister_4> ...
WARNING:Xst:2677 - Node <fdiv1/done> of sequential type is unconnected in block <ordbur>.

Mapping all equations...
Annotating constraints using XCF file '../../constraints.xcf'
XCF parsing done.
WARNING:Xst:2173 - Found black boxes on which forward tracing can not be performed on edge 'clk':
 fadd1/xilinx_fadd_i fmul1/xilinx_fmul_i fdiv1/xilinx_fdiv_i
WARNING:Xst:2174 - These might be cores which have not been read
Building and optimizing final netlist ...
INFO:Xst:2261 - The FF/Latch <shift_i/state_1> in Unit <ordbur> is equivalent to the following FF/Latch, which will be removed : <FSM/SR[0].shiftCtl_i/state_0> 
INFO:Xst:2261 - The FF/Latch <shift_i/state_2> in Unit <ordbur> is equivalent to the following FF/Latch, which will be removed : <FSM/SR[0].shiftCtl_i/state_1> 
INFO:Xst:2261 - The FF/Latch <shift_i/state_3> in Unit <ordbur> is equivalent to the following FF/Latch, which will be removed : <FSM/SR[0].shiftCtl_i/state_2> 
INFO:Xst:2261 - The FF/Latch <shift_i/state_4> in Unit <ordbur> is equivalent to the following FF/Latch, which will be removed : <FSM/SR[0].shiftCtl_i/state_3> 
INFO:Xst:2261 - The FF/Latch <shift_i/state_5> in Unit <ordbur> is equivalent to the following FF/Latch, which will be removed : <FSM/SR[0].shiftCtl_i/state_4> 
INFO:Xst:2261 - The FF/Latch <shift_i/state_6> in Unit <ordbur> is equivalent to the following FF/Latch, which will be removed : <FSM/SR[0].shiftCtl_i/state_5> 
INFO:Xst:2261 - The FF/Latch <shift_i/state_7> in Unit <ordbur> is equivalent to the following FF/Latch, which will be removed : <FSM/SR[0].shiftCtl_i/state_6> 
INFO:Xst:2261 - The FF/Latch <shift_i/state_8> in Unit <ordbur> is equivalent to the following FF/Latch, which will be removed : <FSM/SR[0].shiftCtl_i/state_7> 
INFO:Xst:2261 - The FF/Latch <shift_i/state_9> in Unit <ordbur> is equivalent to the following FF/Latch, which will be removed : <FSM/SR[0].shiftCtl_i/state_8> 
Found area constraint ratio of 100 (+ 5) on block ordbur, actual ratio is 1.

Final Macro Processing ...

Processing Unit <ordbur> :
	Found 5-bit shift register for signal <r6/SR[0].shift_i/state_4>.
	Found 5-bit shift register for signal <r6/SR[1].shift_i/state_4>.
	Found 5-bit shift register for signal <r6/SR[2].shift_i/state_4>.
	Found 5-bit shift register for signal <r6/SR[3].shift_i/state_4>.
	Found 5-bit shift register for signal <r6/SR[4].shift_i/state_4>.
	Found 5-bit shift register for signal <r6/SR[5].shift_i/state_4>.
	Found 5-bit shift register for signal <r6/SR[6].shift_i/state_4>.
	Found 5-bit shift register for signal <r6/SR[7].shift_i/state_4>.
	Found 5-bit shift register for signal <r6/SR[8].shift_i/state_4>.
	Found 5-bit shift register for signal <r6/SR[9].shift_i/state_4>.
	Found 5-bit shift register for signal <r6/SR[10].shift_i/state_4>.
	Found 5-bit shift register for signal <r6/SR[11].shift_i/state_4>.
	Found 5-bit shift register for signal <r6/SR[12].shift_i/state_4>.
	Found 5-bit shift register for signal <r6/SR[13].shift_i/state_4>.
	Found 5-bit shift register for signal <r6/SR[14].shift_i/state_4>.
	Found 5-bit shift register for signal <r6/SR[15].shift_i/state_4>.
	Found 5-bit shift register for signal <r6/SR[16].shift_i/state_4>.
	Found 5-bit shift register for signal <r6/SR[17].shift_i/state_4>.
	Found 5-bit shift register for signal <r6/SR[18].shift_i/state_4>.
	Found 5-bit shift register for signal <r6/SR[19].shift_i/state_4>.
	Found 5-bit shift register for signal <r6/SR[20].shift_i/state_4>.
	Found 5-bit shift register for signal <r6/SR[21].shift_i/state_4>.
	Found 5-bit shift register for signal <r6/SR[22].shift_i/state_4>.
	Found 5-bit shift register for signal <r6/SR[23].shift_i/state_4>.
	Found 5-bit shift register for signal <r6/SR[24].shift_i/state_4>.
	Found 5-bit shift register for signal <r6/SR[25].shift_i/state_4>.
	Found 5-bit shift register for signal <r6/SR[26].shift_i/state_4>.
	Found 5-bit shift register for signal <r6/SR[27].shift_i/state_4>.
	Found 5-bit shift register for signal <r6/SR[28].shift_i/state_4>.
	Found 5-bit shift register for signal <r6/SR[29].shift_i/state_4>.
	Found 5-bit shift register for signal <r6/SR[30].shift_i/state_4>.
	Found 5-bit shift register for signal <r6/SR[31].shift_i/state_4>.
	Found 4-bit shift register for signal <r5/SR[0].shift_i/state_4>.
	Found 4-bit shift register for signal <r5/SR[1].shift_i/state_4>.
	Found 4-bit shift register for signal <r5/SR[2].shift_i/state_4>.
	Found 4-bit shift register for signal <r5/SR[3].shift_i/state_4>.
	Found 4-bit shift register for signal <r5/SR[4].shift_i/state_4>.
	Found 4-bit shift register for signal <r5/SR[5].shift_i/state_4>.
	Found 4-bit shift register for signal <r5/SR[6].shift_i/state_4>.
	Found 4-bit shift register for signal <r5/SR[7].shift_i/state_4>.
	Found 4-bit shift register for signal <r5/SR[8].shift_i/state_4>.
	Found 4-bit shift register for signal <r5/SR[9].shift_i/state_4>.
	Found 4-bit shift register for signal <r5/SR[10].shift_i/state_4>.
	Found 4-bit shift register for signal <r5/SR[11].shift_i/state_4>.
	Found 4-bit shift register for signal <r5/SR[12].shift_i/state_4>.
	Found 4-bit shift register for signal <r5/SR[13].shift_i/state_4>.
	Found 4-bit shift register for signal <r5/SR[14].shift_i/state_4>.
	Found 4-bit shift register for signal <r5/SR[15].shift_i/state_4>.
	Found 4-bit shift register for signal <r5/SR[16].shift_i/state_4>.
	Found 4-bit shift register for signal <r5/SR[17].shift_i/state_4>.
	Found 4-bit shift register for signal <r5/SR[18].shift_i/state_4>.
	Found 4-bit shift register for signal <r5/SR[19].shift_i/state_4>.
	Found 4-bit shift register for signal <r5/SR[20].shift_i/state_4>.
	Found 4-bit shift register for signal <r5/SR[21].shift_i/state_4>.
	Found 4-bit shift register for signal <r5/SR[22].shift_i/state_4>.
	Found 4-bit shift register for signal <r5/SR[23].shift_i/state_4>.
	Found 4-bit shift register for signal <r5/SR[24].shift_i/state_4>.
	Found 4-bit shift register for signal <r5/SR[25].shift_i/state_4>.
	Found 4-bit shift register for signal <r5/SR[26].shift_i/state_4>.
	Found 4-bit shift register for signal <r5/SR[27].shift_i/state_4>.
	Found 4-bit shift register for signal <r5/SR[28].shift_i/state_4>.
	Found 4-bit shift register for signal <r5/SR[29].shift_i/state_4>.
	Found 4-bit shift register for signal <r5/SR[30].shift_i/state_4>.
	Found 4-bit shift register for signal <r5/SR[31].shift_i/state_4>.
	Found 4-bit shift register for signal <r3/SR[0].shift_i/state_4>.
	Found 4-bit shift register for signal <r3/SR[1].shift_i/state_4>.
	Found 4-bit shift register for signal <r3/SR[2].shift_i/state_4>.
	Found 4-bit shift register for signal <r3/SR[3].shift_i/state_4>.
	Found 4-bit shift register for signal <r3/SR[4].shift_i/state_4>.
	Found 4-bit shift register for signal <r3/SR[5].shift_i/state_4>.
	Found 4-bit shift register for signal <r3/SR[6].shift_i/state_4>.
	Found 4-bit shift register for signal <r3/SR[7].shift_i/state_4>.
	Found 4-bit shift register for signal <r3/SR[8].shift_i/state_4>.
	Found 4-bit shift register for signal <r3/SR[9].shift_i/state_4>.
	Found 4-bit shift register for signal <r3/SR[10].shift_i/state_4>.
	Found 4-bit shift register for signal <r3/SR[11].shift_i/state_4>.
	Found 4-bit shift register for signal <r3/SR[12].shift_i/state_4>.
	Found 4-bit shift register for signal <r3/SR[13].shift_i/state_4>.
	Found 4-bit shift register for signal <r3/SR[14].shift_i/state_4>.
	Found 4-bit shift register for signal <r3/SR[15].shift_i/state_4>.
	Found 4-bit shift register for signal <r3/SR[16].shift_i/state_4>.
	Found 4-bit shift register for signal <r3/SR[17].shift_i/state_4>.
	Found 4-bit shift register for signal <r3/SR[18].shift_i/state_4>.
	Found 4-bit shift register for signal <r3/SR[19].shift_i/state_4>.
	Found 4-bit shift register for signal <r3/SR[20].shift_i/state_4>.
	Found 4-bit shift register for signal <r3/SR[21].shift_i/state_4>.
	Found 4-bit shift register for signal <r3/SR[22].shift_i/state_4>.
	Found 4-bit shift register for signal <r3/SR[23].shift_i/state_4>.
	Found 4-bit shift register for signal <r3/SR[24].shift_i/state_4>.
	Found 4-bit shift register for signal <r3/SR[25].shift_i/state_4>.
	Found 4-bit shift register for signal <r3/SR[26].shift_i/state_4>.
	Found 4-bit shift register for signal <r3/SR[27].shift_i/state_4>.
	Found 4-bit shift register for signal <r3/SR[28].shift_i/state_4>.
	Found 4-bit shift register for signal <r3/SR[29].shift_i/state_4>.
	Found 4-bit shift register for signal <r3/SR[30].shift_i/state_4>.
	Found 4-bit shift register for signal <r3/SR[31].shift_i/state_4>.
	Found 30-bit shift register for signal <FSM/SR[0].shiftCtl_i/state_125>.
	Found 12-bit shift register for signal <FSM/SR[0].shiftCtl_i/state_92>.
	Found 7-bit shift register for signal <FSM/SR[0].shiftCtl_i/state_79>.
	Found 12-bit shift register for signal <FSM/SR[0].shiftCtl_i/state_71>.
	Found 6-bit shift register for signal <FSM/SR[0].shiftCtl_i/state_57>.
	Found 4-bit shift register for signal <FSM/SR[0].shiftCtl_i/state_40>.
	Found 4-bit shift register for signal <FSM/SR[0].shiftCtl_i/state_32>.
	Found 11-bit shift register for signal <FSM/SR[0].shiftCtl_i/state_27>.
	Found 3-bit shift register for signal <r13/SR[0].shift_i/state_2>.
	Found 3-bit shift register for signal <r13/SR[1].shift_i/state_2>.
	Found 3-bit shift register for signal <r13/SR[2].shift_i/state_2>.
	Found 3-bit shift register for signal <r13/SR[3].shift_i/state_2>.
	Found 3-bit shift register for signal <r13/SR[4].shift_i/state_2>.
	Found 3-bit shift register for signal <r13/SR[5].shift_i/state_2>.
	Found 3-bit shift register for signal <r13/SR[6].shift_i/state_2>.
	Found 3-bit shift register for signal <r13/SR[7].shift_i/state_2>.
	Found 3-bit shift register for signal <r13/SR[8].shift_i/state_2>.
	Found 3-bit shift register for signal <r13/SR[9].shift_i/state_2>.
	Found 3-bit shift register for signal <r13/SR[10].shift_i/state_2>.
	Found 3-bit shift register for signal <r13/SR[11].shift_i/state_2>.
	Found 3-bit shift register for signal <r13/SR[12].shift_i/state_2>.
	Found 3-bit shift register for signal <r13/SR[13].shift_i/state_2>.
	Found 3-bit shift register for signal <r13/SR[14].shift_i/state_2>.
	Found 3-bit shift register for signal <r13/SR[15].shift_i/state_2>.
	Found 3-bit shift register for signal <r13/SR[16].shift_i/state_2>.
	Found 3-bit shift register for signal <r13/SR[17].shift_i/state_2>.
	Found 3-bit shift register for signal <r13/SR[18].shift_i/state_2>.
	Found 3-bit shift register for signal <r13/SR[19].shift_i/state_2>.
	Found 3-bit shift register for signal <r13/SR[20].shift_i/state_2>.
	Found 3-bit shift register for signal <r13/SR[21].shift_i/state_2>.
	Found 3-bit shift register for signal <r13/SR[22].shift_i/state_2>.
	Found 3-bit shift register for signal <r13/SR[23].shift_i/state_2>.
	Found 3-bit shift register for signal <r13/SR[24].shift_i/state_2>.
	Found 3-bit shift register for signal <r13/SR[25].shift_i/state_2>.
	Found 3-bit shift register for signal <r13/SR[26].shift_i/state_2>.
	Found 3-bit shift register for signal <r13/SR[27].shift_i/state_2>.
	Found 3-bit shift register for signal <r13/SR[28].shift_i/state_2>.
	Found 3-bit shift register for signal <r13/SR[29].shift_i/state_2>.
	Found 3-bit shift register for signal <r13/SR[30].shift_i/state_2>.
	Found 3-bit shift register for signal <r13/SR[31].shift_i/state_2>.
	Found 3-bit shift register for signal <r9/SR[0].shift_i/state_2>.
	Found 3-bit shift register for signal <r9/SR[1].shift_i/state_2>.
	Found 3-bit shift register for signal <r9/SR[2].shift_i/state_2>.
	Found 3-bit shift register for signal <r9/SR[3].shift_i/state_2>.
	Found 3-bit shift register for signal <r9/SR[4].shift_i/state_2>.
	Found 3-bit shift register for signal <r9/SR[5].shift_i/state_2>.
	Found 3-bit shift register for signal <r9/SR[6].shift_i/state_2>.
	Found 3-bit shift register for signal <r9/SR[7].shift_i/state_2>.
	Found 3-bit shift register for signal <r9/SR[8].shift_i/state_2>.
	Found 3-bit shift register for signal <r9/SR[9].shift_i/state_2>.
	Found 3-bit shift register for signal <r9/SR[10].shift_i/state_2>.
	Found 3-bit shift register for signal <r9/SR[11].shift_i/state_2>.
	Found 3-bit shift register for signal <r9/SR[12].shift_i/state_2>.
	Found 3-bit shift register for signal <r9/SR[13].shift_i/state_2>.
	Found 3-bit shift register for signal <r9/SR[14].shift_i/state_2>.
	Found 3-bit shift register for signal <r9/SR[15].shift_i/state_2>.
	Found 3-bit shift register for signal <r9/SR[16].shift_i/state_2>.
	Found 3-bit shift register for signal <r9/SR[17].shift_i/state_2>.
	Found 3-bit shift register for signal <r9/SR[18].shift_i/state_2>.
	Found 3-bit shift register for signal <r9/SR[19].shift_i/state_2>.
	Found 3-bit shift register for signal <r9/SR[20].shift_i/state_2>.
	Found 3-bit shift register for signal <r9/SR[21].shift_i/state_2>.
	Found 3-bit shift register for signal <r9/SR[22].shift_i/state_2>.
	Found 3-bit shift register for signal <r9/SR[23].shift_i/state_2>.
	Found 3-bit shift register for signal <r9/SR[24].shift_i/state_2>.
	Found 3-bit shift register for signal <r9/SR[25].shift_i/state_2>.
	Found 3-bit shift register for signal <r9/SR[26].shift_i/state_2>.
	Found 3-bit shift register for signal <r9/SR[27].shift_i/state_2>.
	Found 3-bit shift register for signal <r9/SR[28].shift_i/state_2>.
	Found 3-bit shift register for signal <r9/SR[29].shift_i/state_2>.
	Found 3-bit shift register for signal <r9/SR[30].shift_i/state_2>.
	Found 3-bit shift register for signal <r9/SR[31].shift_i/state_2>.
	Found 2-bit shift register for signal <r10/SR[0].shift_i/state_1>.
	Found 2-bit shift register for signal <r10/SR[1].shift_i/state_1>.
	Found 2-bit shift register for signal <r10/SR[2].shift_i/state_1>.
	Found 2-bit shift register for signal <r10/SR[3].shift_i/state_1>.
	Found 2-bit shift register for signal <r10/SR[4].shift_i/state_1>.
	Found 2-bit shift register for signal <r10/SR[5].shift_i/state_1>.
	Found 2-bit shift register for signal <r10/SR[6].shift_i/state_1>.
	Found 2-bit shift register for signal <r10/SR[7].shift_i/state_1>.
	Found 2-bit shift register for signal <r10/SR[8].shift_i/state_1>.
	Found 2-bit shift register for signal <r10/SR[9].shift_i/state_1>.
	Found 2-bit shift register for signal <r10/SR[10].shift_i/state_1>.
	Found 2-bit shift register for signal <r10/SR[11].shift_i/state_1>.
	Found 2-bit shift register for signal <r10/SR[12].shift_i/state_1>.
	Found 2-bit shift register for signal <r10/SR[13].shift_i/state_1>.
	Found 2-bit shift register for signal <r10/SR[14].shift_i/state_1>.
	Found 2-bit shift register for signal <r10/SR[15].shift_i/state_1>.
	Found 2-bit shift register for signal <r10/SR[16].shift_i/state_1>.
	Found 2-bit shift register for signal <r10/SR[17].shift_i/state_1>.
	Found 2-bit shift register for signal <r10/SR[18].shift_i/state_1>.
	Found 2-bit shift register for signal <r10/SR[19].shift_i/state_1>.
	Found 2-bit shift register for signal <r10/SR[20].shift_i/state_1>.
	Found 2-bit shift register for signal <r10/SR[21].shift_i/state_1>.
	Found 2-bit shift register for signal <r10/SR[22].shift_i/state_1>.
	Found 2-bit shift register for signal <r10/SR[23].shift_i/state_1>.
	Found 2-bit shift register for signal <r10/SR[24].shift_i/state_1>.
	Found 2-bit shift register for signal <r10/SR[25].shift_i/state_1>.
	Found 2-bit shift register for signal <r10/SR[26].shift_i/state_1>.
	Found 2-bit shift register for signal <r10/SR[27].shift_i/state_1>.
	Found 2-bit shift register for signal <r10/SR[28].shift_i/state_1>.
	Found 2-bit shift register for signal <r10/SR[29].shift_i/state_1>.
	Found 2-bit shift register for signal <r10/SR[30].shift_i/state_1>.
	Found 2-bit shift register for signal <r10/SR[31].shift_i/state_1>.
	Found 4-bit shift register for signal <r14/SR[0].shift_i/state_3>.
	Found 4-bit shift register for signal <r14/SR[1].shift_i/state_3>.
	Found 4-bit shift register for signal <r14/SR[2].shift_i/state_3>.
	Found 4-bit shift register for signal <r14/SR[3].shift_i/state_3>.
	Found 4-bit shift register for signal <r14/SR[4].shift_i/state_3>.
	Found 4-bit shift register for signal <r14/SR[5].shift_i/state_3>.
	Found 4-bit shift register for signal <r14/SR[6].shift_i/state_3>.
	Found 4-bit shift register for signal <r14/SR[7].shift_i/state_3>.
	Found 4-bit shift register for signal <r14/SR[8].shift_i/state_3>.
	Found 4-bit shift register for signal <r14/SR[9].shift_i/state_3>.
	Found 4-bit shift register for signal <r14/SR[10].shift_i/state_3>.
	Found 4-bit shift register for signal <r14/SR[11].shift_i/state_3>.
	Found 4-bit shift register for signal <r14/SR[12].shift_i/state_3>.
	Found 4-bit shift register for signal <r14/SR[13].shift_i/state_3>.
	Found 4-bit shift register for signal <r14/SR[14].shift_i/state_3>.
	Found 4-bit shift register for signal <r14/SR[15].shift_i/state_3>.
	Found 4-bit shift register for signal <r14/SR[16].shift_i/state_3>.
	Found 4-bit shift register for signal <r14/SR[17].shift_i/state_3>.
	Found 4-bit shift register for signal <r14/SR[18].shift_i/state_3>.
	Found 4-bit shift register for signal <r14/SR[19].shift_i/state_3>.
	Found 4-bit shift register for signal <r14/SR[20].shift_i/state_3>.
	Found 4-bit shift register for signal <r14/SR[21].shift_i/state_3>.
	Found 4-bit shift register for signal <r14/SR[22].shift_i/state_3>.
	Found 4-bit shift register for signal <r14/SR[23].shift_i/state_3>.
	Found 4-bit shift register for signal <r14/SR[24].shift_i/state_3>.
	Found 4-bit shift register for signal <r14/SR[25].shift_i/state_3>.
	Found 4-bit shift register for signal <r14/SR[26].shift_i/state_3>.
	Found 4-bit shift register for signal <r14/SR[27].shift_i/state_3>.
	Found 4-bit shift register for signal <r14/SR[28].shift_i/state_3>.
	Found 4-bit shift register for signal <r14/SR[29].shift_i/state_3>.
	Found 4-bit shift register for signal <r14/SR[30].shift_i/state_3>.
	Found 4-bit shift register for signal <r14/SR[31].shift_i/state_3>.
	Found 4-bit shift register for signal <r12/SR[0].shift_i/state_3>.
	Found 4-bit shift register for signal <r12/SR[1].shift_i/state_3>.
	Found 4-bit shift register for signal <r12/SR[2].shift_i/state_3>.
	Found 4-bit shift register for signal <r12/SR[3].shift_i/state_3>.
	Found 4-bit shift register for signal <r12/SR[4].shift_i/state_3>.
	Found 4-bit shift register for signal <r12/SR[5].shift_i/state_3>.
	Found 4-bit shift register for signal <r12/SR[6].shift_i/state_3>.
	Found 4-bit shift register for signal <r12/SR[7].shift_i/state_3>.
	Found 4-bit shift register for signal <r12/SR[8].shift_i/state_3>.
	Found 4-bit shift register for signal <r12/SR[9].shift_i/state_3>.
	Found 4-bit shift register for signal <r12/SR[10].shift_i/state_3>.
	Found 4-bit shift register for signal <r12/SR[11].shift_i/state_3>.
	Found 4-bit shift register for signal <r12/SR[12].shift_i/state_3>.
	Found 4-bit shift register for signal <r12/SR[13].shift_i/state_3>.
	Found 4-bit shift register for signal <r12/SR[14].shift_i/state_3>.
	Found 4-bit shift register for signal <r12/SR[15].shift_i/state_3>.
	Found 4-bit shift register for signal <r12/SR[16].shift_i/state_3>.
	Found 4-bit shift register for signal <r12/SR[17].shift_i/state_3>.
	Found 4-bit shift register for signal <r12/SR[18].shift_i/state_3>.
	Found 4-bit shift register for signal <r12/SR[19].shift_i/state_3>.
	Found 4-bit shift register for signal <r12/SR[20].shift_i/state_3>.
	Found 4-bit shift register for signal <r12/SR[21].shift_i/state_3>.
	Found 4-bit shift register for signal <r12/SR[22].shift_i/state_3>.
	Found 4-bit shift register for signal <r12/SR[23].shift_i/state_3>.
	Found 4-bit shift register for signal <r12/SR[24].shift_i/state_3>.
	Found 4-bit shift register for signal <r12/SR[25].shift_i/state_3>.
	Found 4-bit shift register for signal <r12/SR[26].shift_i/state_3>.
	Found 4-bit shift register for signal <r12/SR[27].shift_i/state_3>.
	Found 4-bit shift register for signal <r12/SR[28].shift_i/state_3>.
	Found 4-bit shift register for signal <r12/SR[29].shift_i/state_3>.
	Found 4-bit shift register for signal <r12/SR[30].shift_i/state_3>.
	Found 4-bit shift register for signal <r12/SR[31].shift_i/state_3>.
Unit <ordbur> processed.

=========================================================================
Final Register Report

Macro Statistics
# Registers                                            : 635
 Flip-Flops                                            : 635
# Shift Registers                                      : 264
 11-bit shift register                                 : 1
 12-bit shift register                                 : 2
 2-bit shift register                                  : 32
 3-bit shift register                                  : 64
 30-bit shift register                                 : 1
 4-bit shift register                                  : 130
 5-bit shift register                                  : 32
 6-bit shift register                                  : 1
 7-bit shift register                                  : 1

=========================================================================

=========================================================================
*                           Partition Report                            *
=========================================================================

Partition Implementation Status
-------------------------------

  No Partitions were found in this design.

-------------------------------

=========================================================================
*                            Final Report                               *
=========================================================================
Final Results
RTL Top Level Output File Name     : ordbur.ngr
Top Level Output File Name         : ordbur
Output Format                      : NGC
Optimization Goal                  : Speed
Keep Hierarchy                     : NO

Design Statistics
# IOs                              : 69

Cell Usage :
# BELS                             : 568
#      GND                         : 1
#      INV                         : 2
#      LUT1                        : 15
#      LUT2                        : 22
#      LUT3                        : 68
#      LUT4                        : 45
#      LUT5                        : 210
#      LUT6                        : 173
#      MUXCY                       : 15
#      VCC                         : 1
#      XORCY                       : 16
# FlipFlops/Latches                : 936
#      FD                          : 64
#      FDCE                        : 1
#      FDE                         : 776
#      FDR                         : 2
#      FDRE                        : 92
#      FDSE                        : 1
# Shift Registers                  : 264
#      SRLC16E                     : 263
#      SRLC32E                     : 1
# Others                           : 4
#      TIMESPEC                    : 1
#      xilinx_fadd                 : 1
#      xilinx_fdiv                 : 1
#      xilinx_fmul                 : 1
=========================================================================

Device utilization summary:
---------------------------

Selected Device : 5vlx330ff1760-2 


Slice Logic Utilization: 
 Number of Slice Registers:             936  out of  207360     0%  
 Number of Slice LUTs:                  799  out of  207360     0%  
    Number used as Logic:               535  out of  207360     0%  
    Number used as Memory:              264  out of  54720     0%  
       Number used as SRL:              264

Slice Logic Distribution: 
 Number of LUT Flip Flop pairs used:   1008
   Number with an unused Flip Flop:      72  out of   1008     7%  
   Number with an unused LUT:           209  out of   1008    20%  
   Number of fully used LUT-FF pairs:   727  out of   1008    72%  
   Number of unique control sets:        22

IO Utilization: 
 Number of IOs:                          69
 Number of bonded IOBs:                   0  out of   1200     0%  

Specific Feature Utilization:

---------------------------
Partition Resource Summary:
---------------------------

  No Partitions were found in this design.

---------------------------


=========================================================================
TIMING REPORT

NOTE: THESE TIMING NUMBERS ARE ONLY A SYNTHESIS ESTIMATE.
      FOR ACCURATE TIMING INFORMATION PLEASE REFER TO THE TRACE REPORT
      GENERATED AFTER PLACE-and-ROUTE.

Clock Information:
------------------
-----------------------------------+------------------------+-------+
Clock Signal                       | Clock buffer(FF name)  | Load  |
-----------------------------------+------------------------+-------+
clk                                | NONE(p1_in_r_0)        | 1200  |
-----------------------------------+------------------------+-------+
INFO:Xst:2169 - HDL ADVISOR - Some clock signals were not automatically buffered by XST with BUFG/BUFR resources. Please use the buffer_type constraint in order to insert these buffers to the clock signals to help prevent skew problems.

Asynchronous Control Signals Information:
----------------------------------------
-----------------------------------+------------------------+-------+
Control Signal                     | Buffer(FF name)        | Load  |
-----------------------------------+------------------------+-------+
rst                                | NONE                   | 1     |
-----------------------------------+------------------------+-------+

Timing Summary:
---------------
Speed Grade: -2

   Minimum period: 2.430ns (Maximum Frequency: 411.548MHz)
   Minimum input arrival time before clock: 1.714ns
   Maximum output required time after clock: 0.396ns
   Maximum combinational path delay: 0.636ns

=========================================================================
Timing constraint: TS_clk = PERIOD TIMEGRP "clk" 2.857 nS HIGH 1.429 nS
  Clock period: 2.430ns (frequency: 411.548MHz)
  Total number of paths / destination ports: 4674 / 1851
  Number of failed paths / ports: 0 (0.00%) / 0 (0.00%)
-------------------------------------------------------------------------
Slack:                  0.427ns
  Source:               clP0_cnt_12 (FF)
  Destination:          clP0_cnt_1 (FF)
  Data Path Delay:      2.430ns (Levels of Logic = 2)
  Source Clock:         clk rising at 0.000ns
  Destination Clock:    clk rising at 2.857ns

  Data Path: clP0_cnt_12 (FF) to clP0_cnt_1 (FF)
                                Gate     Net
    Cell:in->out      fanout   Delay   Delay  Logical Name (Net Name)
    ----------------------------------------  ------------
     FDRE:C->Q             2   0.396   0.905  clP0_cnt_12 (clP0_cnt_12)
     LUT6:I0->O            3   0.086   0.421  ordbur_fdiv1_res_rdy70 (ordbur_fdiv1_res_rdy70)
     LUT6:I5->O           15   0.086   0.351  clP0_cnt_and00001 (clP0_cnt_and0000)
     FDRE:CE                   0.185          clP0_cnt_1
    ----------------------------------------
    Total                      2.430ns (0.753ns logic, 1.677ns route)
                                       (31.0% logic, 69.0% route)

=========================================================================


Total REAL time to Xst completion: 26.00 secs
Total CPU time to Xst completion: 24.82 secs
 
--> 


Total memory usage is 477044 kilobytes

Number of errors   :    0 (   0 filtered)
Number of warnings :   44 (   0 filtered)
Number of infos    :   10 (   0 filtered)

