Release 13.2 - xst O.61xd (lin64)
Copyright (c) 1995-2011 Xilinx, Inc.  All rights reserved.
--> 
--> 
Parameter TMPDIR set to ./projnav.tmp


Total REAL time to Xst completion: 0.00 secs
Total CPU time to Xst completion: 0.08 secs
 
--> 
Parameter xsthdpdir set to .


Total REAL time to Xst completion: 0.00 secs
Total CPU time to Xst completion: 0.08 secs
 
--> 

Reading constraint file ../../constraints.xcf.
XCF parsing done.

TABLE OF CONTENTS
  1) Synthesis Options Summary
  2) HDL Compilation
  3) Design Hierarchy Analysis
  4) HDL Analysis
  5) HDL Synthesis
     5.1) HDL Synthesis Report
  6) Advanced HDL Synthesis
     6.1) Advanced HDL Synthesis Report
  7) Low Level Synthesis
  8) Partition Report
  9) Final Report
	9.1) Device utilization summary
	9.2) Partition Resource Summary
	9.3) TIMING REPORT


=========================================================================
*                      Synthesis Options Summary                        *
=========================================================================
---- Source Parameters
Input File Name                    : "../../xst.prj"
Input Format                       : mixed
Synthesis Constraint File          : ../../constraints.xcf
Ignore Synthesis Constraint File   : NO

---- Target Parameters
Output File Name                   : "ppbr"
Output Format                      : NGC
Target Device                      : xc5vlx330-ff1760-2

---- Source Options
Top Module Name                    : ppbr
Use DSP Block                      : auto
Automatic FSM Extraction           : YES
FSM Encoding Algorithm             : Auto
Safe Implementation                : No
FSM Style                          : lut
RAM Extraction                     : Yes
RAM Style                          : Auto
ROM Extraction                     : Yes
Shift Register Extraction          : YES
ROM Style                          : Auto
Resource Sharing                   : YES
Automatic Register Balancing       : No

---- Target Options
Add IO Buffers                     : NO
Add Generic Clock Buffer(BUFG)     : 32
Register Duplication               : Yes
Optimize Instantiated Primitives   : NO
Use Clock Enable                   : Auto
Use Synchronous Set                : Auto
Use Synchronous Reset              : Auto
Pack IO Registers into IOBs        : false
Equivalent register Removal        : YES

---- General Options
Optimization Goal                  : Speed
Optimization Effort                : 1
Keep Hierarchy                     : NO
RTL Output                         : Yes
Global Optimization                : AllClockNets
Read Cores                         : OPTIMIZE
Write Timing Constraints           : NO
Cross Clock Analysis               : NO
Hierarchy Separator                : /
Bus Delimiter                      : <>
Case Specifier                     : maintain
Slice Utilization Ratio            : 100
DSP48 Utilization Ratio            : 100
Slice Utilization Ratio Delta      : 5

=========================================================================


=========================================================================
*                          HDL Compilation                              *
=========================================================================
Compiling verilog file "../../../../../Modelsim/ppbr/ASAP1_ppbr/ASAP1_ppbr_HDL.v" in library work
Compiling verilog file "../../../../../vlib/Register.v" in library work
Module <ppbr> compiled
Module <Register> compiled
Module <RegisterV> compiled
Compiling verilog file "../../../../../vlib/MUX.v" in library work
Module <RegisterC> compiled
Module <MUX2> compiled
Module <MUX3> compiled
Module <MUX4> compiled
Module <MUX4_hot> compiled
Module <MUX5> compiled
Module <MUX6> compiled
Module <MUX7> compiled
Module <MUX8> compiled
Module <MUX9> compiled
Module <MUX10> compiled
Compiling verilog file "../../../../../vlib/ShiftRegister.v" in library work
Module <MUX11> compiled
Module <ShiftRegister> compiled
Module <shift> compiled
Module <ShiftRegCtl> compiled
Compiling verilog file "../../../../../vlib/ShiftCtlRegister.v" in library work
Module <ShiftRegCtl0> compiled
Module <ShiftCtlRegister> compiled
Compiling verilog file "../../../../../vlib/float.v" in library work
Module <shiftCtl> compiled
Module <fadd> compiled
Module <fmul> compiled
Module <fdiv> compiled
No errors in compilation
Analysis of file <"../../xst.prj"> succeeded.
 
Compiling vhdl file "/share/jinz/AutoESL/coregen/vhdl/xilinx_fdiv.vhd" in Library work.
Entity <xilinx_fdiv> compiled.
Entity <xilinx_fdiv> (Architecture <xilinx_fdiv_a>) compiled.
Compiling vhdl file "/share/jinz/AutoESL/coregen/vhdl/xilinx_fmul.vhd" in Library work.
Entity <xilinx_fmul> compiled.
Entity <xilinx_fmul> (Architecture <xilinx_fmul_a>) compiled.
Compiling vhdl file "/share/jinz/AutoESL/coregen/vhdl/xilinx_fadd.vhd" in Library work.
Entity <xilinx_fadd> compiled.
Entity <xilinx_fadd> (Architecture <xilinx_fadd_a>) compiled.

Reading constraint file ../../constraints.xcf.
XCF parsing done.

=========================================================================
*                     Design Hierarchy Analysis                         *
=========================================================================
Analyzing hierarchy for module <ppbr> in library <work> with parameters.
	Delay = "00000000000000000000000001111000"
	TEST_NU = "00000000000000000000000000001000"

Analyzing hierarchy for module <fadd> in library <work>.

Analyzing hierarchy for module <fmul> in library <work>.

Analyzing hierarchy for module <fdiv> in library <work>.

Analyzing hierarchy for module <Register> in library <work> with parameters.
	DataWidth = "00000000000000000000000000100000"

Analyzing hierarchy for module <ShiftRegister> in library <work> with parameters.
	DataWidth = "00000000000000000000000000100000"
	Depth = "00000000000000000000000000000010"

Analyzing hierarchy for module <ShiftRegister> in library <work> with parameters.
	DataWidth = "00000000000000000000000000100000"
	Depth = "00000000000000000000000000000100"

Analyzing hierarchy for module <ShiftRegister> in library <work> with parameters.
	DataWidth = "00000000000000000000000000100000"
	Depth = "00000000000000000000000000000011"

Analyzing hierarchy for module <MUX2> in library <work> with parameters.
	DataWidth = "00000000000000000000000000100000"

Analyzing hierarchy for module <MUX3> in library <work> with parameters.
	DataWidth = "00000000000000000000000000100000"

Analyzing hierarchy for module <ShiftCtlRegister> in library <work> with parameters.
	DataWidth = "00000000000000000000000000000001"
	Depth = "00000000000000000000000001111000"

Analyzing hierarchy for module <shiftCtl> in library <work> with parameters.
	Pattern = "00000000000000000000000000000001"
	n = "00000000000000000000000000001101"

Analyzing hierarchy for module <shift> in library <work> with parameters.
	Pattern = "00000000000000000000000000000000"
	n = "00000000000000000000000000000010"

Analyzing hierarchy for module <shift> in library <work> with parameters.
	Pattern = "00000000000000000000000000000000"
	n = "00000000000000000000000000000100"

Analyzing hierarchy for module <shift> in library <work> with parameters.
	Pattern = "00000000000000000000000000000000"
	n = "00000000000000000000000000000011"

Analyzing hierarchy for module <shiftCtl> in library <work> with parameters.
	Pattern = "00000000000000000000000000000000"
	n = "00000000000000000000000001111000"


=========================================================================
*                            HDL Analysis                               *
=========================================================================
Analyzing top module <ppbr>.
	Delay = 32'sb00000000000000000000000001111000
	TEST_NU = 32'sb00000000000000000000000000001000
Module <ppbr> is correct for synthesis.
 
Analyzing module <fadd> in library <work>.
Module <fadd> is correct for synthesis.
 
Analyzing module <fmul> in library <work>.
Module <fmul> is correct for synthesis.
 
Analyzing module <fdiv> in library <work>.
Module <fdiv> is correct for synthesis.
 
Analyzing module <Register> in library <work>.
	DataWidth = 32'sb00000000000000000000000000100000
Module <Register> is correct for synthesis.
 
Analyzing module <ShiftRegister.1> in library <work>.
	DataWidth = 32'sb00000000000000000000000000100000
	Depth = 32'sb00000000000000000000000000000010
Module <ShiftRegister.1> is correct for synthesis.
 
Analyzing module <shift.1> in library <work>.
	Pattern = 32'sb00000000000000000000000000000000
	n = 32'sb00000000000000000000000000000010
Module <shift.1> is correct for synthesis.
 
Analyzing module <ShiftRegister.2> in library <work>.
	DataWidth = 32'sb00000000000000000000000000100000
	Depth = 32'sb00000000000000000000000000000100
Module <ShiftRegister.2> is correct for synthesis.
 
Analyzing module <shift.2> in library <work>.
	Pattern = 32'sb00000000000000000000000000000000
	n = 32'sb00000000000000000000000000000100
Module <shift.2> is correct for synthesis.
 
Analyzing module <ShiftRegister.3> in library <work>.
	DataWidth = 32'sb00000000000000000000000000100000
	Depth = 32'sb00000000000000000000000000000011
Module <ShiftRegister.3> is correct for synthesis.
 
Analyzing module <shift.3> in library <work>.
	Pattern = 32'sb00000000000000000000000000000000
	n = 32'sb00000000000000000000000000000011
Module <shift.3> is correct for synthesis.
 
Analyzing module <MUX2> in library <work>.
	DataWidth = 32'sb00000000000000000000000000100000
Module <MUX2> is correct for synthesis.
 
Analyzing module <MUX3> in library <work>.
	DataWidth = 32'sb00000000000000000000000000100000
"../../../../../vlib/MUX.v" line 68: Found Parallel Case directive in module <MUX3>.
Module <MUX3> is correct for synthesis.
 
Analyzing module <ShiftCtlRegister> in library <work>.
	DataWidth = 32'sb00000000000000000000000000000001
	Depth = 32'sb00000000000000000000000001111000
Module <ShiftCtlRegister> is correct for synthesis.
 
Analyzing module <shiftCtl.2> in library <work>.
	Pattern = 32'sb00000000000000000000000000000000
	n = 32'sb00000000000000000000000001111000
Module <shiftCtl.2> is correct for synthesis.
 
Analyzing module <shiftCtl.1> in library <work>.
	Pattern = 32'sb00000000000000000000000000000001
	n = 32'sb00000000000000000000000000001101
Module <shiftCtl.1> is correct for synthesis.
 

=========================================================================
*                           HDL Synthesis                               *
=========================================================================

Performing bidirectional port resolution...

Synthesizing Unit <Register>.
    Related source file is "../../../../../vlib/Register.v".
WARNING:Xst:647 - Input <rst> is never used. This port will be preserved and left unconnected if it belongs to a top-level block or it belongs to a sub-block and the hierarchy of this sub-block is preserved.
    Found 32-bit register for signal <register>.
    Summary:
	inferred  32 D-type flip-flop(s).
Unit <Register> synthesized.


Synthesizing Unit <MUX2>.
    Related source file is "../../../../../vlib/MUX.v".
Unit <MUX2> synthesized.


Synthesizing Unit <MUX3>.
    Related source file is "../../../../../vlib/MUX.v".
Unit <MUX3> synthesized.


Synthesizing Unit <shiftCtl_1>.
    Related source file is "../../../../../vlib/ShiftCtlRegister.v".
    Found 13-bit register for signal <state>.
    Summary:
	inferred  13 D-type flip-flop(s).
Unit <shiftCtl_1> synthesized.


Synthesizing Unit <shift_1>.
    Related source file is "../../../../../vlib/ShiftRegister.v".
    Found 2-bit register for signal <state>.
    Summary:
	inferred   2 D-type flip-flop(s).
Unit <shift_1> synthesized.


Synthesizing Unit <shift_2>.
    Related source file is "../../../../../vlib/ShiftRegister.v".
    Found 4-bit register for signal <state>.
    Summary:
	inferred   4 D-type flip-flop(s).
Unit <shift_2> synthesized.


Synthesizing Unit <shift_3>.
    Related source file is "../../../../../vlib/ShiftRegister.v".
    Found 3-bit register for signal <state>.
    Summary:
	inferred   3 D-type flip-flop(s).
Unit <shift_3> synthesized.


Synthesizing Unit <shiftCtl_2>.
    Related source file is "../../../../../vlib/ShiftCtlRegister.v".
    Found 120-bit register for signal <state>.
    Summary:
	inferred 120 D-type flip-flop(s).
Unit <shiftCtl_2> synthesized.


Synthesizing Unit <fadd>.
    Related source file is "../../../../../vlib/float.v".
Unit <fadd> synthesized.


Synthesizing Unit <fmul>.
    Related source file is "../../../../../vlib/float.v".
Unit <fmul> synthesized.


Synthesizing Unit <fdiv>.
    Related source file is "../../../../../vlib/float.v".
    Found 32-bit register for signal <result>.
    Found 1-bit register for signal <done>.
    Summary:
	inferred  33 D-type flip-flop(s).
Unit <fdiv> synthesized.


Synthesizing Unit <ShiftRegister_1>.
    Related source file is "../../../../../vlib/ShiftRegister.v".
WARNING:Xst:646 - Signal <DBG> is assigned but never used. This unconnected signal will be trimmed during the optimization process.
Unit <ShiftRegister_1> synthesized.


Synthesizing Unit <ShiftRegister_2>.
    Related source file is "../../../../../vlib/ShiftRegister.v".
WARNING:Xst:646 - Signal <DBG> is assigned but never used. This unconnected signal will be trimmed during the optimization process.
Unit <ShiftRegister_2> synthesized.


Synthesizing Unit <ShiftRegister_3>.
    Related source file is "../../../../../vlib/ShiftRegister.v".
WARNING:Xst:646 - Signal <DBG> is assigned but never used. This unconnected signal will be trimmed during the optimization process.
Unit <ShiftRegister_3> synthesized.


Synthesizing Unit <ShiftCtlRegister>.
    Related source file is "../../../../../vlib/ShiftCtlRegister.v".
WARNING:Xst:646 - Signal <DBG> is assigned but never used. This unconnected signal will be trimmed during the optimization process.
Unit <ShiftCtlRegister> synthesized.


Synthesizing Unit <ppbr>.
    Related source file is "../../../../../Modelsim/ppbr/ASAP1_ppbr/ASAP1_ppbr_HDL.v".
WARNING:Xst:646 - Signal <state_out> is assigned but never used. This unconnected signal will be trimmed during the optimization process.
WARNING:Xst:646 - Signal <state_in<12:1>> is assigned but never used. This unconnected signal will be trimmed during the optimization process.
WARNING:Xst:646 - Signal <state<118:90>> is assigned but never used. This unconnected signal will be trimmed during the optimization process.
WARNING:Xst:646 - Signal <state<87:77>> is assigned but never used. This unconnected signal will be trimmed during the optimization process.
WARNING:Xst:646 - Signal <state<74>> is assigned but never used. This unconnected signal will be trimmed during the optimization process.
WARNING:Xst:646 - Signal <state<72:69>> is assigned but never used. This unconnected signal will be trimmed during the optimization process.
WARNING:Xst:646 - Signal <state<66:65>> is assigned but never used. This unconnected signal will be trimmed during the optimization process.
WARNING:Xst:646 - Signal <state<63:62>> is assigned but never used. This unconnected signal will be trimmed during the optimization process.
WARNING:Xst:646 - Signal <state<59:58>> is assigned but never used. This unconnected signal will be trimmed during the optimization process.
WARNING:Xst:646 - Signal <state<56>> is assigned but never used. This unconnected signal will be trimmed during the optimization process.
WARNING:Xst:646 - Signal <state<52:49>> is assigned but never used. This unconnected signal will be trimmed during the optimization process.
WARNING:Xst:646 - Signal <state<45:44>> is assigned but never used. This unconnected signal will be trimmed during the optimization process.
WARNING:Xst:646 - Signal <state<41:37>> is assigned but never used. This unconnected signal will be trimmed during the optimization process.
WARNING:Xst:646 - Signal <state<33>> is assigned but never used. This unconnected signal will be trimmed during the optimization process.
WARNING:Xst:646 - Signal <state<30:28>> is assigned but never used. This unconnected signal will be trimmed during the optimization process.
WARNING:Xst:646 - Signal <state<26:21>> is assigned but never used. This unconnected signal will be trimmed during the optimization process.
WARNING:Xst:646 - Signal <state<15:14>> is assigned but never used. This unconnected signal will be trimmed during the optimization process.
WARNING:Xst:646 - Signal <sr7_out> is assigned but never used. This unconnected signal will be trimmed during the optimization process.
WARNING:Xst:646 - Signal <sr3_out> is assigned but never used. This unconnected signal will be trimmed during the optimization process.
WARNING:Xst:646 - Signal <r8_wout> is assigned but never used. This unconnected signal will be trimmed during the optimization process.
WARNING:Xst:646 - Signal <r7_wout<95:32>> is assigned but never used. This unconnected signal will be trimmed during the optimization process.
WARNING:Xst:646 - Signal <r18_out> is assigned but never used. This unconnected signal will be trimmed during the optimization process.
WARNING:Xst:646 - Signal <r16_wout> is assigned but never used. This unconnected signal will be trimmed during the optimization process.
WARNING:Xst:646 - Signal <r14_wout> is assigned but never used. This unconnected signal will be trimmed during the optimization process.
WARNING:Xst:646 - Signal <r13_wout> is assigned but never used. This unconnected signal will be trimmed during the optimization process.
WARNING:Xst:646 - Signal <r12_wout> is assigned but never used. This unconnected signal will be trimmed during the optimization process.
WARNING:Xst:646 - Signal <r11_wout> is assigned but never used. This unconnected signal will be trimmed during the optimization process.
WARNING:Xst:646 - Signal <r10_wout> is assigned but never used. This unconnected signal will be trimmed during the optimization process.
WARNING:Xst:646 - Signal <fmul1_rdy> is assigned but never used. This unconnected signal will be trimmed during the optimization process.
WARNING:Xst:1780 - Signal <fmul1_go> is never used or assigned. This unconnected signal will be trimmed during the optimization process.
WARNING:Xst:646 - Signal <fdiv1_rdy> is assigned but never used. This unconnected signal will be trimmed during the optimization process.
WARNING:Xst:1780 - Signal <fdiv1_go> is never used or assigned. This unconnected signal will be trimmed during the optimization process.
WARNING:Xst:646 - Signal <fadd1_rdy> is assigned but never used. This unconnected signal will be trimmed during the optimization process.
WARNING:Xst:1780 - Signal <fadd1_go> is never used or assigned. This unconnected signal will be trimmed during the optimization process.
    Found 32-bit register for signal <ppbr_fdiv1_out>.
    Found 1-bit register for signal <ppbr_fdiv1_out_rdy<0>>.
    Found 16-bit up counter for signal <clP0_cnt>.
    Found 32-bit register for signal <p1_in_r>.
    Found 16-bit comparator less for signal <ppbr_fdiv1_res_rdy$cmp_lt0000> created at line 423.
    Found 1-bit register for signal <run>.
    Summary:
	inferred   1 Counter(s).
	inferred  66 D-type flip-flop(s).
	inferred   1 Comparator(s).
Unit <ppbr> synthesized.

WARNING:Xst:524 - All outputs of the instance <r18> of the block <Register> are unconnected in block <ppbr>.
   This instance will be removed from the design along with all underlying logic

=========================================================================
HDL Synthesis Report

Macro Statistics
# Counters                                             : 1
 16-bit up counter                                     : 1
# Registers                                            : 310
 1-bit register                                        : 3
 120-bit register                                      : 1
 13-bit register                                       : 1
 2-bit register                                        : 128
 3-bit register                                        : 128
 32-bit register                                       : 17
 4-bit register                                        : 32
# Comparators                                          : 1
 16-bit comparator less                                : 1

=========================================================================

=========================================================================
*                       Advanced HDL Synthesis                          *
=========================================================================


=========================================================================
Advanced HDL Synthesis Report

Macro Statistics
# Counters                                             : 1
 16-bit up counter                                     : 1
# Registers                                            : 1448
 Flip-Flops                                            : 1448
# Comparators                                          : 1
 16-bit comparator less                                : 1

=========================================================================

=========================================================================
*                         Low Level Synthesis                           *
=========================================================================

Optimizing unit <ppbr> ...

Optimizing unit <Register> ...

Optimizing unit <shiftCtl_1> ...

Optimizing unit <shiftCtl_2> ...

Optimizing unit <fdiv> ...

Optimizing unit <ShiftRegister_1> ...

Optimizing unit <ShiftRegister_2> ...

Optimizing unit <ShiftRegister_3> ...
WARNING:Xst:2677 - Node <fdiv1/done> of sequential type is unconnected in block <ppbr>.

Mapping all equations...
Annotating constraints using XCF file '../../constraints.xcf'
XCF parsing done.
WARNING:Xst:2173 - Found black boxes on which forward tracing can not be performed on edge 'clk':
 fadd1/xilinx_fadd_i fmul1/xilinx_fmul_i fdiv1/xilinx_fdiv_i
WARNING:Xst:2174 - These might be cores which have not been read
Building and optimizing final netlist ...
INFO:Xst:2261 - The FF/Latch <shift_i/state_1> in Unit <ppbr> is equivalent to the following FF/Latch, which will be removed : <FSM/SR[0].shiftCtl_i/state_0> 
INFO:Xst:2261 - The FF/Latch <shift_i/state_2> in Unit <ppbr> is equivalent to the following FF/Latch, which will be removed : <FSM/SR[0].shiftCtl_i/state_1> 
INFO:Xst:2261 - The FF/Latch <shift_i/state_3> in Unit <ppbr> is equivalent to the following FF/Latch, which will be removed : <FSM/SR[0].shiftCtl_i/state_2> 
INFO:Xst:2261 - The FF/Latch <shift_i/state_4> in Unit <ppbr> is equivalent to the following FF/Latch, which will be removed : <FSM/SR[0].shiftCtl_i/state_3> 
INFO:Xst:2261 - The FF/Latch <shift_i/state_5> in Unit <ppbr> is equivalent to the following FF/Latch, which will be removed : <FSM/SR[0].shiftCtl_i/state_4> 
INFO:Xst:2261 - The FF/Latch <shift_i/state_6> in Unit <ppbr> is equivalent to the following FF/Latch, which will be removed : <FSM/SR[0].shiftCtl_i/state_5> 
INFO:Xst:2261 - The FF/Latch <shift_i/state_7> in Unit <ppbr> is equivalent to the following FF/Latch, which will be removed : <FSM/SR[0].shiftCtl_i/state_6> 
INFO:Xst:2261 - The FF/Latch <shift_i/state_8> in Unit <ppbr> is equivalent to the following FF/Latch, which will be removed : <FSM/SR[0].shiftCtl_i/state_7> 
INFO:Xst:2261 - The FF/Latch <shift_i/state_9> in Unit <ppbr> is equivalent to the following FF/Latch, which will be removed : <FSM/SR[0].shiftCtl_i/state_8> 
INFO:Xst:2261 - The FF/Latch <shift_i/state_10> in Unit <ppbr> is equivalent to the following FF/Latch, which will be removed : <FSM/SR[0].shiftCtl_i/state_9> 
INFO:Xst:2261 - The FF/Latch <shift_i/state_11> in Unit <ppbr> is equivalent to the following FF/Latch, which will be removed : <FSM/SR[0].shiftCtl_i/state_10> 
INFO:Xst:2261 - The FF/Latch <shift_i/state_12> in Unit <ppbr> is equivalent to the following FF/Latch, which will be removed : <FSM/SR[0].shiftCtl_i/state_11> 
Found area constraint ratio of 100 (+ 5) on block ppbr, actual ratio is 0.

Final Macro Processing ...

Processing Unit <ppbr> :
	Found 30-bit shift register for signal <FSM/SR[0].shiftCtl_i/state_119>.
	Found 12-bit shift register for signal <FSM/SR[0].shiftCtl_i/state_88>.
	Found 5-bit shift register for signal <FSM/SR[0].shiftCtl_i/state_73>.
	Found 5-bit shift register for signal <FSM/SR[0].shiftCtl_i/state_53>.
	Found 6-bit shift register for signal <FSM/SR[0].shiftCtl_i/state_42>.
	Found 4-bit shift register for signal <FSM/SR[0].shiftCtl_i/state_31>.
	Found 7-bit shift register for signal <FSM/SR[0].shiftCtl_i/state_27>.
	Found 2-bit shift register for signal <r16/SR[0].shift_i/state_1>.
	Found 2-bit shift register for signal <r16/SR[1].shift_i/state_1>.
	Found 2-bit shift register for signal <r16/SR[2].shift_i/state_1>.
	Found 2-bit shift register for signal <r16/SR[3].shift_i/state_1>.
	Found 2-bit shift register for signal <r16/SR[4].shift_i/state_1>.
	Found 2-bit shift register for signal <r16/SR[5].shift_i/state_1>.
	Found 2-bit shift register for signal <r16/SR[6].shift_i/state_1>.
	Found 2-bit shift register for signal <r16/SR[7].shift_i/state_1>.
	Found 2-bit shift register for signal <r16/SR[8].shift_i/state_1>.
	Found 2-bit shift register for signal <r16/SR[9].shift_i/state_1>.
	Found 2-bit shift register for signal <r16/SR[10].shift_i/state_1>.
	Found 2-bit shift register for signal <r16/SR[11].shift_i/state_1>.
	Found 2-bit shift register for signal <r16/SR[12].shift_i/state_1>.
	Found 2-bit shift register for signal <r16/SR[13].shift_i/state_1>.
	Found 2-bit shift register for signal <r16/SR[14].shift_i/state_1>.
	Found 2-bit shift register for signal <r16/SR[15].shift_i/state_1>.
	Found 2-bit shift register for signal <r16/SR[16].shift_i/state_1>.
	Found 2-bit shift register for signal <r16/SR[17].shift_i/state_1>.
	Found 2-bit shift register for signal <r16/SR[18].shift_i/state_1>.
	Found 2-bit shift register for signal <r16/SR[19].shift_i/state_1>.
	Found 2-bit shift register for signal <r16/SR[20].shift_i/state_1>.
	Found 2-bit shift register for signal <r16/SR[21].shift_i/state_1>.
	Found 2-bit shift register for signal <r16/SR[22].shift_i/state_1>.
	Found 2-bit shift register for signal <r16/SR[23].shift_i/state_1>.
	Found 2-bit shift register for signal <r16/SR[24].shift_i/state_1>.
	Found 2-bit shift register for signal <r16/SR[25].shift_i/state_1>.
	Found 2-bit shift register for signal <r16/SR[26].shift_i/state_1>.
	Found 2-bit shift register for signal <r16/SR[27].shift_i/state_1>.
	Found 2-bit shift register for signal <r16/SR[28].shift_i/state_1>.
	Found 2-bit shift register for signal <r16/SR[29].shift_i/state_1>.
	Found 2-bit shift register for signal <r16/SR[30].shift_i/state_1>.
	Found 2-bit shift register for signal <r16/SR[31].shift_i/state_1>.
	Found 2-bit shift register for signal <r14/SR[0].shift_i/state_1>.
	Found 2-bit shift register for signal <r14/SR[1].shift_i/state_1>.
	Found 2-bit shift register for signal <r14/SR[2].shift_i/state_1>.
	Found 2-bit shift register for signal <r14/SR[3].shift_i/state_1>.
	Found 2-bit shift register for signal <r14/SR[4].shift_i/state_1>.
	Found 2-bit shift register for signal <r14/SR[5].shift_i/state_1>.
	Found 2-bit shift register for signal <r14/SR[6].shift_i/state_1>.
	Found 2-bit shift register for signal <r14/SR[7].shift_i/state_1>.
	Found 2-bit shift register for signal <r14/SR[8].shift_i/state_1>.
	Found 2-bit shift register for signal <r14/SR[9].shift_i/state_1>.
	Found 2-bit shift register for signal <r14/SR[10].shift_i/state_1>.
	Found 2-bit shift register for signal <r14/SR[11].shift_i/state_1>.
	Found 2-bit shift register for signal <r14/SR[12].shift_i/state_1>.
	Found 2-bit shift register for signal <r14/SR[13].shift_i/state_1>.
	Found 2-bit shift register for signal <r14/SR[14].shift_i/state_1>.
	Found 2-bit shift register for signal <r14/SR[15].shift_i/state_1>.
	Found 2-bit shift register for signal <r14/SR[16].shift_i/state_1>.
	Found 2-bit shift register for signal <r14/SR[17].shift_i/state_1>.
	Found 2-bit shift register for signal <r14/SR[18].shift_i/state_1>.
	Found 2-bit shift register for signal <r14/SR[19].shift_i/state_1>.
	Found 2-bit shift register for signal <r14/SR[20].shift_i/state_1>.
	Found 2-bit shift register for signal <r14/SR[21].shift_i/state_1>.
	Found 2-bit shift register for signal <r14/SR[22].shift_i/state_1>.
	Found 2-bit shift register for signal <r14/SR[23].shift_i/state_1>.
	Found 2-bit shift register for signal <r14/SR[24].shift_i/state_1>.
	Found 2-bit shift register for signal <r14/SR[25].shift_i/state_1>.
	Found 2-bit shift register for signal <r14/SR[26].shift_i/state_1>.
	Found 2-bit shift register for signal <r14/SR[27].shift_i/state_1>.
	Found 2-bit shift register for signal <r14/SR[28].shift_i/state_1>.
	Found 2-bit shift register for signal <r14/SR[29].shift_i/state_1>.
	Found 2-bit shift register for signal <r14/SR[30].shift_i/state_1>.
	Found 2-bit shift register for signal <r14/SR[31].shift_i/state_1>.
	Found 2-bit shift register for signal <r11/SR[0].shift_i/state_1>.
	Found 2-bit shift register for signal <r11/SR[1].shift_i/state_1>.
	Found 2-bit shift register for signal <r11/SR[2].shift_i/state_1>.
	Found 2-bit shift register for signal <r11/SR[3].shift_i/state_1>.
	Found 2-bit shift register for signal <r11/SR[4].shift_i/state_1>.
	Found 2-bit shift register for signal <r11/SR[5].shift_i/state_1>.
	Found 2-bit shift register for signal <r11/SR[6].shift_i/state_1>.
	Found 2-bit shift register for signal <r11/SR[7].shift_i/state_1>.
	Found 2-bit shift register for signal <r11/SR[8].shift_i/state_1>.
	Found 2-bit shift register for signal <r11/SR[9].shift_i/state_1>.
	Found 2-bit shift register for signal <r11/SR[10].shift_i/state_1>.
	Found 2-bit shift register for signal <r11/SR[11].shift_i/state_1>.
	Found 2-bit shift register for signal <r11/SR[12].shift_i/state_1>.
	Found 2-bit shift register for signal <r11/SR[13].shift_i/state_1>.
	Found 2-bit shift register for signal <r11/SR[14].shift_i/state_1>.
	Found 2-bit shift register for signal <r11/SR[15].shift_i/state_1>.
	Found 2-bit shift register for signal <r11/SR[16].shift_i/state_1>.
	Found 2-bit shift register for signal <r11/SR[17].shift_i/state_1>.
	Found 2-bit shift register for signal <r11/SR[18].shift_i/state_1>.
	Found 2-bit shift register for signal <r11/SR[19].shift_i/state_1>.
	Found 2-bit shift register for signal <r11/SR[20].shift_i/state_1>.
	Found 2-bit shift register for signal <r11/SR[21].shift_i/state_1>.
	Found 2-bit shift register for signal <r11/SR[22].shift_i/state_1>.
	Found 2-bit shift register for signal <r11/SR[23].shift_i/state_1>.
	Found 2-bit shift register for signal <r11/SR[24].shift_i/state_1>.
	Found 2-bit shift register for signal <r11/SR[25].shift_i/state_1>.
	Found 2-bit shift register for signal <r11/SR[26].shift_i/state_1>.
	Found 2-bit shift register for signal <r11/SR[27].shift_i/state_1>.
	Found 2-bit shift register for signal <r11/SR[28].shift_i/state_1>.
	Found 2-bit shift register for signal <r11/SR[29].shift_i/state_1>.
	Found 2-bit shift register for signal <r11/SR[30].shift_i/state_1>.
	Found 2-bit shift register for signal <r11/SR[31].shift_i/state_1>.
	Found 3-bit shift register for signal <r7/SR[0].shift_i/state_3>.
	Found 3-bit shift register for signal <r7/SR[1].shift_i/state_3>.
	Found 3-bit shift register for signal <r7/SR[2].shift_i/state_3>.
	Found 3-bit shift register for signal <r7/SR[3].shift_i/state_3>.
	Found 3-bit shift register for signal <r7/SR[4].shift_i/state_3>.
	Found 3-bit shift register for signal <r7/SR[5].shift_i/state_3>.
	Found 3-bit shift register for signal <r7/SR[6].shift_i/state_3>.
	Found 3-bit shift register for signal <r7/SR[7].shift_i/state_3>.
	Found 3-bit shift register for signal <r7/SR[8].shift_i/state_3>.
	Found 3-bit shift register for signal <r7/SR[9].shift_i/state_3>.
	Found 3-bit shift register for signal <r7/SR[10].shift_i/state_3>.
	Found 3-bit shift register for signal <r7/SR[11].shift_i/state_3>.
	Found 3-bit shift register for signal <r7/SR[12].shift_i/state_3>.
	Found 3-bit shift register for signal <r7/SR[13].shift_i/state_3>.
	Found 3-bit shift register for signal <r7/SR[14].shift_i/state_3>.
	Found 3-bit shift register for signal <r7/SR[15].shift_i/state_3>.
	Found 3-bit shift register for signal <r7/SR[16].shift_i/state_3>.
	Found 3-bit shift register for signal <r7/SR[17].shift_i/state_3>.
	Found 3-bit shift register for signal <r7/SR[18].shift_i/state_3>.
	Found 3-bit shift register for signal <r7/SR[19].shift_i/state_3>.
	Found 3-bit shift register for signal <r7/SR[20].shift_i/state_3>.
	Found 3-bit shift register for signal <r7/SR[21].shift_i/state_3>.
	Found 3-bit shift register for signal <r7/SR[22].shift_i/state_3>.
	Found 3-bit shift register for signal <r7/SR[23].shift_i/state_3>.
	Found 3-bit shift register for signal <r7/SR[24].shift_i/state_3>.
	Found 3-bit shift register for signal <r7/SR[25].shift_i/state_3>.
	Found 3-bit shift register for signal <r7/SR[26].shift_i/state_3>.
	Found 3-bit shift register for signal <r7/SR[27].shift_i/state_3>.
	Found 3-bit shift register for signal <r7/SR[28].shift_i/state_3>.
	Found 3-bit shift register for signal <r7/SR[29].shift_i/state_3>.
	Found 3-bit shift register for signal <r7/SR[30].shift_i/state_3>.
	Found 3-bit shift register for signal <r7/SR[31].shift_i/state_3>.
	Found 3-bit shift register for signal <r13/SR[0].shift_i/state_2>.
	Found 3-bit shift register for signal <r13/SR[1].shift_i/state_2>.
	Found 3-bit shift register for signal <r13/SR[2].shift_i/state_2>.
	Found 3-bit shift register for signal <r13/SR[3].shift_i/state_2>.
	Found 3-bit shift register for signal <r13/SR[4].shift_i/state_2>.
	Found 3-bit shift register for signal <r13/SR[5].shift_i/state_2>.
	Found 3-bit shift register for signal <r13/SR[6].shift_i/state_2>.
	Found 3-bit shift register for signal <r13/SR[7].shift_i/state_2>.
	Found 3-bit shift register for signal <r13/SR[8].shift_i/state_2>.
	Found 3-bit shift register for signal <r13/SR[9].shift_i/state_2>.
	Found 3-bit shift register for signal <r13/SR[10].shift_i/state_2>.
	Found 3-bit shift register for signal <r13/SR[11].shift_i/state_2>.
	Found 3-bit shift register for signal <r13/SR[12].shift_i/state_2>.
	Found 3-bit shift register for signal <r13/SR[13].shift_i/state_2>.
	Found 3-bit shift register for signal <r13/SR[14].shift_i/state_2>.
	Found 3-bit shift register for signal <r13/SR[15].shift_i/state_2>.
	Found 3-bit shift register for signal <r13/SR[16].shift_i/state_2>.
	Found 3-bit shift register for signal <r13/SR[17].shift_i/state_2>.
	Found 3-bit shift register for signal <r13/SR[18].shift_i/state_2>.
	Found 3-bit shift register for signal <r13/SR[19].shift_i/state_2>.
	Found 3-bit shift register for signal <r13/SR[20].shift_i/state_2>.
	Found 3-bit shift register for signal <r13/SR[21].shift_i/state_2>.
	Found 3-bit shift register for signal <r13/SR[22].shift_i/state_2>.
	Found 3-bit shift register for signal <r13/SR[23].shift_i/state_2>.
	Found 3-bit shift register for signal <r13/SR[24].shift_i/state_2>.
	Found 3-bit shift register for signal <r13/SR[25].shift_i/state_2>.
	Found 3-bit shift register for signal <r13/SR[26].shift_i/state_2>.
	Found 3-bit shift register for signal <r13/SR[27].shift_i/state_2>.
	Found 3-bit shift register for signal <r13/SR[28].shift_i/state_2>.
	Found 3-bit shift register for signal <r13/SR[29].shift_i/state_2>.
	Found 3-bit shift register for signal <r13/SR[30].shift_i/state_2>.
	Found 3-bit shift register for signal <r13/SR[31].shift_i/state_2>.
	Found 3-bit shift register for signal <r12/SR[0].shift_i/state_2>.
	Found 3-bit shift register for signal <r12/SR[1].shift_i/state_2>.
	Found 3-bit shift register for signal <r12/SR[2].shift_i/state_2>.
	Found 3-bit shift register for signal <r12/SR[3].shift_i/state_2>.
	Found 3-bit shift register for signal <r12/SR[4].shift_i/state_2>.
	Found 3-bit shift register for signal <r12/SR[5].shift_i/state_2>.
	Found 3-bit shift register for signal <r12/SR[6].shift_i/state_2>.
	Found 3-bit shift register for signal <r12/SR[7].shift_i/state_2>.
	Found 3-bit shift register for signal <r12/SR[8].shift_i/state_2>.
	Found 3-bit shift register for signal <r12/SR[9].shift_i/state_2>.
	Found 3-bit shift register for signal <r12/SR[10].shift_i/state_2>.
	Found 3-bit shift register for signal <r12/SR[11].shift_i/state_2>.
	Found 3-bit shift register for signal <r12/SR[12].shift_i/state_2>.
	Found 3-bit shift register for signal <r12/SR[13].shift_i/state_2>.
	Found 3-bit shift register for signal <r12/SR[14].shift_i/state_2>.
	Found 3-bit shift register for signal <r12/SR[15].shift_i/state_2>.
	Found 3-bit shift register for signal <r12/SR[16].shift_i/state_2>.
	Found 3-bit shift register for signal <r12/SR[17].shift_i/state_2>.
	Found 3-bit shift register for signal <r12/SR[18].shift_i/state_2>.
	Found 3-bit shift register for signal <r12/SR[19].shift_i/state_2>.
	Found 3-bit shift register for signal <r12/SR[20].shift_i/state_2>.
	Found 3-bit shift register for signal <r12/SR[21].shift_i/state_2>.
	Found 3-bit shift register for signal <r12/SR[22].shift_i/state_2>.
	Found 3-bit shift register for signal <r12/SR[23].shift_i/state_2>.
	Found 3-bit shift register for signal <r12/SR[24].shift_i/state_2>.
	Found 3-bit shift register for signal <r12/SR[25].shift_i/state_2>.
	Found 3-bit shift register for signal <r12/SR[26].shift_i/state_2>.
	Found 3-bit shift register for signal <r12/SR[27].shift_i/state_2>.
	Found 3-bit shift register for signal <r12/SR[28].shift_i/state_2>.
	Found 3-bit shift register for signal <r12/SR[29].shift_i/state_2>.
	Found 3-bit shift register for signal <r12/SR[30].shift_i/state_2>.
	Found 3-bit shift register for signal <r12/SR[31].shift_i/state_2>.
	Found 3-bit shift register for signal <r10/SR[0].shift_i/state_2>.
	Found 3-bit shift register for signal <r10/SR[1].shift_i/state_2>.
	Found 3-bit shift register for signal <r10/SR[2].shift_i/state_2>.
	Found 3-bit shift register for signal <r10/SR[3].shift_i/state_2>.
	Found 3-bit shift register for signal <r10/SR[4].shift_i/state_2>.
	Found 3-bit shift register for signal <r10/SR[5].shift_i/state_2>.
	Found 3-bit shift register for signal <r10/SR[6].shift_i/state_2>.
	Found 3-bit shift register for signal <r10/SR[7].shift_i/state_2>.
	Found 3-bit shift register for signal <r10/SR[8].shift_i/state_2>.
	Found 3-bit shift register for signal <r10/SR[9].shift_i/state_2>.
	Found 3-bit shift register for signal <r10/SR[10].shift_i/state_2>.
	Found 3-bit shift register for signal <r10/SR[11].shift_i/state_2>.
	Found 3-bit shift register for signal <r10/SR[12].shift_i/state_2>.
	Found 3-bit shift register for signal <r10/SR[13].shift_i/state_2>.
	Found 3-bit shift register for signal <r10/SR[14].shift_i/state_2>.
	Found 3-bit shift register for signal <r10/SR[15].shift_i/state_2>.
	Found 3-bit shift register for signal <r10/SR[16].shift_i/state_2>.
	Found 3-bit shift register for signal <r10/SR[17].shift_i/state_2>.
	Found 3-bit shift register for signal <r10/SR[18].shift_i/state_2>.
	Found 3-bit shift register for signal <r10/SR[19].shift_i/state_2>.
	Found 3-bit shift register for signal <r10/SR[20].shift_i/state_2>.
	Found 3-bit shift register for signal <r10/SR[21].shift_i/state_2>.
	Found 3-bit shift register for signal <r10/SR[22].shift_i/state_2>.
	Found 3-bit shift register for signal <r10/SR[23].shift_i/state_2>.
	Found 3-bit shift register for signal <r10/SR[24].shift_i/state_2>.
	Found 3-bit shift register for signal <r10/SR[25].shift_i/state_2>.
	Found 3-bit shift register for signal <r10/SR[26].shift_i/state_2>.
	Found 3-bit shift register for signal <r10/SR[27].shift_i/state_2>.
	Found 3-bit shift register for signal <r10/SR[28].shift_i/state_2>.
	Found 3-bit shift register for signal <r10/SR[29].shift_i/state_2>.
	Found 3-bit shift register for signal <r10/SR[30].shift_i/state_2>.
	Found 3-bit shift register for signal <r10/SR[31].shift_i/state_2>.
	Found 3-bit shift register for signal <r8/SR[0].shift_i/state_2>.
	Found 3-bit shift register for signal <r8/SR[1].shift_i/state_2>.
	Found 3-bit shift register for signal <r8/SR[2].shift_i/state_2>.
	Found 3-bit shift register for signal <r8/SR[3].shift_i/state_2>.
	Found 3-bit shift register for signal <r8/SR[4].shift_i/state_2>.
	Found 3-bit shift register for signal <r8/SR[5].shift_i/state_2>.
	Found 3-bit shift register for signal <r8/SR[6].shift_i/state_2>.
	Found 3-bit shift register for signal <r8/SR[7].shift_i/state_2>.
	Found 3-bit shift register for signal <r8/SR[8].shift_i/state_2>.
	Found 3-bit shift register for signal <r8/SR[9].shift_i/state_2>.
	Found 3-bit shift register for signal <r8/SR[10].shift_i/state_2>.
	Found 3-bit shift register for signal <r8/SR[11].shift_i/state_2>.
	Found 3-bit shift register for signal <r8/SR[12].shift_i/state_2>.
	Found 3-bit shift register for signal <r8/SR[13].shift_i/state_2>.
	Found 3-bit shift register for signal <r8/SR[14].shift_i/state_2>.
	Found 3-bit shift register for signal <r8/SR[15].shift_i/state_2>.
	Found 3-bit shift register for signal <r8/SR[16].shift_i/state_2>.
	Found 3-bit shift register for signal <r8/SR[17].shift_i/state_2>.
	Found 3-bit shift register for signal <r8/SR[18].shift_i/state_2>.
	Found 3-bit shift register for signal <r8/SR[19].shift_i/state_2>.
	Found 3-bit shift register for signal <r8/SR[20].shift_i/state_2>.
	Found 3-bit shift register for signal <r8/SR[21].shift_i/state_2>.
	Found 3-bit shift register for signal <r8/SR[22].shift_i/state_2>.
	Found 3-bit shift register for signal <r8/SR[23].shift_i/state_2>.
	Found 3-bit shift register for signal <r8/SR[24].shift_i/state_2>.
	Found 3-bit shift register for signal <r8/SR[25].shift_i/state_2>.
	Found 3-bit shift register for signal <r8/SR[26].shift_i/state_2>.
	Found 3-bit shift register for signal <r8/SR[27].shift_i/state_2>.
	Found 3-bit shift register for signal <r8/SR[28].shift_i/state_2>.
	Found 3-bit shift register for signal <r8/SR[29].shift_i/state_2>.
	Found 3-bit shift register for signal <r8/SR[30].shift_i/state_2>.
	Found 3-bit shift register for signal <r8/SR[31].shift_i/state_2>.
Unit <ppbr> processed.

=========================================================================
Final Register Report

Macro Statistics
# Registers                                            : 710
 Flip-Flops                                            : 710
# Shift Registers                                      : 263
 12-bit shift register                                 : 1
 2-bit shift register                                  : 96
 3-bit shift register                                  : 160
 30-bit shift register                                 : 1
 4-bit shift register                                  : 1
 5-bit shift register                                  : 2
 6-bit shift register                                  : 1
 7-bit shift register                                  : 1

=========================================================================

=========================================================================
*                           Partition Report                            *
=========================================================================

Partition Implementation Status
-------------------------------

  No Partitions were found in this design.

-------------------------------

=========================================================================
*                            Final Report                               *
=========================================================================
Final Results
RTL Top Level Output File Name     : ppbr.ngr
Top Level Output File Name         : ppbr
Output Format                      : NGC
Optimization Goal                  : Speed
Keep Hierarchy                     : NO

Design Statistics
# IOs                              : 69

Cell Usage :
# BELS                             : 741
#      GND                         : 1
#      INV                         : 2
#      LUT1                        : 15
#      LUT2                        : 22
#      LUT3                        : 43
#      LUT4                        : 68
#      LUT5                        : 253
#      LUT6                        : 305
#      MUXCY                       : 15
#      VCC                         : 1
#      XORCY                       : 16
# FlipFlops/Latches                : 1009
#      FD                          : 32
#      FDCE                        : 1
#      FDE                         : 871
#      FDR                         : 2
#      FDRE                        : 102
#      FDSE                        : 1
# Shift Registers                  : 263
#      SRLC16E                     : 262
#      SRLC32E                     : 1
# Others                           : 4
#      TIMESPEC                    : 1
#      xilinx_fadd                 : 1
#      xilinx_fdiv                 : 1
#      xilinx_fmul                 : 1
=========================================================================

Device utilization summary:
---------------------------

Selected Device : 5vlx330ff1760-2 


Slice Logic Utilization: 
 Number of Slice Registers:            1009  out of  207360     0%  
 Number of Slice LUTs:                  971  out of  207360     0%  
    Number used as Logic:               708  out of  207360     0%  
    Number used as Memory:              263  out of  54720     0%  
       Number used as SRL:              263

Slice Logic Distribution: 
 Number of LUT Flip Flop pairs used:   1168
   Number with an unused Flip Flop:     159  out of   1168    13%  
   Number with an unused LUT:           197  out of   1168    16%  
   Number of fully used LUT-FF pairs:   812  out of   1168    69%  
   Number of unique control sets:        25

IO Utilization: 
 Number of IOs:                          69
 Number of bonded IOBs:                   0  out of   1200     0%  

Specific Feature Utilization:

---------------------------
Partition Resource Summary:
---------------------------

  No Partitions were found in this design.

---------------------------


=========================================================================
TIMING REPORT

NOTE: THESE TIMING NUMBERS ARE ONLY A SYNTHESIS ESTIMATE.
      FOR ACCURATE TIMING INFORMATION PLEASE REFER TO THE TRACE REPORT
      GENERATED AFTER PLACE-and-ROUTE.

Clock Information:
------------------
-----------------------------------+------------------------+-------+
Clock Signal                       | Clock buffer(FF name)  | Load  |
-----------------------------------+------------------------+-------+
clk                                | NONE(p1_in_r_0)        | 1272  |
-----------------------------------+------------------------+-------+
INFO:Xst:2169 - HDL ADVISOR - Some clock signals were not automatically buffered by XST with BUFG/BUFR resources. Please use the buffer_type constraint in order to insert these buffers to the clock signals to help prevent skew problems.

Asynchronous Control Signals Information:
----------------------------------------
-----------------------------------+------------------------+-------+
Control Signal                     | Buffer(FF name)        | Load  |
-----------------------------------+------------------------+-------+
rst                                | NONE                   | 1     |
-----------------------------------+------------------------+-------+

Timing Summary:
---------------
Speed Grade: -2

   Minimum period: 2.513ns (Maximum Frequency: 397.932MHz)
   Minimum input arrival time before clock: 1.438ns
   Maximum output required time after clock: 0.396ns
   Maximum combinational path delay: 0.636ns

=========================================================================
Timing constraint: TS_clk = PERIOD TIMEGRP "clk" 2.857 nS HIGH 1.429 nS
  Clock period: 2.513ns (frequency: 397.932MHz)
  Total number of paths / destination ports: 6937 / 1931
  Number of failed paths / ports: 0 (0.00%) / 0 (0.00%)
-------------------------------------------------------------------------
Slack:                  0.366ns
  Source:               FSM/SR[0].shiftCtl_i/state_53 (FF)
  Destination:          fmul1_in1_r/register_9 (FF)
  Data Path Delay:      2.513ns (Levels of Logic = 3)
  Source Clock:         clk rising at 0.000ns
  Destination Clock:    clk rising at 2.857ns

  Data Path: FSM/SR[0].shiftCtl_i/state_53 (FF) to fmul1_in1_r/register_9 (FF)
                                Gate     Net
    Cell:in->out      fanout   Delay   Delay  Logical Name (Net Name)
    ----------------------------------------  ------------
     FDRE:C->Q            37   0.396   0.928  FSM/SR[0].shiftCtl_i/state_53 (FSM/SR[0].shiftCtl_i/state_53)
     LUT5:I0->O           32   0.086   0.520  mux17/Z<0>21 (N110)
     LUT6:I5->O            1   0.086   0.412  mux17/Z<9>10 (mux17/Z<9>10)
     LUT6:I5->O            1   0.086   0.000  mux17/Z<9>41 (fmul1_in1_rin<9>)
     FDE:D                    -0.022          fmul1_in1_r/register_9
    ----------------------------------------
    Total                      2.513ns (0.654ns logic, 1.859ns route)
                                       (26.0% logic, 74.0% route)

=========================================================================


Total REAL time to Xst completion: 39.00 secs
Total CPU time to Xst completion: 37.35 secs
 
--> 


Total memory usage is 485492 kilobytes

Number of errors   :    0 (   0 filtered)
Number of warnings :   43 (   0 filtered)
Number of infos    :   13 (   0 filtered)

