Release 13.2 Map O.61xd (lin64)
Xilinx Mapping Report File for Design 'MUX4'

Design Information
------------------
Command Line   : map -intstyle ise -p xc5vlx330-ff1760-2 -w -logic_opt off -ol
high -t 1 -register_duplication off -global_opt off -mt off -cm area -ir off -pr
off -lc off -power off -o MUX4_map.ncd MUX4.ngd MUX4.pcf 
Target Device  : xc5vlx330
Target Package : ff1760
Target Speed   : -2
Mapper Version : virtex5 -- $Revision: 1.55 $
Mapped Date    : Tue Aug 21 23:18:46 2012

Design Summary
--------------
Number of errors:      0
Number of warnings:    0
Slice Logic Utilization:
  Number of Slice LUTs:                         32 out of 207,360    1%
    Number used as logic:                       32 out of 207,360    1%
      Number using O6 output only:              32

Slice Logic Distribution:
  Number of occupied Slices:                    19 out of  51,840    1%
  Number of LUT Flip Flop pairs used:           32
    Number with an unused Flip Flop:            32 out of      32  100%
    Number with an unused LUT:                   0 out of      32    0%
    Number of fully used LUT-FF pairs:           0 out of      32    0%
    Number of slice register sites lost
      to control set restrictions:               0 out of 207,360    0%

  A LUT Flip Flop pair for this architecture represents one LUT paired with
  one Flip Flop within a slice.  A control set is a unique combination of
  clock, reset, set, and enable signals for a registered element.
  The Slice Logic Distribution report is not meaningful if the design is
  over-mapped for a non-slice resource or if Placement fails.
  OVERMAPPING of BRAM resources should be ignored if the design is
  over-mapped for a non-BRAM resource or if placement fails.

IO Utilization:
  Number of bonded IOBs:                       162 out of   1,200   13%

Specific Feature Utilization:

Average Fanout of Non-Clock Nets:                1.38

Peak Memory Usage:  1068 MB
Total REAL time to MAP completion:  28 secs 
Total CPU time to MAP completion:   28 secs 

Table of Contents
-----------------
Section 1 - Errors
Section 2 - Warnings
Section 3 - Informational
Section 4 - Removed Logic Summary
Section 5 - Removed Logic
Section 6 - IOB Properties
Section 7 - RPMs
Section 8 - Guide Report
Section 9 - Area Group and Partition Summary
Section 10 - Timing Report
Section 11 - Configuration String Information
Section 12 - Control Set Information
Section 13 - Utilization by Hierarchy

Section 1 - Errors
------------------

Section 2 - Warnings
--------------------

Section 3 - Informational
-------------------------
INFO:MapLib:562 - No environment variables are currently set.
INFO:LIT:244 - All of the single ended outputs in this design are using slew
   rate limited output drivers. The delay on speed critical single ended outputs
   can be dramatically reduced by designating them as fast outputs.
INFO:Pack:1716 - Initializing temperature to 85.000 Celsius. (default - Range:
   0.000 to 85.000 Celsius)
INFO:Pack:1720 - Initializing voltage to 0.950 Volts. (default - Range: 0.950 to
   1.050 Volts)
INFO:Map:215 - The Interim Design Summary has been generated in the MAP Report
   (.mrp).
INFO:Pack:1650 - Map created a placed design.

Section 4 - Removed Logic Summary
---------------------------------

Section 5 - Removed Logic
-------------------------

Section 6 - IOB Properties
--------------------------

+---------------------------------------------------------------------------------------------------------------------------------------------------------+
| IOB Name                           | Type             | Direction | IO Standard          | Diff  | Drive    | Slew | Reg (s)      | Resistor | IOB      |
|                                    |                  |           |                      | Term  | Strength | Rate |              |          | Delay    |
+---------------------------------------------------------------------------------------------------------------------------------------------------------+
| I1<0>                              | IOB              | INPUT     | LVCMOS25             |       |          |      |              |          |          |
| I1<1>                              | IOB              | INPUT     | LVCMOS25             |       |          |      |              |          |          |
| I1<2>                              | IOB              | INPUT     | LVCMOS25             |       |          |      |              |          |          |
| I1<3>                              | IOB              | INPUT     | LVCMOS25             |       |          |      |              |          |          |
| I1<4>                              | IOB              | INPUT     | LVCMOS25             |       |          |      |              |          |          |
| I1<5>                              | IOB              | INPUT     | LVCMOS25             |       |          |      |              |          |          |
| I1<6>                              | IOB              | INPUT     | LVCMOS25             |       |          |      |              |          |          |
| I1<7>                              | IOB              | INPUT     | LVCMOS25             |       |          |      |              |          |          |
| I1<8>                              | IOB              | INPUT     | LVCMOS25             |       |          |      |              |          |          |
| I1<9>                              | IOB              | INPUT     | LVCMOS25             |       |          |      |              |          |          |
| I1<10>                             | IOB              | INPUT     | LVCMOS25             |       |          |      |              |          |          |
| I1<11>                             | IOB              | INPUT     | LVCMOS25             |       |          |      |              |          |          |
| I1<12>                             | IOB              | INPUT     | LVCMOS25             |       |          |      |              |          |          |
| I1<13>                             | IOB              | INPUT     | LVCMOS25             |       |          |      |              |          |          |
| I1<14>                             | IOB              | INPUT     | LVCMOS25             |       |          |      |              |          |          |
| I1<15>                             | IOB              | INPUT     | LVCMOS25             |       |          |      |              |          |          |
| I1<16>                             | IOB              | INPUT     | LVCMOS25             |       |          |      |              |          |          |
| I1<17>                             | IOB              | INPUT     | LVCMOS25             |       |          |      |              |          |          |
| I1<18>                             | IOB              | INPUT     | LVCMOS25             |       |          |      |              |          |          |
| I1<19>                             | IOB              | INPUT     | LVCMOS25             |       |          |      |              |          |          |
| I1<20>                             | IOB              | INPUT     | LVCMOS25             |       |          |      |              |          |          |
| I1<21>                             | IOB              | INPUT     | LVCMOS25             |       |          |      |              |          |          |
| I1<22>                             | IOB              | INPUT     | LVCMOS25             |       |          |      |              |          |          |
| I1<23>                             | IOB              | INPUT     | LVCMOS25             |       |          |      |              |          |          |
| I1<24>                             | IOB              | INPUT     | LVCMOS25             |       |          |      |              |          |          |
| I1<25>                             | IOB              | INPUT     | LVCMOS25             |       |          |      |              |          |          |
| I1<26>                             | IOB              | INPUT     | LVCMOS25             |       |          |      |              |          |          |
| I1<27>                             | IOB              | INPUT     | LVCMOS25             |       |          |      |              |          |          |
| I1<28>                             | IOB              | INPUT     | LVCMOS25             |       |          |      |              |          |          |
| I1<29>                             | IOB              | INPUT     | LVCMOS25             |       |          |      |              |          |          |
| I1<30>                             | IOB              | INPUT     | LVCMOS25             |       |          |      |              |          |          |
| I1<31>                             | IOB              | INPUT     | LVCMOS25             |       |          |      |              |          |          |
| I2<0>                              | IOB              | INPUT     | LVCMOS25             |       |          |      |              |          |          |
| I2<1>                              | IOB              | INPUT     | LVCMOS25             |       |          |      |              |          |          |
| I2<2>                              | IOB              | INPUT     | LVCMOS25             |       |          |      |              |          |          |
| I2<3>                              | IOB              | INPUT     | LVCMOS25             |       |          |      |              |          |          |
| I2<4>                              | IOB              | INPUT     | LVCMOS25             |       |          |      |              |          |          |
| I2<5>                              | IOB              | INPUT     | LVCMOS25             |       |          |      |              |          |          |
| I2<6>                              | IOB              | INPUT     | LVCMOS25             |       |          |      |              |          |          |
| I2<7>                              | IOB              | INPUT     | LVCMOS25             |       |          |      |              |          |          |
| I2<8>                              | IOB              | INPUT     | LVCMOS25             |       |          |      |              |          |          |
| I2<9>                              | IOB              | INPUT     | LVCMOS25             |       |          |      |              |          |          |
| I2<10>                             | IOB              | INPUT     | LVCMOS25             |       |          |      |              |          |          |
| I2<11>                             | IOB              | INPUT     | LVCMOS25             |       |          |      |              |          |          |
| I2<12>                             | IOB              | INPUT     | LVCMOS25             |       |          |      |              |          |          |
| I2<13>                             | IOB              | INPUT     | LVCMOS25             |       |          |      |              |          |          |
| I2<14>                             | IOB              | INPUT     | LVCMOS25             |       |          |      |              |          |          |
| I2<15>                             | IOB              | INPUT     | LVCMOS25             |       |          |      |              |          |          |
| I2<16>                             | IOB              | INPUT     | LVCMOS25             |       |          |      |              |          |          |
| I2<17>                             | IOB              | INPUT     | LVCMOS25             |       |          |      |              |          |          |
| I2<18>                             | IOB              | INPUT     | LVCMOS25             |       |          |      |              |          |          |
| I2<19>                             | IOB              | INPUT     | LVCMOS25             |       |          |      |              |          |          |
| I2<20>                             | IOB              | INPUT     | LVCMOS25             |       |          |      |              |          |          |
| I2<21>                             | IOB              | INPUT     | LVCMOS25             |       |          |      |              |          |          |
| I2<22>                             | IOB              | INPUT     | LVCMOS25             |       |          |      |              |          |          |
| I2<23>                             | IOB              | INPUT     | LVCMOS25             |       |          |      |              |          |          |
| I2<24>                             | IOB              | INPUT     | LVCMOS25             |       |          |      |              |          |          |
| I2<25>                             | IOB              | INPUT     | LVCMOS25             |       |          |      |              |          |          |
| I2<26>                             | IOB              | INPUT     | LVCMOS25             |       |          |      |              |          |          |
| I2<27>                             | IOB              | INPUT     | LVCMOS25             |       |          |      |              |          |          |
| I2<28>                             | IOB              | INPUT     | LVCMOS25             |       |          |      |              |          |          |
| I2<29>                             | IOB              | INPUT     | LVCMOS25             |       |          |      |              |          |          |
| I2<30>                             | IOB              | INPUT     | LVCMOS25             |       |          |      |              |          |          |
| I2<31>                             | IOB              | INPUT     | LVCMOS25             |       |          |      |              |          |          |
| I3<0>                              | IOB              | INPUT     | LVCMOS25             |       |          |      |              |          |          |
| I3<1>                              | IOB              | INPUT     | LVCMOS25             |       |          |      |              |          |          |
| I3<2>                              | IOB              | INPUT     | LVCMOS25             |       |          |      |              |          |          |
| I3<3>                              | IOB              | INPUT     | LVCMOS25             |       |          |      |              |          |          |
| I3<4>                              | IOB              | INPUT     | LVCMOS25             |       |          |      |              |          |          |
| I3<5>                              | IOB              | INPUT     | LVCMOS25             |       |          |      |              |          |          |
| I3<6>                              | IOB              | INPUT     | LVCMOS25             |       |          |      |              |          |          |
| I3<7>                              | IOB              | INPUT     | LVCMOS25             |       |          |      |              |          |          |
| I3<8>                              | IOB              | INPUT     | LVCMOS25             |       |          |      |              |          |          |
| I3<9>                              | IOB              | INPUT     | LVCMOS25             |       |          |      |              |          |          |
| I3<10>                             | IOB              | INPUT     | LVCMOS25             |       |          |      |              |          |          |
| I3<11>                             | IOB              | INPUT     | LVCMOS25             |       |          |      |              |          |          |
| I3<12>                             | IOB              | INPUT     | LVCMOS25             |       |          |      |              |          |          |
| I3<13>                             | IOB              | INPUT     | LVCMOS25             |       |          |      |              |          |          |
| I3<14>                             | IOB              | INPUT     | LVCMOS25             |       |          |      |              |          |          |
| I3<15>                             | IOB              | INPUT     | LVCMOS25             |       |          |      |              |          |          |
| I3<16>                             | IOB              | INPUT     | LVCMOS25             |       |          |      |              |          |          |
| I3<17>                             | IOB              | INPUT     | LVCMOS25             |       |          |      |              |          |          |
| I3<18>                             | IOB              | INPUT     | LVCMOS25             |       |          |      |              |          |          |
| I3<19>                             | IOB              | INPUT     | LVCMOS25             |       |          |      |              |          |          |
| I3<20>                             | IOB              | INPUT     | LVCMOS25             |       |          |      |              |          |          |
| I3<21>                             | IOB              | INPUT     | LVCMOS25             |       |          |      |              |          |          |
| I3<22>                             | IOB              | INPUT     | LVCMOS25             |       |          |      |              |          |          |
| I3<23>                             | IOB              | INPUT     | LVCMOS25             |       |          |      |              |          |          |
| I3<24>                             | IOB              | INPUT     | LVCMOS25             |       |          |      |              |          |          |
| I3<25>                             | IOB              | INPUT     | LVCMOS25             |       |          |      |              |          |          |
| I3<26>                             | IOB              | INPUT     | LVCMOS25             |       |          |      |              |          |          |
| I3<27>                             | IOB              | INPUT     | LVCMOS25             |       |          |      |              |          |          |
| I3<28>                             | IOB              | INPUT     | LVCMOS25             |       |          |      |              |          |          |
| I3<29>                             | IOB              | INPUT     | LVCMOS25             |       |          |      |              |          |          |
| I3<30>                             | IOB              | INPUT     | LVCMOS25             |       |          |      |              |          |          |
| I3<31>                             | IOB              | INPUT     | LVCMOS25             |       |          |      |              |          |          |
| I4<0>                              | IOB              | INPUT     | LVCMOS25             |       |          |      |              |          |          |
| I4<1>                              | IOB              | INPUT     | LVCMOS25             |       |          |      |              |          |          |
| I4<2>                              | IOB              | INPUT     | LVCMOS25             |       |          |      |              |          |          |
| I4<3>                              | IOB              | INPUT     | LVCMOS25             |       |          |      |              |          |          |
| I4<4>                              | IOB              | INPUT     | LVCMOS25             |       |          |      |              |          |          |
| I4<5>                              | IOB              | INPUT     | LVCMOS25             |       |          |      |              |          |          |
| I4<6>                              | IOB              | INPUT     | LVCMOS25             |       |          |      |              |          |          |
| I4<7>                              | IOB              | INPUT     | LVCMOS25             |       |          |      |              |          |          |
| I4<8>                              | IOB              | INPUT     | LVCMOS25             |       |          |      |              |          |          |
| I4<9>                              | IOB              | INPUT     | LVCMOS25             |       |          |      |              |          |          |
| I4<10>                             | IOB              | INPUT     | LVCMOS25             |       |          |      |              |          |          |
| I4<11>                             | IOB              | INPUT     | LVCMOS25             |       |          |      |              |          |          |
| I4<12>                             | IOB              | INPUT     | LVCMOS25             |       |          |      |              |          |          |
| I4<13>                             | IOB              | INPUT     | LVCMOS25             |       |          |      |              |          |          |
| I4<14>                             | IOB              | INPUT     | LVCMOS25             |       |          |      |              |          |          |
| I4<15>                             | IOB              | INPUT     | LVCMOS25             |       |          |      |              |          |          |
| I4<16>                             | IOB              | INPUT     | LVCMOS25             |       |          |      |              |          |          |
| I4<17>                             | IOB              | INPUT     | LVCMOS25             |       |          |      |              |          |          |
| I4<18>                             | IOB              | INPUT     | LVCMOS25             |       |          |      |              |          |          |
| I4<19>                             | IOB              | INPUT     | LVCMOS25             |       |          |      |              |          |          |
| I4<20>                             | IOB              | INPUT     | LVCMOS25             |       |          |      |              |          |          |
| I4<21>                             | IOB              | INPUT     | LVCMOS25             |       |          |      |              |          |          |
| I4<22>                             | IOB              | INPUT     | LVCMOS25             |       |          |      |              |          |          |
| I4<23>                             | IOB              | INPUT     | LVCMOS25             |       |          |      |              |          |          |
| I4<24>                             | IOB              | INPUT     | LVCMOS25             |       |          |      |              |          |          |
| I4<25>                             | IOB              | INPUT     | LVCMOS25             |       |          |      |              |          |          |
| I4<26>                             | IOB              | INPUT     | LVCMOS25             |       |          |      |              |          |          |
| I4<27>                             | IOB              | INPUT     | LVCMOS25             |       |          |      |              |          |          |
| I4<28>                             | IOB              | INPUT     | LVCMOS25             |       |          |      |              |          |          |
| I4<29>                             | IOB              | INPUT     | LVCMOS25             |       |          |      |              |          |          |
| I4<30>                             | IOB              | INPUT     | LVCMOS25             |       |          |      |              |          |          |
| I4<31>                             | IOB              | INPUT     | LVCMOS25             |       |          |      |              |          |          |
| S<0>                               | IOB              | INPUT     | LVCMOS25             |       |          |      |              |          |          |
| S<1>                               | IOB              | INPUT     | LVCMOS25             |       |          |      |              |          |          |
| Z<0>                               | IOB              | OUTPUT    | LVCMOS25             |       | 12       | SLOW |              |          |          |
| Z<1>                               | IOB              | OUTPUT    | LVCMOS25             |       | 12       | SLOW |              |          |          |
| Z<2>                               | IOB              | OUTPUT    | LVCMOS25             |       | 12       | SLOW |              |          |          |
| Z<3>                               | IOB              | OUTPUT    | LVCMOS25             |       | 12       | SLOW |              |          |          |
| Z<4>                               | IOB              | OUTPUT    | LVCMOS25             |       | 12       | SLOW |              |          |          |
| Z<5>                               | IOB              | OUTPUT    | LVCMOS25             |       | 12       | SLOW |              |          |          |
| Z<6>                               | IOB              | OUTPUT    | LVCMOS25             |       | 12       | SLOW |              |          |          |
| Z<7>                               | IOB              | OUTPUT    | LVCMOS25             |       | 12       | SLOW |              |          |          |
| Z<8>                               | IOB              | OUTPUT    | LVCMOS25             |       | 12       | SLOW |              |          |          |
| Z<9>                               | IOB              | OUTPUT    | LVCMOS25             |       | 12       | SLOW |              |          |          |
| Z<10>                              | IOB              | OUTPUT    | LVCMOS25             |       | 12       | SLOW |              |          |          |
| Z<11>                              | IOB              | OUTPUT    | LVCMOS25             |       | 12       | SLOW |              |          |          |
| Z<12>                              | IOB              | OUTPUT    | LVCMOS25             |       | 12       | SLOW |              |          |          |
| Z<13>                              | IOB              | OUTPUT    | LVCMOS25             |       | 12       | SLOW |              |          |          |
| Z<14>                              | IOB              | OUTPUT    | LVCMOS25             |       | 12       | SLOW |              |          |          |
| Z<15>                              | IOB              | OUTPUT    | LVCMOS25             |       | 12       | SLOW |              |          |          |
| Z<16>                              | IOB              | OUTPUT    | LVCMOS25             |       | 12       | SLOW |              |          |          |
| Z<17>                              | IOB              | OUTPUT    | LVCMOS25             |       | 12       | SLOW |              |          |          |
| Z<18>                              | IOB              | OUTPUT    | LVCMOS25             |       | 12       | SLOW |              |          |          |
| Z<19>                              | IOB              | OUTPUT    | LVCMOS25             |       | 12       | SLOW |              |          |          |
| Z<20>                              | IOB              | OUTPUT    | LVCMOS25             |       | 12       | SLOW |              |          |          |
| Z<21>                              | IOB              | OUTPUT    | LVCMOS25             |       | 12       | SLOW |              |          |          |
| Z<22>                              | IOB              | OUTPUT    | LVCMOS25             |       | 12       | SLOW |              |          |          |
| Z<23>                              | IOB              | OUTPUT    | LVCMOS25             |       | 12       | SLOW |              |          |          |
| Z<24>                              | IOB              | OUTPUT    | LVCMOS25             |       | 12       | SLOW |              |          |          |
| Z<25>                              | IOB              | OUTPUT    | LVCMOS25             |       | 12       | SLOW |              |          |          |
| Z<26>                              | IOB              | OUTPUT    | LVCMOS25             |       | 12       | SLOW |              |          |          |
| Z<27>                              | IOB              | OUTPUT    | LVCMOS25             |       | 12       | SLOW |              |          |          |
| Z<28>                              | IOB              | OUTPUT    | LVCMOS25             |       | 12       | SLOW |              |          |          |
| Z<29>                              | IOB              | OUTPUT    | LVCMOS25             |       | 12       | SLOW |              |          |          |
| Z<30>                              | IOB              | OUTPUT    | LVCMOS25             |       | 12       | SLOW |              |          |          |
| Z<31>                              | IOB              | OUTPUT    | LVCMOS25             |       | 12       | SLOW |              |          |          |
+---------------------------------------------------------------------------------------------------------------------------------------------------------+

Section 7 - RPMs
----------------

Section 8 - Guide Report
------------------------
Guide not run on this design.

Section 9 - Area Group and Partition Summary
--------------------------------------------

Partition Implementation Status
-------------------------------

  No Partitions were found in this design.

-------------------------------

Area Group Information
----------------------

  No area groups were found in this design.

----------------------

Section 10 - Timing Report
--------------------------
A logic-level (pre-route) timing report can be generated by using Xilinx static
timing analysis tools, Timing Analyzer (GUI) or TRCE (command line), with the
mapped NCD and PCF files. Please note that this timing report will be generated
using estimated delay information. For accurate numbers, please generate a
timing report with the post Place and Route NCD file.

For more information about the Timing Analyzer, consult the Xilinx Timing
Analyzer Reference Manual; for more information about TRCE, consult the Xilinx
Command Line Tools User Guide "TRACE" chapter.

Section 11 - Configuration String Details
-----------------------------------------
Use the "-detail" map option to print out Configuration Strings

Section 12 - Control Set Information
------------------------------------
Use the "-detail" map option to print out Control Set Information.

Section 13 - Utilization by Hierarchy
-------------------------------------
Use the "-detail" map option to print out the Utilization by Hierarchy section.
