--------------------------------------------------------------------------------
Release 13.2 Trace  (lin64)
Copyright (c) 1995-2011 Xilinx, Inc.  All rights reserved.

/share/reconfig/xilinx/13.2/ISE_DS/ISE/bin/lin64/unwrapped/trce -intstyle ise
-v 3 -s 3 -n 3 -fastpaths -xml MUX8.twx MUX8.ncd -o MUX8.twr MUX8.pcf

Design file:              MUX8.ncd
Physical constraint file: MUX8.pcf
Device,package,speed:     xc6slx100,fgg484,C,-3 (PRODUCTION 1.19 2011-06-20)
Report level:             verbose report

Environment Variable      Effect 
--------------------      ------ 
NONE                      No environment variables were set
--------------------------------------------------------------------------------

INFO:Timing:2698 - No timing constraints found, doing default enumeration.
INFO:Timing:2752 - To get complete path coverage, use the unconstrained paths 
   option. All paths that are not constrained will be reported in the 
   unconstrained paths section(s) of the report.
INFO:Timing:3339 - The clock-to-out numbers in this timing report are based on 
   a 50 Ohm transmission line loading model.  For the details of this model, 
   and for more information on accounting for different loading conditions, 
   please see the device datasheet.



Data Sheet report:
-----------------
All values displayed in nanoseconds (ns)

Pad to Pad
---------------+---------------+---------+
Source Pad     |Destination Pad|  Delay  |
---------------+---------------+---------+
I1<0>          |Z<0>           |   10.563|
I1<1>          |Z<1>           |   11.373|
I1<2>          |Z<2>           |   10.561|
I1<3>          |Z<3>           |   10.433|
I1<4>          |Z<4>           |   10.731|
I1<5>          |Z<5>           |   10.265|
I1<6>          |Z<6>           |   10.971|
I1<7>          |Z<7>           |   10.436|
I1<8>          |Z<8>           |   11.334|
I1<9>          |Z<9>           |   12.627|
I1<10>         |Z<10>          |   11.912|
I1<11>         |Z<11>          |   12.131|
I1<12>         |Z<12>          |   11.915|
I1<13>         |Z<13>          |   11.851|
I1<14>         |Z<14>          |   12.159|
I1<15>         |Z<15>          |   14.286|
I1<16>         |Z<16>          |   16.582|
I1<17>         |Z<17>          |   17.284|
I1<18>         |Z<18>          |   16.830|
I1<19>         |Z<19>          |   16.778|
I1<20>         |Z<20>          |   17.848|
I1<21>         |Z<21>          |   16.986|
I1<22>         |Z<22>          |   17.578|
I1<23>         |Z<23>          |   17.047|
I1<24>         |Z<24>          |   19.189|
I1<25>         |Z<25>          |   18.330|
I1<26>         |Z<26>          |   18.542|
I1<27>         |Z<27>          |   17.610|
I1<28>         |Z<28>          |   17.810|
I1<29>         |Z<29>          |   17.987|
I1<30>         |Z<30>          |   16.927|
I1<31>         |Z<31>          |   14.404|
I2<0>          |Z<0>           |   14.686|
I2<1>          |Z<1>           |   15.187|
I2<2>          |Z<2>           |   14.261|
I2<3>          |Z<3>           |   14.770|
I2<4>          |Z<4>           |   14.486|
I2<5>          |Z<5>           |   13.985|
I2<6>          |Z<6>           |   13.922|
I2<7>          |Z<7>           |   13.692|
I2<8>          |Z<8>           |   14.409|
I2<9>          |Z<9>           |   15.732|
I2<10>         |Z<10>          |   15.633|
I2<11>         |Z<11>          |   15.051|
I2<12>         |Z<12>          |   14.310|
I2<13>         |Z<13>          |   15.122|
I2<14>         |Z<14>          |   14.160|
I2<15>         |Z<15>          |   16.491|
I2<16>         |Z<16>          |   15.491|
I2<17>         |Z<17>          |   15.790|
I2<18>         |Z<18>          |   15.689|
I2<19>         |Z<19>          |   16.181|
I2<20>         |Z<20>          |   16.597|
I2<21>         |Z<21>          |   16.335|
I2<22>         |Z<22>          |   15.980|
I2<23>         |Z<23>          |   16.048|
I2<24>         |Z<24>          |   17.693|
I2<25>         |Z<25>          |   16.014|
I2<26>         |Z<26>          |   17.049|
I2<27>         |Z<27>          |   16.847|
I2<28>         |Z<28>          |   16.641|
I2<29>         |Z<29>          |   17.498|
I2<30>         |Z<30>          |   17.007|
I2<31>         |Z<31>          |   14.716|
I3<0>          |Z<0>           |   14.680|
I3<1>          |Z<1>           |   14.340|
I3<2>          |Z<2>           |   13.912|
I3<3>          |Z<3>           |   14.096|
I3<4>          |Z<4>           |   12.356|
I3<5>          |Z<5>           |   12.361|
I3<6>          |Z<6>           |   12.824|
I3<7>          |Z<7>           |   12.834|
I3<8>          |Z<8>           |   12.861|
I3<9>          |Z<9>           |   15.085|
I3<10>         |Z<10>          |   13.523|
I3<11>         |Z<11>          |   14.017|
I3<12>         |Z<12>          |   13.405|
I3<13>         |Z<13>          |   13.683|
I3<14>         |Z<14>          |   13.382|
I3<15>         |Z<15>          |   14.730|
I3<16>         |Z<16>          |   13.673|
I3<17>         |Z<17>          |   14.675|
I3<18>         |Z<18>          |   13.723|
I3<19>         |Z<19>          |   13.666|
I3<20>         |Z<20>          |   13.755|
I3<21>         |Z<21>          |   14.179|
I3<22>         |Z<22>          |   14.149|
I3<23>         |Z<23>          |   14.492|
I3<24>         |Z<24>          |   14.102|
I3<25>         |Z<25>          |   13.489|
I3<26>         |Z<26>          |   14.759|
I3<27>         |Z<27>          |   14.421|
I3<28>         |Z<28>          |   13.773|
I3<29>         |Z<29>          |   14.165|
I3<30>         |Z<30>          |   13.848|
I3<31>         |Z<31>          |   11.571|
I4<0>          |Z<0>           |   11.003|
I4<1>          |Z<1>           |   11.318|
I4<2>          |Z<2>           |   10.568|
I4<3>          |Z<3>           |   10.872|
I4<4>          |Z<4>           |   10.718|
I4<5>          |Z<5>           |   10.227|
I4<6>          |Z<6>           |   10.672|
I4<7>          |Z<7>           |   10.942|
I4<8>          |Z<8>           |   11.303|
I4<9>          |Z<9>           |   12.461|
I4<10>         |Z<10>          |   11.256|
I4<11>         |Z<11>          |   11.934|
I4<12>         |Z<12>          |   11.775|
I4<13>         |Z<13>          |   11.350|
I4<14>         |Z<14>          |   11.400|
I4<15>         |Z<15>          |   12.701|
I4<16>         |Z<16>          |   12.284|
I4<17>         |Z<17>          |   12.873|
I4<18>         |Z<18>          |   12.119|
I4<19>         |Z<19>          |   11.912|
I4<20>         |Z<20>          |   12.751|
I4<21>         |Z<21>          |   12.988|
I4<22>         |Z<22>          |   13.257|
I4<23>         |Z<23>          |   13.474|
I4<24>         |Z<24>          |   13.348|
I4<25>         |Z<25>          |   13.112|
I4<26>         |Z<26>          |   13.994|
I4<27>         |Z<27>          |   14.063|
I4<28>         |Z<28>          |   14.074|
I4<29>         |Z<29>          |   15.264|
I4<30>         |Z<30>          |   15.301|
I4<31>         |Z<31>          |   15.299|
I5<0>          |Z<0>           |   13.220|
I5<1>          |Z<1>           |   14.014|
I5<2>          |Z<2>           |   13.347|
I5<3>          |Z<3>           |   14.189|
I5<4>          |Z<4>           |   13.804|
I5<5>          |Z<5>           |   14.147|
I5<6>          |Z<6>           |   14.070|
I5<7>          |Z<7>           |   16.260|
I5<8>          |Z<8>           |   15.688|
I5<9>          |Z<9>           |   16.109|
I5<10>         |Z<10>          |   16.244|
I5<11>         |Z<11>          |   16.042|
I5<12>         |Z<12>          |   15.811|
I5<13>         |Z<13>          |   15.470|
I5<14>         |Z<14>          |   15.685|
I5<15>         |Z<15>          |   16.224|
I5<16>         |Z<16>          |   16.149|
I5<17>         |Z<17>          |   16.213|
I5<18>         |Z<18>          |   15.868|
I5<19>         |Z<19>          |   16.241|
I5<20>         |Z<20>          |   15.999|
I5<21>         |Z<21>          |   15.786|
I5<22>         |Z<22>          |   17.157|
I5<23>         |Z<23>          |   16.989|
I5<24>         |Z<24>          |   15.817|
I5<25>         |Z<25>          |   16.043|
I5<26>         |Z<26>          |   16.502|
I5<27>         |Z<27>          |   16.463|
I5<28>         |Z<28>          |   17.161|
I5<29>         |Z<29>          |   16.539|
I5<30>         |Z<30>          |   16.556|
I5<31>         |Z<31>          |   16.445|
I6<0>          |Z<0>           |   14.527|
I6<1>          |Z<1>           |   14.717|
I6<2>          |Z<2>           |   14.615|
I6<3>          |Z<3>           |   14.689|
I6<4>          |Z<4>           |   15.092|
I6<5>          |Z<5>           |   14.638|
I6<6>          |Z<6>           |   14.685|
I6<7>          |Z<7>           |   14.386|
I6<8>          |Z<8>           |   15.981|
I6<9>          |Z<9>           |   14.809|
I6<10>         |Z<10>          |   14.724|
I6<11>         |Z<11>          |   15.672|
I6<12>         |Z<12>          |   15.074|
I6<13>         |Z<13>          |   14.820|
I6<14>         |Z<14>          |   14.810|
I6<15>         |Z<15>          |   14.425|
I6<16>         |Z<16>          |   14.905|
I6<17>         |Z<17>          |   14.553|
I6<18>         |Z<18>          |   14.539|
I6<19>         |Z<19>          |   14.444|
I6<20>         |Z<20>          |   14.116|
I6<21>         |Z<21>          |   13.944|
I6<22>         |Z<22>          |   14.545|
I6<23>         |Z<23>          |   13.596|
I6<24>         |Z<24>          |   14.259|
I6<25>         |Z<25>          |   13.839|
I6<26>         |Z<26>          |   14.721|
I6<27>         |Z<27>          |   15.943|
I6<28>         |Z<28>          |   15.590|
I6<29>         |Z<29>          |   14.876|
I6<30>         |Z<30>          |   16.447|
I6<31>         |Z<31>          |   16.352|
I7<0>          |Z<0>           |   12.313|
I7<1>          |Z<1>           |   12.703|
I7<2>          |Z<2>           |   12.068|
I7<3>          |Z<3>           |   12.611|
I7<4>          |Z<4>           |   13.003|
I7<5>          |Z<5>           |   12.462|
I7<6>          |Z<6>           |   12.660|
I7<7>          |Z<7>           |   12.057|
I7<8>          |Z<8>           |   13.176|
I7<9>          |Z<9>           |   12.950|
I7<10>         |Z<10>          |   13.082|
I7<11>         |Z<11>          |   12.542|
I7<12>         |Z<12>          |   12.237|
I7<13>         |Z<13>          |   12.074|
I7<14>         |Z<14>          |   12.320|
I7<15>         |Z<15>          |   14.294|
I7<16>         |Z<16>          |   13.507|
I7<17>         |Z<17>          |   13.394|
I7<18>         |Z<18>          |   14.083|
I7<19>         |Z<19>          |   14.432|
I7<20>         |Z<20>          |   14.804|
I7<21>         |Z<21>          |   13.938|
I7<22>         |Z<22>          |   14.334|
I7<23>         |Z<23>          |   14.111|
I7<24>         |Z<24>          |   16.391|
I7<25>         |Z<25>          |   16.017|
I7<26>         |Z<26>          |   16.863|
I7<27>         |Z<27>          |   16.359|
I7<28>         |Z<28>          |   17.304|
I7<29>         |Z<29>          |   17.281|
I7<30>         |Z<30>          |   16.977|
I7<31>         |Z<31>          |   17.542|
I8<0>          |Z<0>           |   13.082|
I8<1>          |Z<1>           |   13.538|
I8<2>          |Z<2>           |   12.690|
I8<3>          |Z<3>           |   13.032|
I8<4>          |Z<4>           |   12.585|
I8<5>          |Z<5>           |   13.222|
I8<6>          |Z<6>           |   12.097|
I8<7>          |Z<7>           |   11.608|
I8<8>          |Z<8>           |   12.469|
I8<9>          |Z<9>           |   12.467|
I8<10>         |Z<10>          |   13.201|
I8<11>         |Z<11>          |   12.092|
I8<12>         |Z<12>          |   11.962|
I8<13>         |Z<13>          |   11.140|
I8<14>         |Z<14>          |   10.742|
I8<15>         |Z<15>          |   11.471|
I8<16>         |Z<16>          |   11.262|
I8<17>         |Z<17>          |   10.984|
I8<18>         |Z<18>          |   11.300|
I8<19>         |Z<19>          |   10.669|
I8<20>         |Z<20>          |   11.727|
I8<21>         |Z<21>          |   11.226|
I8<22>         |Z<22>          |   10.916|
I8<23>         |Z<23>          |   10.731|
I8<24>         |Z<24>          |   12.335|
I8<25>         |Z<25>          |   11.923|
I8<26>         |Z<26>          |   12.885|
I8<27>         |Z<27>          |   12.221|
I8<28>         |Z<28>          |   12.705|
I8<29>         |Z<29>          |   12.473|
I8<30>         |Z<30>          |   12.817|
I8<31>         |Z<31>          |   12.374|
S<0>           |Z<0>           |   14.087|
S<0>           |Z<1>           |   15.064|
S<0>           |Z<2>           |   14.087|
S<0>           |Z<3>           |   14.256|
S<0>           |Z<4>           |   13.643|
S<0>           |Z<5>           |   13.273|
S<0>           |Z<6>           |   14.083|
S<0>           |Z<7>           |   14.522|
S<0>           |Z<8>           |   15.273|
S<0>           |Z<9>           |   18.623|
S<0>           |Z<10>          |   14.608|
S<0>           |Z<11>          |   16.893|
S<0>           |Z<12>          |   16.264|
S<0>           |Z<13>          |   16.666|
S<0>           |Z<14>          |   16.037|
S<0>           |Z<15>          |   17.884|
S<0>           |Z<16>          |   17.248|
S<0>           |Z<17>          |   17.117|
S<0>           |Z<18>          |   17.206|
S<0>           |Z<19>          |   18.043|
S<0>           |Z<20>          |   17.938|
S<0>           |Z<21>          |   18.300|
S<0>           |Z<22>          |   19.165|
S<0>           |Z<23>          |   18.556|
S<0>           |Z<24>          |   16.101|
S<0>           |Z<25>          |   14.988|
S<0>           |Z<26>          |   16.885|
S<0>           |Z<27>          |   16.283|
S<0>           |Z<28>          |   16.475|
S<0>           |Z<29>          |   16.374|
S<0>           |Z<30>          |   15.972|
S<0>           |Z<31>          |   13.423|
S<1>           |Z<0>           |   13.570|
S<1>           |Z<1>           |   14.081|
S<1>           |Z<2>           |   12.970|
S<1>           |Z<3>           |   13.721|
S<1>           |Z<4>           |   13.064|
S<1>           |Z<5>           |   13.024|
S<1>           |Z<6>           |   13.119|
S<1>           |Z<7>           |   14.134|
S<1>           |Z<8>           |   14.079|
S<1>           |Z<9>           |   16.551|
S<1>           |Z<10>          |   14.647|
S<1>           |Z<11>          |   15.424|
S<1>           |Z<12>          |   15.259|
S<1>           |Z<13>          |   15.215|
S<1>           |Z<14>          |   14.918|
S<1>           |Z<15>          |   16.940|
S<1>           |Z<16>          |   17.355|
S<1>           |Z<17>          |   17.633|
S<1>           |Z<18>          |   16.168|
S<1>           |Z<19>          |   17.356|
S<1>           |Z<20>          |   16.808|
S<1>           |Z<21>          |   16.959|
S<1>           |Z<22>          |   18.177|
S<1>           |Z<23>          |   17.677|
S<1>           |Z<24>          |   15.995|
S<1>           |Z<25>          |   15.067|
S<1>           |Z<26>          |   16.641|
S<1>           |Z<27>          |   16.333|
S<1>           |Z<28>          |   16.228|
S<1>           |Z<29>          |   16.166|
S<1>           |Z<30>          |   15.894|
S<1>           |Z<31>          |   13.251|
S<2>           |Z<0>           |   13.968|
S<2>           |Z<1>           |   14.202|
S<2>           |Z<2>           |   13.200|
S<2>           |Z<3>           |   13.659|
S<2>           |Z<4>           |   12.822|
S<2>           |Z<5>           |   12.977|
S<2>           |Z<6>           |   13.283|
S<2>           |Z<7>           |   13.929|
S<2>           |Z<8>           |   14.315|
S<2>           |Z<9>           |   17.589|
S<2>           |Z<10>          |   14.856|
S<2>           |Z<11>          |   15.832|
S<2>           |Z<12>          |   15.616|
S<2>           |Z<13>          |   15.832|
S<2>           |Z<14>          |   15.296|
S<2>           |Z<15>          |   17.220|
S<2>           |Z<16>          |   17.406|
S<2>           |Z<17>          |   16.832|
S<2>           |Z<18>          |   16.372|
S<2>           |Z<19>          |   16.586|
S<2>           |Z<20>          |   17.097|
S<2>           |Z<21>          |   17.002|
S<2>           |Z<22>          |   17.920|
S<2>           |Z<23>          |   17.722|
S<2>           |Z<24>          |   15.950|
S<2>           |Z<25>          |   14.881|
S<2>           |Z<26>          |   16.806|
S<2>           |Z<27>          |   16.337|
S<2>           |Z<28>          |   15.944|
S<2>           |Z<29>          |   16.141|
S<2>           |Z<30>          |   15.621|
S<2>           |Z<31>          |   12.978|
---------------+---------------+---------+


Analysis completed Wed Oct 10 21:47:06 2012 
--------------------------------------------------------------------------------

Trace Settings:
-------------------------
Trace Settings 

Peak Memory Usage: 408 MB



