Release 13.2 - xst O.61xd (lin64)
Copyright (c) 1995-2011 Xilinx, Inc.  All rights reserved.
--> 
Parameter TMPDIR set to xst/projnav.tmp


Total REAL time to Xst completion: 0.00 secs
Total CPU time to Xst completion: 0.06 secs
 
--> 
Parameter xsthdpdir set to xst


Total REAL time to Xst completion: 0.00 secs
Total CPU time to Xst completion: 0.06 secs
 
--> 
Reading design: MUX8_onehot.prj

TABLE OF CONTENTS
  1) Synthesis Options Summary
  2) HDL Parsing
  3) HDL Elaboration
  4) HDL Synthesis
       4.1) HDL Synthesis Report
  5) Advanced HDL Synthesis
       5.1) Advanced HDL Synthesis Report
  6) Low Level Synthesis
  7) Partition Report
  8) Design Summary
       8.1) Primitive and Black Box Usage
       8.2) Device utilization summary
       8.3) Partition Resource Summary
       8.4) Timing Report
            8.4.1) Clock Information
            8.4.2) Asynchronous Control Signals Information
            8.4.3) Timing Summary
            8.4.4) Timing Details
            8.4.5) Cross Clock Domains Report


=========================================================================
*                      Synthesis Options Summary                        *
=========================================================================
---- Source Parameters
Input File Name                    : "MUX8_onehot.prj"
Input Format                       : mixed
Ignore Synthesis Constraint File   : NO

---- Target Parameters
Output File Name                   : "MUX8_onehot"
Output Format                      : NGC
Target Device                      : xc6slx100-3-fgg484

---- Source Options
Top Module Name                    : MUX8_onehot
Automatic FSM Extraction           : YES
FSM Encoding Algorithm             : Auto
Safe Implementation                : No
FSM Style                          : LUT
RAM Extraction                     : Yes
RAM Style                          : Auto
ROM Extraction                     : Yes
Shift Register Extraction          : YES
ROM Style                          : Auto
Resource Sharing                   : YES
Asynchronous To Synchronous        : NO
Shift Register Minimum Size        : 2
Use DSP Block                      : Auto
Automatic Register Balancing       : No

---- Target Options
LUT Combining                      : Auto
Reduce Control Sets                : Auto
Add IO Buffers                     : YES
Global Maximum Fanout              : 100000
Add Generic Clock Buffer(BUFG)     : 16
Register Duplication               : YES
Optimize Instantiated Primitives   : NO
Use Clock Enable                   : Auto
Use Synchronous Set                : Auto
Use Synchronous Reset              : Auto
Pack IO Registers into IOBs        : Auto
Equivalent register Removal        : YES

---- General Options
Optimization Goal                  : Speed
Optimization Effort                : 1
Power Reduction                    : NO
Keep Hierarchy                     : No
Netlist Hierarchy                  : As_Optimized
RTL Output                         : Yes
Global Optimization                : AllClockNets
Read Cores                         : YES
Write Timing Constraints           : NO
Cross Clock Analysis               : NO
Hierarchy Separator                : /
Bus Delimiter                      : <>
Case Specifier                     : Maintain
Slice Utilization Ratio            : 100
BRAM Utilization Ratio             : 100
DSP48 Utilization Ratio            : 100
Auto BRAM Packing                  : NO
Slice Utilization Ratio Delta      : 5

=========================================================================


=========================================================================
*                          HDL Parsing                                  *
=========================================================================
Analyzing Verilog file \"/share/jinz/Xilinx_synthesis/MyResearch/PipeGen4/vlib/MUX.v\" into library work
Parsing module <MUX2>.
Parsing module <MUX3>.
Parsing module <MUX4>.
Parsing module <MUX4_hot>.
Parsing module <MUX5>.
Parsing module <MUX6>.
Parsing module <MUX7>.
Parsing module <MUX8>.
Parsing module <MUX8_onehot>.
Parsing module <MUX9>.
Parsing module <MUX10>.
Parsing module <MUX11>.

=========================================================================
*                            HDL Elaboration                            *
=========================================================================

Elaborating module <MUX8_onehot>.

Elaborating module <MUX2>.

=========================================================================
*                           HDL Synthesis                               *
=========================================================================

Synthesizing Unit <MUX8_onehot>.
    Related source file is "/share/jinz/Xilinx_synthesis/MyResearch/PipeGen4/vlib/MUX.v".
        DataWidth = 32
    Summary:
	no macro.
Unit <MUX8_onehot> synthesized.

Synthesizing Unit <MUX2>.
    Related source file is "/share/jinz/Xilinx_synthesis/MyResearch/PipeGen4/vlib/MUX.v".
        DataWidth = 32
    Summary:
	inferred   1 Multiplexer(s).
Unit <MUX2> synthesized.

=========================================================================
HDL Synthesis Report

Macro Statistics
# Multiplexers                                         : 7
 32-bit 2-to-1 multiplexer                             : 7

=========================================================================

=========================================================================
*                       Advanced HDL Synthesis                          *
=========================================================================


=========================================================================
Advanced HDL Synthesis Report

Macro Statistics
# Multiplexers                                         : 7
 32-bit 2-to-1 multiplexer                             : 7

=========================================================================

=========================================================================
*                         Low Level Synthesis                           *
=========================================================================

Optimizing unit <MUX8_onehot> ...

Mapping all equations...
Building and optimizing final netlist ...
Found area constraint ratio of 100 (+ 5) on block MUX8_onehot, actual ratio is 0.

Final Macro Processing ...

=========================================================================
Final Register Report

Found no macro
=========================================================================

=========================================================================
*                           Partition Report                            *
=========================================================================

Partition Implementation Status
-------------------------------

  No Partitions were found in this design.

-------------------------------

=========================================================================
*                            Design Summary                             *
=========================================================================

Top Level Output File Name         : MUX8_onehot.ngc

Primitive and Black Box Usage:
------------------------------
# BELS                             : 129
#      LUT3                        : 1
#      LUT4                        : 32
#      LUT6                        : 96
# IO Buffers                       : 295
#      IBUF                        : 263
#      OBUF                        : 32

Device utilization summary:
---------------------------

Selected Device : 6slx100fgg484-3 


Slice Logic Utilization: 
 Number of Slice LUTs:                  129  out of  63288     0%  
    Number used as Logic:               129  out of  63288     0%  

Slice Logic Distribution: 
 Number of LUT Flip Flop pairs used:    129
   Number with an unused Flip Flop:     129  out of    129   100%  
   Number with an unused LUT:             0  out of    129     0%  
   Number of fully used LUT-FF pairs:     0  out of    129     0%  
   Number of unique control sets:         0

IO Utilization: 
 Number of IOs:                         295
 Number of bonded IOBs:                 295  out of    326    90%  

Specific Feature Utilization:

---------------------------
Partition Resource Summary:
---------------------------

  No Partitions were found in this design.

---------------------------


=========================================================================
Timing Report

NOTE: THESE TIMING NUMBERS ARE ONLY A SYNTHESIS ESTIMATE.
      FOR ACCURATE TIMING INFORMATION PLEASE REFER TO THE TRACE REPORT
      GENERATED AFTER PLACE-and-ROUTE.

Clock Information:
------------------
No clock signals found in this design

Asynchronous Control Signals Information:
----------------------------------------
No asynchronous control signals found in this design

Timing Summary:
---------------
Speed Grade: -3

   Minimum period: No path found
   Minimum input arrival time before clock: No path found
   Maximum output required time after clock: No path found
   Maximum combinational path delay: 7.950ns

Timing Details:
---------------
All values displayed in nanoseconds (ns)

=========================================================================
Timing constraint: Default path analysis
  Total number of paths / destination ports: 672 / 32
-------------------------------------------------------------------------
Delay:               7.950ns (Levels of Logic = 4)
  Source:            s6 (PAD)
  Destination:       Z<31> (PAD)

  Data Path: s6 to Z<31>
                                Gate     Net
    Cell:in->out      fanout   Delay   Delay  Logical Name (Net Name)
    ----------------------------------------  ------------
     IBUF:I->O            33   1.222   1.534  s6_IBUF (s6_IBUF)
     LUT3:I0->O           32   0.205   1.636  m7/Mmux_Z1131 (m7/Mmux_Z113)
     LUT6:I1->O            1   0.203   0.579  m7/Mmux_Z964 (Z_9_OBUF)
     OBUF:I->O                 2.571          Z_9_OBUF (Z<9>)
    ----------------------------------------
    Total                      7.950ns (4.201ns logic, 3.749ns route)
                                       (52.8% logic, 47.2% route)

=========================================================================

Cross Clock Domains Report:
--------------------------

=========================================================================


Total REAL time to Xst completion: 4.00 secs
Total CPU time to Xst completion: 3.77 secs
 
--> 


Total memory usage is 269588 kilobytes

Number of errors   :    0 (   0 filtered)
Number of warnings :    0 (   0 filtered)
Number of infos    :    0 (   0 filtered)

