--------------------------------------------------------------------------------
Release 13.2 Trace  (lin64)
Copyright (c) 1995-2011 Xilinx, Inc.  All rights reserved.

/share/reconfig/xilinx/13.2/ISE_DS/ISE/bin/lin64/unwrapped/trce -intstyle ise
-v 3 -s 3 -n 3 -fastpaths -xml MUX8_onehot.twx MUX8_onehot.ncd -o
MUX8_onehot.twr MUX8_onehot.pcf

Design file:              MUX8_onehot.ncd
Physical constraint file: MUX8_onehot.pcf
Device,package,speed:     xc6slx100,fgg484,C,-3 (PRODUCTION 1.19 2011-06-20)
Report level:             verbose report

Environment Variable      Effect 
--------------------      ------ 
NONE                      No environment variables were set
--------------------------------------------------------------------------------

INFO:Timing:2698 - No timing constraints found, doing default enumeration.
INFO:Timing:2752 - To get complete path coverage, use the unconstrained paths 
   option. All paths that are not constrained will be reported in the 
   unconstrained paths section(s) of the report.
INFO:Timing:3339 - The clock-to-out numbers in this timing report are based on 
   a 50 Ohm transmission line loading model.  For the details of this model, 
   and for more information on accounting for different loading conditions, 
   please see the device datasheet.



Data Sheet report:
-----------------
All values displayed in nanoseconds (ns)

Pad to Pad
---------------+---------------+---------+
Source Pad     |Destination Pad|  Delay  |
---------------+---------------+---------+
I1<0>          |Z<0>           |   14.578|
I1<1>          |Z<1>           |   15.424|
I1<2>          |Z<2>           |   14.909|
I1<3>          |Z<3>           |   15.393|
I1<4>          |Z<4>           |   14.702|
I1<5>          |Z<5>           |   15.017|
I1<6>          |Z<6>           |   14.624|
I1<7>          |Z<7>           |   15.084|
I1<8>          |Z<8>           |   14.809|
I1<9>          |Z<9>           |   15.547|
I1<10>         |Z<10>          |   14.686|
I1<11>         |Z<11>          |   15.406|
I1<12>         |Z<12>          |   15.137|
I1<13>         |Z<13>          |   15.880|
I1<14>         |Z<14>          |   13.639|
I1<15>         |Z<15>          |   12.393|
I1<16>         |Z<16>          |   13.437|
I1<17>         |Z<17>          |   13.905|
I1<18>         |Z<18>          |   13.613|
I1<19>         |Z<19>          |   13.400|
I1<20>         |Z<20>          |   13.225|
I1<21>         |Z<21>          |   13.157|
I1<22>         |Z<22>          |   13.042|
I1<23>         |Z<23>          |   13.075|
I1<24>         |Z<24>          |   13.957|
I1<25>         |Z<25>          |   13.790|
I1<26>         |Z<26>          |   14.855|
I1<27>         |Z<27>          |   15.380|
I1<28>         |Z<28>          |   14.730|
I1<29>         |Z<29>          |   14.697|
I1<30>         |Z<30>          |   15.515|
I1<31>         |Z<31>          |   15.355|
I2<0>          |Z<0>           |   18.080|
I2<1>          |Z<1>           |   18.199|
I2<2>          |Z<2>           |   18.123|
I2<3>          |Z<3>           |   17.091|
I2<4>          |Z<4>           |   17.286|
I2<5>          |Z<5>           |   16.968|
I2<6>          |Z<6>           |   16.342|
I2<7>          |Z<7>           |   16.569|
I2<8>          |Z<8>           |   16.605|
I2<9>          |Z<9>           |   17.248|
I2<10>         |Z<10>          |   16.752|
I2<11>         |Z<11>          |   16.938|
I2<12>         |Z<12>          |   17.470|
I2<13>         |Z<13>          |   17.410|
I2<14>         |Z<14>          |   15.160|
I2<15>         |Z<15>          |   16.981|
I2<16>         |Z<16>          |   18.887|
I2<17>         |Z<17>          |   18.871|
I2<18>         |Z<18>          |   18.537|
I2<19>         |Z<19>          |   18.576|
I2<20>         |Z<20>          |   18.324|
I2<21>         |Z<21>          |   18.086|
I2<22>         |Z<22>          |   18.602|
I2<23>         |Z<23>          |   18.035|
I2<24>         |Z<24>          |   18.452|
I2<25>         |Z<25>          |   16.356|
I2<26>         |Z<26>          |   18.500|
I2<27>         |Z<27>          |   18.581|
I2<28>         |Z<28>          |   18.583|
I2<29>         |Z<29>          |   17.768|
I2<30>         |Z<30>          |   18.581|
I2<31>         |Z<31>          |   18.154|
I3<0>          |Z<0>           |   21.640|
I3<1>          |Z<1>           |   20.969|
I3<2>          |Z<2>           |   21.097|
I3<3>          |Z<3>           |   20.942|
I3<4>          |Z<4>           |   20.616|
I3<5>          |Z<5>           |   20.620|
I3<6>          |Z<6>           |   19.388|
I3<7>          |Z<7>           |   19.993|
I3<8>          |Z<8>           |   19.643|
I3<9>          |Z<9>           |   19.941|
I3<10>         |Z<10>          |   19.679|
I3<11>         |Z<11>          |   19.432|
I3<12>         |Z<12>          |   20.026|
I3<13>         |Z<13>          |   20.154|
I3<14>         |Z<14>          |   17.835|
I3<15>         |Z<15>          |   16.361|
I3<16>         |Z<16>          |   17.778|
I3<17>         |Z<17>          |   17.452|
I3<18>         |Z<18>          |   17.889|
I3<19>         |Z<19>          |   18.005|
I3<20>         |Z<20>          |   17.545|
I3<21>         |Z<21>          |   16.643|
I3<22>         |Z<22>          |   16.059|
I3<23>         |Z<23>          |   15.451|
I3<24>         |Z<24>          |   16.095|
I3<25>         |Z<25>          |   15.623|
I3<26>         |Z<26>          |   17.078|
I3<27>         |Z<27>          |   17.850|
I3<28>         |Z<28>          |   17.786|
I3<29>         |Z<29>          |   18.697|
I3<30>         |Z<30>          |   18.163|
I3<31>         |Z<31>          |   18.775|
I4<0>          |Z<0>           |   19.092|
I4<1>          |Z<1>           |   18.826|
I4<2>          |Z<2>           |   19.213|
I4<3>          |Z<3>           |   17.709|
I4<4>          |Z<4>           |   17.780|
I4<5>          |Z<5>           |   17.823|
I4<6>          |Z<6>           |   17.215|
I4<7>          |Z<7>           |   17.343|
I4<8>          |Z<8>           |   16.643|
I4<9>          |Z<9>           |   17.211|
I4<10>         |Z<10>          |   17.399|
I4<11>         |Z<11>          |   17.491|
I4<12>         |Z<12>          |   17.718|
I4<13>         |Z<13>          |   17.145|
I4<14>         |Z<14>          |   15.637|
I4<15>         |Z<15>          |   16.414|
I4<16>         |Z<16>          |   17.444|
I4<17>         |Z<17>          |   17.109|
I4<18>         |Z<18>          |   17.425|
I4<19>         |Z<19>          |   17.273|
I4<20>         |Z<20>          |   17.354|
I4<21>         |Z<21>          |   17.374|
I4<22>         |Z<22>          |   17.869|
I4<23>         |Z<23>          |   16.892|
I4<24>         |Z<24>          |   17.779|
I4<25>         |Z<25>          |   16.891|
I4<26>         |Z<26>          |   18.130|
I4<27>         |Z<27>          |   18.510|
I4<28>         |Z<28>          |   18.607|
I4<29>         |Z<29>          |   16.744|
I4<30>         |Z<30>          |   16.998|
I4<31>         |Z<31>          |   17.807|
I5<0>          |Z<0>           |   16.044|
I5<1>          |Z<1>           |   15.827|
I5<2>          |Z<2>           |   16.018|
I5<3>          |Z<3>           |   15.512|
I5<4>          |Z<4>           |   15.291|
I5<5>          |Z<5>           |   14.915|
I5<6>          |Z<6>           |   14.406|
I5<7>          |Z<7>           |   14.076|
I5<8>          |Z<8>           |   14.384|
I5<9>          |Z<9>           |   14.392|
I5<10>         |Z<10>          |   14.663|
I5<11>         |Z<11>          |   14.138|
I5<12>         |Z<12>          |   13.623|
I5<13>         |Z<13>          |   13.640|
I5<14>         |Z<14>          |   11.994|
I5<15>         |Z<15>          |   11.029|
I5<16>         |Z<16>          |   12.103|
I5<17>         |Z<17>          |   12.044|
I5<18>         |Z<18>          |   11.864|
I5<19>         |Z<19>          |   10.608|
I5<20>         |Z<20>          |   10.855|
I5<21>         |Z<21>          |   10.975|
I5<22>         |Z<22>          |   10.859|
I5<23>         |Z<23>          |   10.503|
I5<24>         |Z<24>          |   11.051|
I5<25>         |Z<25>          |   10.891|
I5<26>         |Z<26>          |   11.733|
I5<27>         |Z<27>          |   12.004|
I5<28>         |Z<28>          |   12.096|
I5<29>         |Z<29>          |   12.148|
I5<30>         |Z<30>          |   13.337|
I5<31>         |Z<31>          |   13.549|
I6<0>          |Z<0>           |   14.519|
I6<1>          |Z<1>           |   14.383|
I6<2>          |Z<2>           |   14.591|
I6<3>          |Z<3>           |   14.061|
I6<4>          |Z<4>           |   13.834|
I6<5>          |Z<5>           |   13.883|
I6<6>          |Z<6>           |   13.457|
I6<7>          |Z<7>           |   13.906|
I6<8>          |Z<8>           |   14.664|
I6<9>          |Z<9>           |   15.124|
I6<10>         |Z<10>          |   14.752|
I6<11>         |Z<11>          |   15.063|
I6<12>         |Z<12>          |   15.016|
I6<13>         |Z<13>          |   15.295|
I6<14>         |Z<14>          |   13.812|
I6<15>         |Z<15>          |   14.638|
I6<16>         |Z<16>          |   13.807|
I6<17>         |Z<17>          |   13.674|
I6<18>         |Z<18>          |   13.818|
I6<19>         |Z<19>          |   13.917|
I6<20>         |Z<20>          |   13.718|
I6<21>         |Z<21>          |   14.180|
I6<22>         |Z<22>          |   13.994|
I6<23>         |Z<23>          |   14.229|
I6<24>         |Z<24>          |   14.012|
I6<25>         |Z<25>          |   14.276|
I6<26>         |Z<26>          |   14.114|
I6<27>         |Z<27>          |   14.557|
I6<28>         |Z<28>          |   14.395|
I6<29>         |Z<29>          |   14.356|
I6<30>         |Z<30>          |   14.241|
I6<31>         |Z<31>          |   14.454|
I7<0>          |Z<0>           |   15.425|
I7<1>          |Z<1>           |   15.558|
I7<2>          |Z<2>           |   15.451|
I7<3>          |Z<3>           |   15.528|
I7<4>          |Z<4>           |   14.484|
I7<5>          |Z<5>           |   14.462|
I7<6>          |Z<6>           |   14.678|
I7<7>          |Z<7>           |   14.575|
I7<8>          |Z<8>           |   14.053|
I7<9>          |Z<9>           |   14.421|
I7<10>         |Z<10>          |   14.203|
I7<11>         |Z<11>          |   14.140|
I7<12>         |Z<12>          |   13.843|
I7<13>         |Z<13>          |   13.657|
I7<14>         |Z<14>          |   12.912|
I7<15>         |Z<15>          |   13.202|
I7<16>         |Z<16>          |   12.793|
I7<17>         |Z<17>          |   12.242|
I7<18>         |Z<18>          |   12.874|
I7<19>         |Z<19>          |   11.234|
I7<20>         |Z<20>          |   12.066|
I7<21>         |Z<21>          |   12.530|
I7<22>         |Z<22>          |   11.986|
I7<23>         |Z<23>          |   12.185|
I7<24>         |Z<24>          |   12.147|
I7<25>         |Z<25>          |   12.293|
I7<26>         |Z<26>          |   12.511|
I7<27>         |Z<27>          |   12.316|
I7<28>         |Z<28>          |   12.750|
I7<29>         |Z<29>          |   12.502|
I7<30>         |Z<30>          |   12.374|
I7<31>         |Z<31>          |   12.353|
I8<0>          |Z<0>           |   14.323|
I8<1>          |Z<1>           |   14.172|
I8<2>          |Z<2>           |   13.905|
I8<3>          |Z<3>           |   13.373|
I8<4>          |Z<4>           |   14.751|
I8<5>          |Z<5>           |   13.712|
I8<6>          |Z<6>           |   13.006|
I8<7>          |Z<7>           |   12.966|
I8<8>          |Z<8>           |   13.608|
I8<9>          |Z<9>           |   13.449|
I8<10>         |Z<10>          |   13.878|
I8<11>         |Z<11>          |   14.366|
I8<12>         |Z<12>          |   13.896|
I8<13>         |Z<13>          |   13.479|
I8<14>         |Z<14>          |   12.064|
I8<15>         |Z<15>          |   12.685|
I8<16>         |Z<16>          |   12.311|
I8<17>         |Z<17>          |   12.792|
I8<18>         |Z<18>          |   13.368|
I8<19>         |Z<19>          |   12.082|
I8<20>         |Z<20>          |   12.684|
I8<21>         |Z<21>          |   14.286|
I8<22>         |Z<22>          |   12.883|
I8<23>         |Z<23>          |   14.379|
I8<24>         |Z<24>          |   13.442|
I8<25>         |Z<25>          |   14.092|
I8<26>         |Z<26>          |   13.698|
I8<27>         |Z<27>          |   13.706|
I8<28>         |Z<28>          |   12.317|
I8<29>         |Z<29>          |   12.499|
I8<30>         |Z<30>          |   13.510|
I8<31>         |Z<31>          |   13.137|
s1             |Z<0>           |   27.025|
s1             |Z<1>           |   27.208|
s1             |Z<2>           |   26.837|
s1             |Z<3>           |   26.357|
s1             |Z<4>           |   27.291|
s1             |Z<5>           |   26.980|
s1             |Z<6>           |   26.716|
s1             |Z<7>           |   26.935|
s1             |Z<8>           |   26.999|
s1             |Z<9>           |   27.094|
s1             |Z<10>          |   26.570|
s1             |Z<11>          |   26.751|
s1             |Z<12>          |   26.227|
s1             |Z<13>          |   26.606|
s1             |Z<14>          |   25.184|
s1             |Z<15>          |   22.896|
s1             |Z<16>          |   23.809|
s1             |Z<17>          |   23.757|
s1             |Z<18>          |   24.260|
s1             |Z<19>          |   24.189|
s1             |Z<20>          |   24.305|
s1             |Z<21>          |   23.006|
s1             |Z<22>          |   23.153|
s1             |Z<23>          |   23.038|
s1             |Z<24>          |   24.046|
s1             |Z<25>          |   23.317|
s1             |Z<26>          |   24.886|
s1             |Z<27>          |   24.229|
s1             |Z<28>          |   23.485|
s1             |Z<29>          |   24.343|
s1             |Z<30>          |   24.211|
s1             |Z<31>          |   24.361|
s2             |Z<0>           |   27.480|
s2             |Z<1>           |   27.278|
s2             |Z<2>           |   26.759|
s2             |Z<3>           |   26.630|
s2             |Z<4>           |   27.642|
s2             |Z<5>           |   27.331|
s2             |Z<6>           |   26.798|
s2             |Z<7>           |   26.466|
s2             |Z<8>           |   26.530|
s2             |Z<9>           |   27.176|
s2             |Z<10>          |   27.025|
s2             |Z<11>          |   26.816|
s2             |Z<12>          |   26.301|
s2             |Z<13>          |   26.680|
s2             |Z<14>          |   25.249|
s2             |Z<15>          |   23.166|
s2             |Z<16>          |   24.079|
s2             |Z<17>          |   24.007|
s2             |Z<18>          |   24.558|
s2             |Z<19>          |   24.487|
s2             |Z<20>          |   24.375|
s2             |Z<21>          |   23.595|
s2             |Z<22>          |   23.742|
s2             |Z<23>          |   23.288|
s2             |Z<24>          |   23.814|
s2             |Z<25>          |   23.085|
s2             |Z<26>          |   25.159|
s2             |Z<27>          |   24.610|
s2             |Z<28>          |   23.866|
s2             |Z<29>          |   24.265|
s2             |Z<30>          |   24.670|
s2             |Z<31>          |   24.820|
s3             |Z<0>           |   27.834|
s3             |Z<1>           |   28.044|
s3             |Z<2>           |   27.316|
s3             |Z<3>           |   27.152|
s3             |Z<4>           |   28.164|
s3             |Z<5>           |   27.853|
s3             |Z<6>           |   27.596|
s3             |Z<7>           |   27.175|
s3             |Z<8>           |   27.239|
s3             |Z<9>           |   27.974|
s3             |Z<10>          |   27.379|
s3             |Z<11>          |   27.205|
s3             |Z<12>          |   27.097|
s3             |Z<13>          |   27.476|
s3             |Z<14>          |   25.638|
s3             |Z<15>          |   23.614|
s3             |Z<16>          |   24.527|
s3             |Z<17>          |   24.370|
s3             |Z<18>          |   25.103|
s3             |Z<19>          |   25.032|
s3             |Z<20>          |   25.141|
s3             |Z<21>          |   23.674|
s3             |Z<22>          |   23.821|
s3             |Z<23>          |   23.651|
s3             |Z<24>          |   22.809|
s3             |Z<25>          |   22.080|
s3             |Z<26>          |   25.681|
s3             |Z<27>          |   24.462|
s3             |Z<28>          |   23.718|
s3             |Z<29>          |   24.822|
s3             |Z<30>          |   24.939|
s3             |Z<31>          |   25.089|
s4             |Z<0>           |   18.894|
s4             |Z<1>           |   18.690|
s4             |Z<2>           |   19.085|
s4             |Z<3>           |   18.390|
s4             |Z<4>           |   18.573|
s4             |Z<5>           |   18.234|
s4             |Z<6>           |   17.560|
s4             |Z<7>           |   17.682|
s4             |Z<8>           |   17.182|
s4             |Z<9>           |   18.199|
s4             |Z<10>          |   18.241|
s4             |Z<11>          |   18.204|
s4             |Z<12>          |   17.841|
s4             |Z<13>          |   17.909|
s4             |Z<14>          |   15.649|
s4             |Z<15>          |   14.563|
s4             |Z<16>          |   15.360|
s4             |Z<17>          |   15.755|
s4             |Z<18>          |   15.259|
s4             |Z<19>          |   15.391|
s4             |Z<20>          |   14.862|
s4             |Z<21>          |   15.012|
s4             |Z<22>          |   15.105|
s4             |Z<23>          |   14.472|
s4             |Z<24>          |   15.034|
s4             |Z<25>          |   14.968|
s4             |Z<26>          |   15.865|
s4             |Z<27>          |   16.703|
s4             |Z<28>          |   16.325|
s4             |Z<29>          |   16.716|
s4             |Z<30>          |   17.080|
s4             |Z<31>          |   17.434|
s5             |Z<0>           |   22.183|
s5             |Z<1>           |   22.066|
s5             |Z<2>           |   22.322|
s5             |Z<3>           |   21.820|
s5             |Z<4>           |   21.213|
s5             |Z<5>           |   21.481|
s5             |Z<6>           |   21.231|
s5             |Z<7>           |   20.996|
s5             |Z<8>           |   21.019|
s5             |Z<9>           |   21.076|
s5             |Z<10>          |   21.247|
s5             |Z<11>          |   21.146|
s5             |Z<12>          |   20.890|
s5             |Z<13>          |   21.090|
s5             |Z<14>          |   19.411|
s5             |Z<15>          |   18.400|
s5             |Z<16>          |   19.197|
s5             |Z<17>          |   19.438|
s5             |Z<18>          |   19.015|
s5             |Z<19>          |   19.228|
s5             |Z<20>          |   18.699|
s5             |Z<21>          |   18.849|
s5             |Z<22>          |   18.971|
s5             |Z<23>          |   18.309|
s5             |Z<24>          |   19.315|
s5             |Z<25>          |   18.805|
s5             |Z<26>          |   19.702|
s5             |Z<27>          |   20.040|
s5             |Z<28>          |   20.162|
s5             |Z<29>          |   20.553|
s5             |Z<30>          |   20.917|
s5             |Z<31>          |   21.271|
s6             |Z<0>           |   17.263|
s6             |Z<1>           |   17.211|
s6             |Z<2>           |   17.292|
s6             |Z<3>           |   16.885|
s6             |Z<4>           |   16.463|
s6             |Z<5>           |   16.407|
s6             |Z<6>           |   15.963|
s6             |Z<7>           |   16.069|
s6             |Z<8>           |   15.751|
s6             |Z<9>           |   16.281|
s6             |Z<10>          |   16.026|
s6             |Z<11>          |   16.116|
s6             |Z<12>          |   15.622|
s6             |Z<13>          |   15.822|
s6             |Z<14>          |   14.313|
s6             |Z<15>          |   13.132|
s6             |Z<16>          |   14.422|
s6             |Z<17>          |   14.532|
s6             |Z<18>          |   14.343|
s6             |Z<19>          |   13.960|
s6             |Z<20>          |   14.102|
s6             |Z<21>          |   13.581|
s6             |Z<22>          |   13.674|
s6             |Z<23>          |   13.041|
s6             |Z<24>          |   13.603|
s6             |Z<25>          |   13.537|
s6             |Z<26>          |   14.599|
s6             |Z<27>          |   14.860|
s6             |Z<28>          |   15.946|
s6             |Z<29>          |   16.240|
s6             |Z<30>          |   16.500|
s6             |Z<31>          |   16.694|
s7             |Z<0>           |   24.067|
s7             |Z<1>           |   21.817|
s7             |Z<2>           |   24.140|
s7             |Z<3>           |   23.645|
s7             |Z<4>           |   23.364|
s7             |Z<5>           |   23.150|
s7             |Z<6>           |   22.783|
s7             |Z<7>           |   22.677|
s7             |Z<8>           |   23.173|
s7             |Z<9>           |   21.011|
s7             |Z<10>          |   22.929|
s7             |Z<11>          |   23.086|
s7             |Z<12>          |   20.458|
s7             |Z<13>          |   20.532|
s7             |Z<14>          |   18.831|
s7             |Z<15>          |   17.318|
s7             |Z<16>          |   20.718|
s7             |Z<17>          |   20.540|
s7             |Z<18>          |   19.682|
s7             |Z<19>          |   20.839|
s7             |Z<20>          |   19.855|
s7             |Z<21>          |   18.116|
s7             |Z<22>          |   18.738|
s7             |Z<23>          |   17.696|
s7             |Z<24>          |   19.023|
s7             |Z<25>          |   17.971|
s7             |Z<26>          |   20.058|
s7             |Z<27>          |   21.797|
s7             |Z<28>          |   19.904|
s7             |Z<29>          |   20.260|
s7             |Z<30>          |   20.985|
s7             |Z<31>          |   20.926|
---------------+---------------+---------+


Analysis completed Wed Oct 10 21:45:39 2012 
--------------------------------------------------------------------------------

Trace Settings:
-------------------------
Trace Settings 

Peak Memory Usage: 409 MB



