Release 13.2 - xst O.61xd (lin64)
Copyright (c) 1995-2011 Xilinx, Inc.  All rights reserved.
--> 
--> 
Parameter TMPDIR set to ./projnav.tmp


Total REAL time to Xst completion: 0.00 secs
Total CPU time to Xst completion: 0.05 secs
 
--> 
Parameter xsthdpdir set to .


Total REAL time to Xst completion: 0.00 secs
Total CPU time to Xst completion: 0.05 secs
 
--> 

Reading constraint file ../../constraints.xcf.
XCF parsing done.

TABLE OF CONTENTS
  1) Synthesis Options Summary
  2) HDL Compilation
  3) Design Hierarchy Analysis
  4) HDL Analysis
  5) HDL Synthesis
     5.1) HDL Synthesis Report
  6) Advanced HDL Synthesis
     6.1) Advanced HDL Synthesis Report
  7) Low Level Synthesis
  8) Partition Report
  9) Final Report
	9.1) Device utilization summary
	9.2) Partition Resource Summary
	9.3) TIMING REPORT


=========================================================================
*                      Synthesis Options Summary                        *
=========================================================================
---- Source Parameters
Input File Name                    : "../../xst.prj"
Input Format                       : mixed
Synthesis Constraint File          : ../../constraints.xcf
Ignore Synthesis Constraint File   : NO

---- Target Parameters
Output File Name                   : "plf"
Output Format                      : NGC
Target Device                      : xc5vlx330-ff1760-2

---- Source Options
Top Module Name                    : plf
Use DSP Block                      : auto
Automatic FSM Extraction           : YES
FSM Encoding Algorithm             : Auto
Safe Implementation                : No
FSM Style                          : lut
RAM Extraction                     : Yes
RAM Style                          : Auto
ROM Extraction                     : Yes
Shift Register Extraction          : YES
ROM Style                          : Auto
Resource Sharing                   : YES
Automatic Register Balancing       : No

---- Target Options
Add IO Buffers                     : NO
Add Generic Clock Buffer(BUFG)     : 32
Register Duplication               : No
Optimize Instantiated Primitives   : NO
Use Clock Enable                   : Auto
Use Synchronous Set                : Auto
Use Synchronous Reset              : Auto
Pack IO Registers into IOBs        : false
Equivalent register Removal        : YES

---- General Options
Optimization Goal                  : Speed
Optimization Effort                : 1
Keep Hierarchy                     : NO
RTL Output                         : Yes
Global Optimization                : AllClockNets
Read Cores                         : OPTIMIZE
Write Timing Constraints           : NO
Cross Clock Analysis               : NO
Hierarchy Separator                : /
Bus Delimiter                      : <>
Case Specifier                     : maintain
Slice Utilization Ratio            : 100
DSP48 Utilization Ratio            : 100
Slice Utilization Ratio Delta      : 5

=========================================================================


=========================================================================
*                          HDL Compilation                              *
=========================================================================
Compiling verilog file "../../../../../Modelsim/plf/ASAP2_plf/ASAP2_plf_HDL.v" in library work
Compiling verilog file "../../../../../vlib/Register.v" in library work
Module <plf> compiled
Module <Register> compiled
Module <RegisterV> compiled
Compiling verilog file "../../../../../vlib/MUX.v" in library work
Module <RegisterC> compiled
Module <MUX2> compiled
Module <MUX3> compiled
Module <MUX4> compiled
Module <MUX5> compiled
Module <MUX6> compiled
Module <MUX7> compiled
Module <MUX8> compiled
Module <MUX9> compiled
Module <MUX10> compiled
Compiling verilog file "../../../../../vlib/ShiftRegister.v" in library work
Module <MUX11> compiled
Module <ShiftRegister> compiled
Module <shift> compiled
Module <ShiftRegCtl> compiled
Compiling verilog file "../../../../../vlib/ShiftCtlRegister.v" in library work
Module <ShiftRegCtl0> compiled
Module <ShiftCtlRegister> compiled
Compiling verilog file "../../../../../vlib/float.v" in library work
Module <shiftCtl> compiled
Module <fadd> compiled
Module <fmul> compiled
Module <fdiv> compiled
No errors in compilation
Analysis of file <"../../xst.prj"> succeeded.
 
Compiling vhdl file "/share/jinz/AutoESL/coregen/vhdl/xilinx_fdiv.vhd" in Library work.
Entity <xilinx_fdiv> compiled.
Entity <xilinx_fdiv> (Architecture <xilinx_fdiv_a>) compiled.
Compiling vhdl file "/share/jinz/AutoESL/coregen/vhdl/xilinx_fmul.vhd" in Library work.
Entity <xilinx_fmul> compiled.
Entity <xilinx_fmul> (Architecture <xilinx_fmul_a>) compiled.
Compiling vhdl file "/share/jinz/AutoESL/coregen/vhdl/xilinx_fadd.vhd" in Library work.
Entity <xilinx_fadd> compiled.
Entity <xilinx_fadd> (Architecture <xilinx_fadd_a>) compiled.

Reading constraint file ../../constraints.xcf.
XCF parsing done.

=========================================================================
*                     Design Hierarchy Analysis                         *
=========================================================================
Analyzing hierarchy for module <plf> in library <work> with parameters.
	Delay = "00000000000000000000000000011010"
	TEST_NU = "00000000000000000000000000001000"

Analyzing hierarchy for module <fadd> in library <work>.

Analyzing hierarchy for module <fmul> in library <work>.

Analyzing hierarchy for module <Register> in library <work> with parameters.
	DataWidth = "00000000000000000000000000100000"

Analyzing hierarchy for module <MUX2> in library <work> with parameters.
	DataWidth = "00000000000000000000000000100000"

Analyzing hierarchy for module <MUX3> in library <work> with parameters.
	DataWidth = "00000000000000000000000000100000"

Analyzing hierarchy for module <ShiftCtlRegister> in library <work> with parameters.
	DataWidth = "00000000000000000000000000000001"
	Depth = "00000000000000000000000000011010"

Analyzing hierarchy for module <shiftCtl> in library <work> with parameters.
	Pattern = "00000000000000000000000000000001"
	n = "00000000000000000000000000000100"

Analyzing hierarchy for module <shiftCtl> in library <work> with parameters.
	Pattern = "00000000000000000000000000000000"
	n = "00000000000000000000000000011010"


=========================================================================
*                            HDL Analysis                               *
=========================================================================
Analyzing top module <plf>.
	Delay = 32'sb00000000000000000000000000011010
	TEST_NU = 32'sb00000000000000000000000000001000
Module <plf> is correct for synthesis.
 
Analyzing module <fadd> in library <work>.
Module <fadd> is correct for synthesis.
 
Analyzing module <fmul> in library <work>.
Module <fmul> is correct for synthesis.
 
Analyzing module <Register> in library <work>.
	DataWidth = 32'sb00000000000000000000000000100000
Module <Register> is correct for synthesis.
 
Analyzing module <MUX2> in library <work>.
	DataWidth = 32'sb00000000000000000000000000100000
Module <MUX2> is correct for synthesis.
 
Analyzing module <MUX3> in library <work>.
	DataWidth = 32'sb00000000000000000000000000100000
"../../../../../vlib/MUX.v" line 68: Found Parallel Case directive in module <MUX3>.
Module <MUX3> is correct for synthesis.
 
Analyzing module <ShiftCtlRegister> in library <work>.
	DataWidth = 32'sb00000000000000000000000000000001
	Depth = 32'sb00000000000000000000000000011010
Module <ShiftCtlRegister> is correct for synthesis.
 
Analyzing module <shiftCtl.2> in library <work>.
	Pattern = 32'sb00000000000000000000000000000000
	n = 32'sb00000000000000000000000000011010
Module <shiftCtl.2> is correct for synthesis.
 
Analyzing module <shiftCtl.1> in library <work>.
	Pattern = 32'sb00000000000000000000000000000001
	n = 32'sb00000000000000000000000000000100
Module <shiftCtl.1> is correct for synthesis.
 

=========================================================================
*                           HDL Synthesis                               *
=========================================================================

Performing bidirectional port resolution...

Synthesizing Unit <Register>.
    Related source file is "../../../../../vlib/Register.v".
WARNING:Xst:647 - Input <rst> is never used. This port will be preserved and left unconnected if it belongs to a top-level block or it belongs to a sub-block and the hierarchy of this sub-block is preserved.
    Found 32-bit register for signal <register>.
    Summary:
	inferred  32 D-type flip-flop(s).
Unit <Register> synthesized.


Synthesizing Unit <MUX2>.
    Related source file is "../../../../../vlib/MUX.v".
Unit <MUX2> synthesized.


Synthesizing Unit <MUX3>.
    Related source file is "../../../../../vlib/MUX.v".
Unit <MUX3> synthesized.


Synthesizing Unit <shiftCtl_1>.
    Related source file is "../../../../../vlib/ShiftCtlRegister.v".
    Found 4-bit register for signal <state>.
    Summary:
	inferred   4 D-type flip-flop(s).
Unit <shiftCtl_1> synthesized.


Synthesizing Unit <shiftCtl_2>.
    Related source file is "../../../../../vlib/ShiftCtlRegister.v".
    Found 26-bit register for signal <state>.
    Summary:
	inferred  26 D-type flip-flop(s).
Unit <shiftCtl_2> synthesized.


Synthesizing Unit <fadd>.
    Related source file is "../../../../../vlib/float.v".
Unit <fadd> synthesized.


Synthesizing Unit <fmul>.
    Related source file is "../../../../../vlib/float.v".
Unit <fmul> synthesized.


Synthesizing Unit <ShiftCtlRegister>.
    Related source file is "../../../../../vlib/ShiftCtlRegister.v".
WARNING:Xst:646 - Signal <DBG> is assigned but never used. This unconnected signal will be trimmed during the optimization process.
Unit <ShiftCtlRegister> synthesized.


Synthesizing Unit <plf>.
    Related source file is "../../../../../Modelsim/plf/ASAP2_plf/ASAP2_plf_HDL.v".
WARNING:Xst:646 - Signal <state_out> is assigned but never used. This unconnected signal will be trimmed during the optimization process.
WARNING:Xst:646 - Signal <state_in<3:1>> is assigned but never used. This unconnected signal will be trimmed during the optimization process.
WARNING:Xst:646 - Signal <state<24:22>> is assigned but never used. This unconnected signal will be trimmed during the optimization process.
WARNING:Xst:646 - Signal <state<19>> is assigned but never used. This unconnected signal will be trimmed during the optimization process.
WARNING:Xst:646 - Signal <state<17:16>> is assigned but never used. This unconnected signal will be trimmed during the optimization process.
WARNING:Xst:646 - Signal <state<10:9>> is assigned but never used. This unconnected signal will be trimmed during the optimization process.
WARNING:Xst:646 - Signal <r9_out> is assigned but never used. This unconnected signal will be trimmed during the optimization process.
WARNING:Xst:646 - Signal <fmul3_rdy> is assigned but never used. This unconnected signal will be trimmed during the optimization process.
WARNING:Xst:1780 - Signal <fmul3_go> is never used or assigned. This unconnected signal will be trimmed during the optimization process.
WARNING:Xst:646 - Signal <fmul2_rdy> is assigned but never used. This unconnected signal will be trimmed during the optimization process.
WARNING:Xst:1780 - Signal <fmul2_go> is never used or assigned. This unconnected signal will be trimmed during the optimization process.
WARNING:Xst:646 - Signal <fmul1_rdy> is assigned but never used. This unconnected signal will be trimmed during the optimization process.
WARNING:Xst:1780 - Signal <fmul1_go> is never used or assigned. This unconnected signal will be trimmed during the optimization process.
WARNING:Xst:646 - Signal <fadd2_rdy> is assigned but never used. This unconnected signal will be trimmed during the optimization process.
WARNING:Xst:1780 - Signal <fadd2_go> is never used or assigned. This unconnected signal will be trimmed during the optimization process.
WARNING:Xst:646 - Signal <fadd1_rdy> is assigned but never used. This unconnected signal will be trimmed during the optimization process.
WARNING:Xst:1780 - Signal <fadd1_go> is never used or assigned. This unconnected signal will be trimmed during the optimization process.
    Found 32-bit register for signal <plf_fmul3_out>.
    Found 1-bit register for signal <plf_fmul3_out_rdy<0>>.
    Found 16-bit up counter for signal <clP0_cnt>.
    Found 32-bit register for signal <p1_in_r>.
    Found 32-bit register for signal <p2_in_r>.
    Found 16-bit comparator less for signal <plf_fmul3_res_rdy$cmp_lt0000> created at line 370.
    Found 1-bit register for signal <run>.
    Summary:
	inferred   1 Counter(s).
	inferred  98 D-type flip-flop(s).
	inferred   1 Comparator(s).
Unit <plf> synthesized.

WARNING:Xst:524 - All outputs of the instance <r9> of the block <Register> are unconnected in block <plf>.
   This instance will be removed from the design along with all underlying logic

=========================================================================
HDL Synthesis Report

Macro Statistics
# Counters                                             : 1
 16-bit up counter                                     : 1
# Registers                                            : 25
 1-bit register                                        : 2
 26-bit register                                       : 1
 32-bit register                                       : 21
 4-bit register                                        : 1
# Comparators                                          : 1
 16-bit comparator less                                : 1

=========================================================================

=========================================================================
*                       Advanced HDL Synthesis                          *
=========================================================================

WARNING:Xst:1710 - FF/Latch <register_31> (without init value) has a constant value of 0 in block <fmul2_in1_r>. This FF/Latch will be trimmed during the optimization process.
WARNING:Xst:1710 - FF/Latch <register_30> (without init value) has a constant value of 0 in block <fmul2_in1_r>. This FF/Latch will be trimmed during the optimization process.
WARNING:Xst:1710 - FF/Latch <register_29> (without init value) has a constant value of 1 in block <fmul2_in1_r>. This FF/Latch will be trimmed during the optimization process.
WARNING:Xst:1710 - FF/Latch <register_28> (without init value) has a constant value of 1 in block <fmul2_in1_r>. This FF/Latch will be trimmed during the optimization process.
WARNING:Xst:1710 - FF/Latch <register_27> (without init value) has a constant value of 1 in block <fmul2_in1_r>. This FF/Latch will be trimmed during the optimization process.
WARNING:Xst:1710 - FF/Latch <register_26> (without init value) has a constant value of 1 in block <fmul2_in1_r>. This FF/Latch will be trimmed during the optimization process.
WARNING:Xst:1710 - FF/Latch <register_25> (without init value) has a constant value of 1 in block <fmul2_in1_r>. This FF/Latch will be trimmed during the optimization process.
WARNING:Xst:1710 - FF/Latch <register_23> (without init value) has a constant value of 0 in block <fmul2_in1_r>. This FF/Latch will be trimmed during the optimization process.
WARNING:Xst:1710 - FF/Latch <register_21> (without init value) has a constant value of 0 in block <fmul2_in1_r>. This FF/Latch will be trimmed during the optimization process.
WARNING:Xst:1710 - FF/Latch <register_20> (without init value) has a constant value of 0 in block <fmul2_in1_r>. This FF/Latch will be trimmed during the optimization process.
WARNING:Xst:1710 - FF/Latch <register_17> (without init value) has a constant value of 0 in block <fmul2_in1_r>. This FF/Latch will be trimmed during the optimization process.
WARNING:Xst:1710 - FF/Latch <register_16> (without init value) has a constant value of 0 in block <fmul2_in1_r>. This FF/Latch will be trimmed during the optimization process.
WARNING:Xst:1710 - FF/Latch <register_13> (without init value) has a constant value of 0 in block <fmul2_in1_r>. This FF/Latch will be trimmed during the optimization process.
WARNING:Xst:1710 - FF/Latch <register_12> (without init value) has a constant value of 0 in block <fmul2_in1_r>. This FF/Latch will be trimmed during the optimization process.
WARNING:Xst:1710 - FF/Latch <register_9> (without init value) has a constant value of 0 in block <fmul2_in1_r>. This FF/Latch will be trimmed during the optimization process.
WARNING:Xst:1710 - FF/Latch <register_8> (without init value) has a constant value of 0 in block <fmul2_in1_r>. This FF/Latch will be trimmed during the optimization process.
WARNING:Xst:1710 - FF/Latch <register_5> (without init value) has a constant value of 0 in block <fmul2_in1_r>. This FF/Latch will be trimmed during the optimization process.
WARNING:Xst:1710 - FF/Latch <register_4> (without init value) has a constant value of 0 in block <fmul2_in1_r>. This FF/Latch will be trimmed during the optimization process.
WARNING:Xst:1710 - FF/Latch <register_1> (without init value) has a constant value of 0 in block <fmul2_in1_r>. This FF/Latch will be trimmed during the optimization process.
WARNING:Xst:1710 - FF/Latch <register_31> (without init value) has a constant value of 0 in block <fmul1_in1_r>. This FF/Latch will be trimmed during the optimization process.
WARNING:Xst:1710 - FF/Latch <register_30> (without init value) has a constant value of 0 in block <fmul1_in1_r>. This FF/Latch will be trimmed during the optimization process.
WARNING:Xst:1710 - FF/Latch <register_29> (without init value) has a constant value of 1 in block <fmul1_in1_r>. This FF/Latch will be trimmed during the optimization process.
WARNING:Xst:1710 - FF/Latch <register_28> (without init value) has a constant value of 1 in block <fmul1_in1_r>. This FF/Latch will be trimmed during the optimization process.
WARNING:Xst:1710 - FF/Latch <register_27> (without init value) has a constant value of 1 in block <fmul1_in1_r>. This FF/Latch will be trimmed during the optimization process.
WARNING:Xst:1710 - FF/Latch <register_26> (without init value) has a constant value of 1 in block <fmul1_in1_r>. This FF/Latch will be trimmed during the optimization process.
WARNING:Xst:1710 - FF/Latch <register_0> (without init value) has a constant value of 1 in block <fmul1_in1_r>. This FF/Latch will be trimmed during the optimization process.

=========================================================================
Advanced HDL Synthesis Report

Macro Statistics
# Counters                                             : 1
 16-bit up counter                                     : 1
# Registers                                            : 704
 Flip-Flops                                            : 704
# Comparators                                          : 1
 16-bit comparator less                                : 1

=========================================================================

=========================================================================
*                         Low Level Synthesis                           *
=========================================================================

Optimizing unit <plf> ...

Optimizing unit <Register> ...

Optimizing unit <shiftCtl_2> ...
WARNING:Xst:1710 - FF/Latch <fmul1_in1_r/register_0> (without init value) has a constant value of 1 in block <plf>. This FF/Latch will be trimmed during the optimization process.
WARNING:Xst:1895 - Due to other FF/Latch trimming, FF/Latch <fmul1_in1_r/register_26> (without init value) has a constant value of 1 in block <plf>. This FF/Latch will be trimmed during the optimization process.
WARNING:Xst:1895 - Due to other FF/Latch trimming, FF/Latch <fmul1_in1_r/register_27> (without init value) has a constant value of 1 in block <plf>. This FF/Latch will be trimmed during the optimization process.
WARNING:Xst:1895 - Due to other FF/Latch trimming, FF/Latch <fmul1_in1_r/register_28> (without init value) has a constant value of 1 in block <plf>. This FF/Latch will be trimmed during the optimization process.
WARNING:Xst:1895 - Due to other FF/Latch trimming, FF/Latch <fmul1_in1_r/register_29> (without init value) has a constant value of 1 in block <plf>. This FF/Latch will be trimmed during the optimization process.
WARNING:Xst:1895 - Due to other FF/Latch trimming, FF/Latch <fmul1_in1_r/register_30> (without init value) has a constant value of 0 in block <plf>. This FF/Latch will be trimmed during the optimization process.
WARNING:Xst:1895 - Due to other FF/Latch trimming, FF/Latch <fmul1_in1_r/register_31> (without init value) has a constant value of 0 in block <plf>. This FF/Latch will be trimmed during the optimization process.
WARNING:Xst:1895 - Due to other FF/Latch trimming, FF/Latch <fmul2_in1_r/register_1> (without init value) has a constant value of 0 in block <plf>. This FF/Latch will be trimmed during the optimization process.
WARNING:Xst:1895 - Due to other FF/Latch trimming, FF/Latch <fmul2_in1_r/register_4> (without init value) has a constant value of 0 in block <plf>. This FF/Latch will be trimmed during the optimization process.
WARNING:Xst:1895 - Due to other FF/Latch trimming, FF/Latch <fmul2_in1_r/register_5> (without init value) has a constant value of 0 in block <plf>. This FF/Latch will be trimmed during the optimization process.
WARNING:Xst:1895 - Due to other FF/Latch trimming, FF/Latch <fmul2_in1_r/register_8> (without init value) has a constant value of 0 in block <plf>. This FF/Latch will be trimmed during the optimization process.
WARNING:Xst:1895 - Due to other FF/Latch trimming, FF/Latch <fmul2_in1_r/register_9> (without init value) has a constant value of 0 in block <plf>. This FF/Latch will be trimmed during the optimization process.
WARNING:Xst:1895 - Due to other FF/Latch trimming, FF/Latch <fmul2_in1_r/register_12> (without init value) has a constant value of 0 in block <plf>. This FF/Latch will be trimmed during the optimization process.
WARNING:Xst:1895 - Due to other FF/Latch trimming, FF/Latch <fmul2_in1_r/register_13> (without init value) has a constant value of 0 in block <plf>. This FF/Latch will be trimmed during the optimization process.
WARNING:Xst:1895 - Due to other FF/Latch trimming, FF/Latch <fmul2_in1_r/register_16> (without init value) has a constant value of 0 in block <plf>. This FF/Latch will be trimmed during the optimization process.
WARNING:Xst:1895 - Due to other FF/Latch trimming, FF/Latch <fmul2_in1_r/register_17> (without init value) has a constant value of 0 in block <plf>. This FF/Latch will be trimmed during the optimization process.
WARNING:Xst:1895 - Due to other FF/Latch trimming, FF/Latch <fmul2_in1_r/register_20> (without init value) has a constant value of 0 in block <plf>. This FF/Latch will be trimmed during the optimization process.
WARNING:Xst:1895 - Due to other FF/Latch trimming, FF/Latch <fmul2_in1_r/register_21> (without init value) has a constant value of 0 in block <plf>. This FF/Latch will be trimmed during the optimization process.
WARNING:Xst:1895 - Due to other FF/Latch trimming, FF/Latch <fmul2_in1_r/register_23> (without init value) has a constant value of 0 in block <plf>. This FF/Latch will be trimmed during the optimization process.
WARNING:Xst:1895 - Due to other FF/Latch trimming, FF/Latch <fmul2_in1_r/register_25> (without init value) has a constant value of 1 in block <plf>. This FF/Latch will be trimmed during the optimization process.
WARNING:Xst:1895 - Due to other FF/Latch trimming, FF/Latch <fmul2_in1_r/register_26> (without init value) has a constant value of 1 in block <plf>. This FF/Latch will be trimmed during the optimization process.
WARNING:Xst:1895 - Due to other FF/Latch trimming, FF/Latch <fmul2_in1_r/register_27> (without init value) has a constant value of 1 in block <plf>. This FF/Latch will be trimmed during the optimization process.
WARNING:Xst:1895 - Due to other FF/Latch trimming, FF/Latch <fmul2_in1_r/register_28> (without init value) has a constant value of 1 in block <plf>. This FF/Latch will be trimmed during the optimization process.
WARNING:Xst:1895 - Due to other FF/Latch trimming, FF/Latch <fmul2_in1_r/register_29> (without init value) has a constant value of 1 in block <plf>. This FF/Latch will be trimmed during the optimization process.
WARNING:Xst:1895 - Due to other FF/Latch trimming, FF/Latch <fmul2_in1_r/register_30> (without init value) has a constant value of 0 in block <plf>. This FF/Latch will be trimmed during the optimization process.
WARNING:Xst:1895 - Due to other FF/Latch trimming, FF/Latch <fmul2_in1_r/register_31> (without init value) has a constant value of 0 in block <plf>. This FF/Latch will be trimmed during the optimization process.

Mapping all equations...
Annotating constraints using XCF file '../../constraints.xcf'
XCF parsing done.
WARNING:Xst:2173 - Found black boxes on which forward tracing can not be performed on edge 'clk':
 fadd2/xilinx_fadd_i fadd1/xilinx_fadd_i fmul3/xilinx_fmul_i fmul2/xilinx_fmul_i fmul1/xilinx_fmul_i
WARNING:Xst:2174 - These might be cores which have not been read
Building and optimizing final netlist ...
INFO:Xst:2261 - The FF/Latch <fmul1_in1_r/register_21> in Unit <plf> is equivalent to the following 10 FFs/Latches, which will be removed : <fmul1_in1_r/register_20> <fmul1_in1_r/register_17> <fmul1_in1_r/register_16> <fmul1_in1_r/register_13> <fmul1_in1_r/register_12> <fmul1_in1_r/register_9> <fmul1_in1_r/register_8> <fmul1_in1_r/register_5> <fmul1_in1_r/register_4> <fmul1_in1_r/register_1> 
INFO:Xst:2261 - The FF/Latch <fmul1_in1_r/register_23> in Unit <plf> is equivalent to the following 11 FFs/Latches, which will be removed : <fmul1_in1_r/register_22> <fmul1_in1_r/register_19> <fmul1_in1_r/register_18> <fmul1_in1_r/register_15> <fmul1_in1_r/register_14> <fmul1_in1_r/register_11> <fmul1_in1_r/register_10> <fmul1_in1_r/register_7> <fmul1_in1_r/register_6> <fmul1_in1_r/register_3> <fmul1_in1_r/register_2> 
INFO:Xst:2261 - The FF/Latch <shift_i/state_1> in Unit <plf> is equivalent to the following FF/Latch, which will be removed : <FSM/SR[0].shiftCtl_i/state_0> 
INFO:Xst:2261 - The FF/Latch <fmul2_in1_r/register_22> in Unit <plf> is equivalent to the following 11 FFs/Latches, which will be removed : <fmul2_in1_r/register_19> <fmul2_in1_r/register_18> <fmul2_in1_r/register_15> <fmul2_in1_r/register_14> <fmul2_in1_r/register_11> <fmul2_in1_r/register_10> <fmul2_in1_r/register_7> <fmul2_in1_r/register_6> <fmul2_in1_r/register_3> <fmul2_in1_r/register_2> <fmul2_in1_r/register_0> 
INFO:Xst:2261 - The FF/Latch <shift_i/state_2> in Unit <plf> is equivalent to the following FF/Latch, which will be removed : <FSM/SR[0].shiftCtl_i/state_1> 
INFO:Xst:2261 - The FF/Latch <shift_i/state_3> in Unit <plf> is equivalent to the following FF/Latch, which will be removed : <FSM/SR[0].shiftCtl_i/state_2> 
Found area constraint ratio of 100 (+ 5) on block plf, actual ratio is 0.

Final Macro Processing ...

Processing Unit <plf> :
	Found 4-bit shift register for signal <FSM/SR[0].shiftCtl_i/state_25>.
Unit <plf> processed.

=========================================================================
Final Register Report

Macro Statistics
# Registers                                            : 655
 Flip-Flops                                            : 655
# Shift Registers                                      : 1
 4-bit shift register                                  : 1

=========================================================================

=========================================================================
*                           Partition Report                            *
=========================================================================

Partition Implementation Status
-------------------------------

  No Partitions were found in this design.

-------------------------------

=========================================================================
*                            Final Report                               *
=========================================================================
Final Results
RTL Top Level Output File Name     : plf.ngr
Top Level Output File Name         : plf
Output Format                      : NGC
Optimization Goal                  : Speed
Keep Hierarchy                     : NO

Design Statistics
# IOs                              : 101

Cell Usage :
# BELS                             : 324
#      GND                         : 1
#      INV                         : 3
#      LUT1                        : 15
#      LUT2                        : 38
#      LUT3                        : 69
#      LUT4                        : 64
#      LUT5                        : 100
#      LUT6                        : 2
#      MUXCY                       : 15
#      VCC                         : 1
#      XORCY                       : 16
# FlipFlops/Latches                : 660
#      FD                          : 32
#      FDCE                        : 1
#      FDE                         : 583
#      FDR                         : 1
#      FDRE                        : 42
#      FDSE                        : 1
# Shift Registers                  : 1
#      SRLC16E                     : 1
# Others                           : 6
#      TIMESPEC                    : 1
#      xilinx_fadd                 : 2
#      xilinx_fmul                 : 3
=========================================================================

Device utilization summary:
---------------------------

Selected Device : 5vlx330ff1760-2 


Slice Logic Utilization: 
 Number of Slice Registers:             660  out of  207360     0%  
 Number of Slice LUTs:                  292  out of  207360     0%  
    Number used as Logic:               291  out of  207360     0%  
    Number used as Memory:                1  out of  54720     0%  
       Number used as SRL:                1

Slice Logic Distribution: 
 Number of LUT Flip Flop pairs used:    663
   Number with an unused Flip Flop:       3  out of    663     0%  
   Number with an unused LUT:           371  out of    663    55%  
   Number of fully used LUT-FF pairs:   289  out of    663    43%  
   Number of unique control sets:        13

IO Utilization: 
 Number of IOs:                         101
 Number of bonded IOBs:                   0  out of   1200     0%  

Specific Feature Utilization:

---------------------------
Partition Resource Summary:
---------------------------

  No Partitions were found in this design.

---------------------------


=========================================================================
TIMING REPORT

NOTE: THESE TIMING NUMBERS ARE ONLY A SYNTHESIS ESTIMATE.
      FOR ACCURATE TIMING INFORMATION PLEASE REFER TO THE TRACE REPORT
      GENERATED AFTER PLACE-and-ROUTE.

Clock Information:
------------------
-----------------------------------+------------------------+-------+
Clock Signal                       | Clock buffer(FF name)  | Load  |
-----------------------------------+------------------------+-------+
clk                                | NONE(p2_in_r_0)        | 661   |
-----------------------------------+------------------------+-------+
INFO:Xst:2169 - HDL ADVISOR - Some clock signals were not automatically buffered by XST with BUFG/BUFR resources. Please use the buffer_type constraint in order to insert these buffers to the clock signals to help prevent skew problems.

Asynchronous Control Signals Information:
----------------------------------------
-----------------------------------+------------------------+-------+
Control Signal                     | Buffer(FF name)        | Load  |
-----------------------------------+------------------------+-------+
rst                                | NONE                   | 1     |
-----------------------------------+------------------------+-------+

Timing Summary:
---------------
Speed Grade: -2

   Minimum period: 2.918ns (Maximum Frequency: 342.701MHz)
   Minimum input arrival time before clock: 1.203ns
   Maximum output required time after clock: 0.396ns
   Maximum combinational path delay: 0.652ns

=========================================================================
Timing constraint: TS_clk = PERIOD TIMEGRP "clk" 6.667 nS HIGH 3.333 nS
  Clock period: 2.918ns (frequency: 342.701MHz)
  Total number of paths / destination ports: 2076 / 736
  Number of failed paths / ports: 0 (0.00%) / 0 (0.00%)
-------------------------------------------------------------------------
Slack:                  3.749ns
  Source:               clP0_cnt_12 (FF)
  Destination:          clP0_cnt_0 (FF)
  Data Path Delay:      2.918ns (Levels of Logic = 2)
  Source Clock:         clk rising at 0.000ns
  Destination Clock:    clk rising at 6.667ns

  Data Path: clP0_cnt_12 (FF) to clP0_cnt_0 (FF)
                                Gate     Net
    Cell:in->out      fanout   Delay   Delay  Logical Name (Net Name)
    ----------------------------------------  ------------
     FDRE:C->Q             2   0.396   0.905  clP0_cnt_12 (clP0_cnt_12)
     LUT6:I0->O            2   0.086   0.905  plf_fmul3_res_rdy70 (plf_fmul3_res_rdy70)
     LUT6:I0->O           16   0.086   0.355  clP0_cnt_and00001 (clP0_cnt_and0000)
     FDRE:CE                   0.185          clP0_cnt_0
    ----------------------------------------
    Total                      2.918ns (0.753ns logic, 2.165ns route)
                                       (25.8% logic, 74.2% route)

=========================================================================


Total REAL time to Xst completion: 9.00 secs
Total CPU time to Xst completion: 8.63 secs
 
--> 


Total memory usage is 445316 kilobytes

Number of errors   :    0 (   0 filtered)
Number of warnings :   74 (   0 filtered)
Number of infos    :    7 (   0 filtered)

