Release 13.2 - xst O.61xd (lin64)
Copyright (c) 1995-2011 Xilinx, Inc.  All rights reserved.
--> 
--> 
Parameter TMPDIR set to ./projnav.tmp


Total REAL time to Xst completion: 0.00 secs
Total CPU time to Xst completion: 0.05 secs
 
--> 
Parameter xsthdpdir set to .


Total REAL time to Xst completion: 0.00 secs
Total CPU time to Xst completion: 0.05 secs
 
--> 

Reading constraint file ../../constraints.xcf.
XCF parsing done.

TABLE OF CONTENTS
  1) Synthesis Options Summary
  2) HDL Compilation
  3) Design Hierarchy Analysis
  4) HDL Analysis
  5) HDL Synthesis
     5.1) HDL Synthesis Report
  6) Advanced HDL Synthesis
     6.1) Advanced HDL Synthesis Report
  7) Low Level Synthesis
  8) Partition Report
  9) Final Report
	9.1) Device utilization summary
	9.2) Partition Resource Summary
	9.3) TIMING REPORT


=========================================================================
*                      Synthesis Options Summary                        *
=========================================================================
---- Source Parameters
Input File Name                    : "../../xst.prj"
Input Format                       : mixed
Synthesis Constraint File          : ../../constraints.xcf
Ignore Synthesis Constraint File   : NO

---- Target Parameters
Output File Name                   : "ppbr"
Output Format                      : NGC
Target Device                      : xc5vlx330-ff1760-2

---- Source Options
Top Module Name                    : ppbr
Use DSP Block                      : auto
Automatic FSM Extraction           : YES
FSM Encoding Algorithm             : Auto
Safe Implementation                : No
FSM Style                          : lut
RAM Extraction                     : Yes
RAM Style                          : Auto
ROM Extraction                     : Yes
Shift Register Extraction          : YES
ROM Style                          : Auto
Resource Sharing                   : YES
Automatic Register Balancing       : No

---- Target Options
Add IO Buffers                     : NO
Add Generic Clock Buffer(BUFG)     : 32
Register Duplication               : No
Optimize Instantiated Primitives   : NO
Use Clock Enable                   : Auto
Use Synchronous Set                : Auto
Use Synchronous Reset              : Auto
Pack IO Registers into IOBs        : false
Equivalent register Removal        : YES

---- General Options
Optimization Goal                  : Speed
Optimization Effort                : 1
Keep Hierarchy                     : NO
RTL Output                         : Yes
Global Optimization                : AllClockNets
Read Cores                         : OPTIMIZE
Write Timing Constraints           : NO
Cross Clock Analysis               : NO
Hierarchy Separator                : /
Bus Delimiter                      : <>
Case Specifier                     : maintain
Slice Utilization Ratio            : 100
DSP48 Utilization Ratio            : 100
Slice Utilization Ratio Delta      : 5

=========================================================================


=========================================================================
*                          HDL Compilation                              *
=========================================================================
Compiling verilog file "../../../../../Modelsim/ppbr/ASAP1_ppbr/ASAP1_ppbr_HDL.v" in library work
Compiling verilog file "../../../../../vlib/Register.v" in library work
Module <ppbr> compiled
Module <Register> compiled
Module <RegisterV> compiled
Compiling verilog file "../../../../../vlib/MUX.v" in library work
Module <RegisterC> compiled
Module <MUX2> compiled
Module <MUX3> compiled
Module <MUX4> compiled
Module <MUX5> compiled
Module <MUX6> compiled
Module <MUX7> compiled
Module <MUX8> compiled
Module <MUX9> compiled
Module <MUX10> compiled
Compiling verilog file "../../../../../vlib/ShiftRegister.v" in library work
Module <MUX11> compiled
Module <ShiftRegister> compiled
Module <shift> compiled
Module <ShiftRegCtl> compiled
Compiling verilog file "../../../../../vlib/ShiftCtlRegister.v" in library work
Module <ShiftRegCtl0> compiled
Module <ShiftCtlRegister> compiled
Compiling verilog file "../../../../../vlib/float.v" in library work
Module <shiftCtl> compiled
Module <fadd> compiled
Module <fmul> compiled
Module <fdiv> compiled
No errors in compilation
Analysis of file <"../../xst.prj"> succeeded.
 
Compiling vhdl file "/share/jinz/AutoESL/coregen/vhdl/xilinx_fdiv.vhd" in Library work.
Entity <xilinx_fdiv> compiled.
Entity <xilinx_fdiv> (Architecture <xilinx_fdiv_a>) compiled.
Compiling vhdl file "/share/jinz/AutoESL/coregen/vhdl/xilinx_fmul.vhd" in Library work.
Entity <xilinx_fmul> compiled.
Entity <xilinx_fmul> (Architecture <xilinx_fmul_a>) compiled.
Compiling vhdl file "/share/jinz/AutoESL/coregen/vhdl/xilinx_fadd.vhd" in Library work.
Entity <xilinx_fadd> compiled.
Entity <xilinx_fadd> (Architecture <xilinx_fadd_a>) compiled.

Reading constraint file ../../constraints.xcf.
XCF parsing done.

=========================================================================
*                     Design Hierarchy Analysis                         *
=========================================================================
Analyzing hierarchy for module <ppbr> in library <work> with parameters.
	Delay = "00000000000000000000000001001001"
	TEST_NU = "00000000000000000000000000001000"

Analyzing hierarchy for module <fadd> in library <work>.

Analyzing hierarchy for module <fmul> in library <work>.

Analyzing hierarchy for module <fdiv> in library <work>.

Analyzing hierarchy for module <Register> in library <work> with parameters.
	DataWidth = "00000000000000000000000000100000"

Analyzing hierarchy for module <ShiftRegister> in library <work> with parameters.
	DataWidth = "00000000000000000000000000100000"
	Depth = "00000000000000000000000000000010"

Analyzing hierarchy for module <MUX2> in library <work> with parameters.
	DataWidth = "00000000000000000000000000100000"

Analyzing hierarchy for module <MUX3> in library <work> with parameters.
	DataWidth = "00000000000000000000000000100000"

Analyzing hierarchy for module <ShiftCtlRegister> in library <work> with parameters.
	DataWidth = "00000000000000000000000000000001"
	Depth = "00000000000000000000000001001001"

Analyzing hierarchy for module <shiftCtl> in library <work> with parameters.
	Pattern = "00000000000000000000000000000001"
	n = "00000000000000000000000000001101"

Analyzing hierarchy for module <shift> in library <work> with parameters.
	Pattern = "00000000000000000000000000000000"
	n = "00000000000000000000000000000010"

Analyzing hierarchy for module <shiftCtl> in library <work> with parameters.
	Pattern = "00000000000000000000000000000000"
	n = "00000000000000000000000001001001"


=========================================================================
*                            HDL Analysis                               *
=========================================================================
Analyzing top module <ppbr>.
	Delay = 32'sb00000000000000000000000001001001
	TEST_NU = 32'sb00000000000000000000000000001000
Module <ppbr> is correct for synthesis.
 
Analyzing module <fadd> in library <work>.
Module <fadd> is correct for synthesis.
 
Analyzing module <fmul> in library <work>.
Module <fmul> is correct for synthesis.
 
Analyzing module <fdiv> in library <work>.
Module <fdiv> is correct for synthesis.
 
Analyzing module <Register> in library <work>.
	DataWidth = 32'sb00000000000000000000000000100000
Module <Register> is correct for synthesis.
 
Analyzing module <ShiftRegister> in library <work>.
	DataWidth = 32'sb00000000000000000000000000100000
	Depth = 32'sb00000000000000000000000000000010
Module <ShiftRegister> is correct for synthesis.
 
Analyzing module <shift> in library <work>.
	Pattern = 32'sb00000000000000000000000000000000
	n = 32'sb00000000000000000000000000000010
Module <shift> is correct for synthesis.
 
Analyzing module <MUX2> in library <work>.
	DataWidth = 32'sb00000000000000000000000000100000
Module <MUX2> is correct for synthesis.
 
Analyzing module <MUX3> in library <work>.
	DataWidth = 32'sb00000000000000000000000000100000
"../../../../../vlib/MUX.v" line 68: Found Parallel Case directive in module <MUX3>.
Module <MUX3> is correct for synthesis.
 
Analyzing module <ShiftCtlRegister> in library <work>.
	DataWidth = 32'sb00000000000000000000000000000001
	Depth = 32'sb00000000000000000000000001001001
Module <ShiftCtlRegister> is correct for synthesis.
 
Analyzing module <shiftCtl.2> in library <work>.
	Pattern = 32'sb00000000000000000000000000000000
	n = 32'sb00000000000000000000000001001001
Module <shiftCtl.2> is correct for synthesis.
 
Analyzing module <shiftCtl.1> in library <work>.
	Pattern = 32'sb00000000000000000000000000000001
	n = 32'sb00000000000000000000000000001101
Module <shiftCtl.1> is correct for synthesis.
 

=========================================================================
*                           HDL Synthesis                               *
=========================================================================

Performing bidirectional port resolution...

Synthesizing Unit <Register>.
    Related source file is "../../../../../vlib/Register.v".
WARNING:Xst:647 - Input <rst> is never used. This port will be preserved and left unconnected if it belongs to a top-level block or it belongs to a sub-block and the hierarchy of this sub-block is preserved.
    Found 32-bit register for signal <register>.
    Summary:
	inferred  32 D-type flip-flop(s).
Unit <Register> synthesized.


Synthesizing Unit <MUX2>.
    Related source file is "../../../../../vlib/MUX.v".
Unit <MUX2> synthesized.


Synthesizing Unit <MUX3>.
    Related source file is "../../../../../vlib/MUX.v".
Unit <MUX3> synthesized.


Synthesizing Unit <shiftCtl_1>.
    Related source file is "../../../../../vlib/ShiftCtlRegister.v".
    Found 13-bit register for signal <state>.
    Summary:
	inferred  13 D-type flip-flop(s).
Unit <shiftCtl_1> synthesized.


Synthesizing Unit <shift>.
    Related source file is "../../../../../vlib/ShiftRegister.v".
    Found 2-bit register for signal <state>.
    Summary:
	inferred   2 D-type flip-flop(s).
Unit <shift> synthesized.


Synthesizing Unit <shiftCtl_2>.
    Related source file is "../../../../../vlib/ShiftCtlRegister.v".
    Found 73-bit register for signal <state>.
    Summary:
	inferred  73 D-type flip-flop(s).
Unit <shiftCtl_2> synthesized.


Synthesizing Unit <fadd>.
    Related source file is "../../../../../vlib/float.v".
Unit <fadd> synthesized.


Synthesizing Unit <fmul>.
    Related source file is "../../../../../vlib/float.v".
Unit <fmul> synthesized.


Synthesizing Unit <fdiv>.
    Related source file is "../../../../../vlib/float.v".
    Found 32-bit register for signal <result>.
    Found 1-bit register for signal <done>.
    Summary:
	inferred  33 D-type flip-flop(s).
Unit <fdiv> synthesized.


Synthesizing Unit <ShiftRegister>.
    Related source file is "../../../../../vlib/ShiftRegister.v".
WARNING:Xst:646 - Signal <DBG> is assigned but never used. This unconnected signal will be trimmed during the optimization process.
Unit <ShiftRegister> synthesized.


Synthesizing Unit <ShiftCtlRegister>.
    Related source file is "../../../../../vlib/ShiftCtlRegister.v".
WARNING:Xst:646 - Signal <DBG> is assigned but never used. This unconnected signal will be trimmed during the optimization process.
Unit <ShiftCtlRegister> synthesized.


Synthesizing Unit <ppbr>.
    Related source file is "../../../../../Modelsim/ppbr/ASAP1_ppbr/ASAP1_ppbr_HDL.v".
WARNING:Xst:646 - Signal <state_out> is assigned but never used. This unconnected signal will be trimmed during the optimization process.
WARNING:Xst:646 - Signal <state_in<12:1>> is assigned but never used. This unconnected signal will be trimmed during the optimization process.
WARNING:Xst:646 - Signal <state<71:57>> is assigned but never used. This unconnected signal will be trimmed during the optimization process.
WARNING:Xst:646 - Signal <state<54:51>> is assigned but never used. This unconnected signal will be trimmed during the optimization process.
WARNING:Xst:646 - Signal <state<49>> is assigned but never used. This unconnected signal will be trimmed during the optimization process.
WARNING:Xst:646 - Signal <state<47:45>> is assigned but never used. This unconnected signal will be trimmed during the optimization process.
WARNING:Xst:646 - Signal <state<43:42>> is assigned but never used. This unconnected signal will be trimmed during the optimization process.
WARNING:Xst:646 - Signal <state<40>> is assigned but never used. This unconnected signal will be trimmed during the optimization process.
WARNING:Xst:646 - Signal <state<38>> is assigned but never used. This unconnected signal will be trimmed during the optimization process.
WARNING:Xst:646 - Signal <state<35>> is assigned but never used. This unconnected signal will be trimmed during the optimization process.
WARNING:Xst:646 - Signal <state<23>> is assigned but never used. This unconnected signal will be trimmed during the optimization process.
WARNING:Xst:646 - Signal <state<20>> is assigned but never used. This unconnected signal will be trimmed during the optimization process.
WARNING:Xst:646 - Signal <sr7_out> is assigned but never used. This unconnected signal will be trimmed during the optimization process.
WARNING:Xst:646 - Signal <sr1_out> is assigned but never used. This unconnected signal will be trimmed during the optimization process.
WARNING:Xst:646 - Signal <r6_wout> is assigned but never used. This unconnected signal will be trimmed during the optimization process.
WARNING:Xst:646 - Signal <r18_out> is assigned but never used. This unconnected signal will be trimmed during the optimization process.
WARNING:Xst:646 - Signal <r15_wout> is assigned but never used. This unconnected signal will be trimmed during the optimization process.
WARNING:Xst:646 - Signal <r14_wout> is assigned but never used. This unconnected signal will be trimmed during the optimization process.
WARNING:Xst:646 - Signal <r11_wout> is assigned but never used. This unconnected signal will be trimmed during the optimization process.
WARNING:Xst:646 - Signal <r10_wout> is assigned but never used. This unconnected signal will be trimmed during the optimization process.
WARNING:Xst:646 - Signal <fmul1_rdy> is assigned but never used. This unconnected signal will be trimmed during the optimization process.
WARNING:Xst:1780 - Signal <fmul1_go> is never used or assigned. This unconnected signal will be trimmed during the optimization process.
WARNING:Xst:646 - Signal <fdiv1_rdy> is assigned but never used. This unconnected signal will be trimmed during the optimization process.
WARNING:Xst:1780 - Signal <fdiv1_go> is never used or assigned. This unconnected signal will be trimmed during the optimization process.
WARNING:Xst:646 - Signal <fadd1_rdy> is assigned but never used. This unconnected signal will be trimmed during the optimization process.
WARNING:Xst:1780 - Signal <fadd1_go> is never used or assigned. This unconnected signal will be trimmed during the optimization process.
    Found 32-bit register for signal <ppbr_fdiv1_out>.
    Found 1-bit register for signal <ppbr_fdiv1_out_rdy<0>>.
    Found 16-bit up counter for signal <clP0_cnt>.
    Found 32-bit register for signal <p1_in_r>.
    Found 16-bit comparator less for signal <ppbr_fdiv1_res_rdy$cmp_lt0000> created at line 417.
    Found 1-bit register for signal <run>.
    Summary:
	inferred   1 Counter(s).
	inferred  66 D-type flip-flop(s).
	inferred   1 Comparator(s).
Unit <ppbr> synthesized.

WARNING:Xst:524 - All outputs of the instance <r18> of the block <Register> are unconnected in block <ppbr>.
   This instance will be removed from the design along with all underlying logic

=========================================================================
HDL Synthesis Report

Macro Statistics
# Counters                                             : 1
 16-bit up counter                                     : 1
# Registers                                            : 248
 1-bit register                                        : 3
 13-bit register                                       : 1
 2-bit register                                        : 224
 32-bit register                                       : 19
 73-bit register                                       : 1
# Comparators                                          : 1
 16-bit comparator less                                : 1

=========================================================================

=========================================================================
*                       Advanced HDL Synthesis                          *
=========================================================================


=========================================================================
Advanced HDL Synthesis Report

Macro Statistics
# Counters                                             : 1
 16-bit up counter                                     : 1
# Registers                                            : 1145
 Flip-Flops                                            : 1145
# Comparators                                          : 1
 16-bit comparator less                                : 1

=========================================================================

=========================================================================
*                         Low Level Synthesis                           *
=========================================================================

Optimizing unit <ppbr> ...

Optimizing unit <Register> ...

Optimizing unit <shiftCtl_1> ...

Optimizing unit <shiftCtl_2> ...

Optimizing unit <fdiv> ...

Optimizing unit <ShiftRegister> ...
WARNING:Xst:2677 - Node <fdiv1/done> of sequential type is unconnected in block <ppbr>.

Mapping all equations...
Annotating constraints using XCF file '../../constraints.xcf'
XCF parsing done.
WARNING:Xst:2173 - Found black boxes on which forward tracing can not be performed on edge 'clk':
 fadd1/xilinx_fadd_i fmul1/xilinx_fmul_i fdiv1/xilinx_fdiv_i
WARNING:Xst:2174 - These might be cores which have not been read
Building and optimizing final netlist ...
INFO:Xst:2261 - The FF/Latch <shift_i/state_1> in Unit <ppbr> is equivalent to the following FF/Latch, which will be removed : <FSM/SR[0].shiftCtl_i/state_0> 
INFO:Xst:2261 - The FF/Latch <shift_i/state_2> in Unit <ppbr> is equivalent to the following FF/Latch, which will be removed : <FSM/SR[0].shiftCtl_i/state_1> 
INFO:Xst:2261 - The FF/Latch <shift_i/state_3> in Unit <ppbr> is equivalent to the following FF/Latch, which will be removed : <FSM/SR[0].shiftCtl_i/state_2> 
INFO:Xst:2261 - The FF/Latch <shift_i/state_4> in Unit <ppbr> is equivalent to the following FF/Latch, which will be removed : <FSM/SR[0].shiftCtl_i/state_3> 
INFO:Xst:2261 - The FF/Latch <shift_i/state_5> in Unit <ppbr> is equivalent to the following FF/Latch, which will be removed : <FSM/SR[0].shiftCtl_i/state_4> 
INFO:Xst:2261 - The FF/Latch <shift_i/state_6> in Unit <ppbr> is equivalent to the following FF/Latch, which will be removed : <FSM/SR[0].shiftCtl_i/state_5> 
INFO:Xst:2261 - The FF/Latch <shift_i/state_7> in Unit <ppbr> is equivalent to the following FF/Latch, which will be removed : <FSM/SR[0].shiftCtl_i/state_6> 
INFO:Xst:2261 - The FF/Latch <shift_i/state_8> in Unit <ppbr> is equivalent to the following FF/Latch, which will be removed : <FSM/SR[0].shiftCtl_i/state_7> 
INFO:Xst:2261 - The FF/Latch <shift_i/state_9> in Unit <ppbr> is equivalent to the following FF/Latch, which will be removed : <FSM/SR[0].shiftCtl_i/state_8> 
INFO:Xst:2261 - The FF/Latch <shift_i/state_10> in Unit <ppbr> is equivalent to the following FF/Latch, which will be removed : <FSM/SR[0].shiftCtl_i/state_9> 
INFO:Xst:2261 - The FF/Latch <shift_i/state_11> in Unit <ppbr> is equivalent to the following FF/Latch, which will be removed : <FSM/SR[0].shiftCtl_i/state_10> 
INFO:Xst:2261 - The FF/Latch <shift_i/state_12> in Unit <ppbr> is equivalent to the following FF/Latch, which will be removed : <FSM/SR[0].shiftCtl_i/state_11> 
Found area constraint ratio of 100 (+ 5) on block ppbr, actual ratio is 0.

Final Macro Processing ...

Processing Unit <ppbr> :
	Found 16-bit shift register for signal <FSM/SR[0].shiftCtl_i/state_72>.
	Found 5-bit shift register for signal <FSM/SR[0].shiftCtl_i/state_55>.
	Found 4-bit shift register for signal <FSM/SR[0].shiftCtl_i/state_48>.
	Found 2-bit shift register for signal <r15/SR[0].shift_i/state_1>.
	Found 2-bit shift register for signal <r15/SR[1].shift_i/state_1>.
	Found 2-bit shift register for signal <r15/SR[2].shift_i/state_1>.
	Found 2-bit shift register for signal <r15/SR[3].shift_i/state_1>.
	Found 2-bit shift register for signal <r15/SR[4].shift_i/state_1>.
	Found 2-bit shift register for signal <r15/SR[5].shift_i/state_1>.
	Found 2-bit shift register for signal <r15/SR[6].shift_i/state_1>.
	Found 2-bit shift register for signal <r15/SR[7].shift_i/state_1>.
	Found 2-bit shift register for signal <r15/SR[8].shift_i/state_1>.
	Found 2-bit shift register for signal <r15/SR[9].shift_i/state_1>.
	Found 2-bit shift register for signal <r15/SR[10].shift_i/state_1>.
	Found 2-bit shift register for signal <r15/SR[11].shift_i/state_1>.
	Found 2-bit shift register for signal <r15/SR[12].shift_i/state_1>.
	Found 2-bit shift register for signal <r15/SR[13].shift_i/state_1>.
	Found 2-bit shift register for signal <r15/SR[14].shift_i/state_1>.
	Found 2-bit shift register for signal <r15/SR[15].shift_i/state_1>.
	Found 2-bit shift register for signal <r15/SR[16].shift_i/state_1>.
	Found 2-bit shift register for signal <r15/SR[17].shift_i/state_1>.
	Found 2-bit shift register for signal <r15/SR[18].shift_i/state_1>.
	Found 2-bit shift register for signal <r15/SR[19].shift_i/state_1>.
	Found 2-bit shift register for signal <r15/SR[20].shift_i/state_1>.
	Found 2-bit shift register for signal <r15/SR[21].shift_i/state_1>.
	Found 2-bit shift register for signal <r15/SR[22].shift_i/state_1>.
	Found 2-bit shift register for signal <r15/SR[23].shift_i/state_1>.
	Found 2-bit shift register for signal <r15/SR[24].shift_i/state_1>.
	Found 2-bit shift register for signal <r15/SR[25].shift_i/state_1>.
	Found 2-bit shift register for signal <r15/SR[26].shift_i/state_1>.
	Found 2-bit shift register for signal <r15/SR[27].shift_i/state_1>.
	Found 2-bit shift register for signal <r15/SR[28].shift_i/state_1>.
	Found 2-bit shift register for signal <r15/SR[29].shift_i/state_1>.
	Found 2-bit shift register for signal <r15/SR[30].shift_i/state_1>.
	Found 2-bit shift register for signal <r15/SR[31].shift_i/state_1>.
	Found 2-bit shift register for signal <r14/SR[0].shift_i/state_1>.
	Found 2-bit shift register for signal <r14/SR[1].shift_i/state_1>.
	Found 2-bit shift register for signal <r14/SR[2].shift_i/state_1>.
	Found 2-bit shift register for signal <r14/SR[3].shift_i/state_1>.
	Found 2-bit shift register for signal <r14/SR[4].shift_i/state_1>.
	Found 2-bit shift register for signal <r14/SR[5].shift_i/state_1>.
	Found 2-bit shift register for signal <r14/SR[6].shift_i/state_1>.
	Found 2-bit shift register for signal <r14/SR[7].shift_i/state_1>.
	Found 2-bit shift register for signal <r14/SR[8].shift_i/state_1>.
	Found 2-bit shift register for signal <r14/SR[9].shift_i/state_1>.
	Found 2-bit shift register for signal <r14/SR[10].shift_i/state_1>.
	Found 2-bit shift register for signal <r14/SR[11].shift_i/state_1>.
	Found 2-bit shift register for signal <r14/SR[12].shift_i/state_1>.
	Found 2-bit shift register for signal <r14/SR[13].shift_i/state_1>.
	Found 2-bit shift register for signal <r14/SR[14].shift_i/state_1>.
	Found 2-bit shift register for signal <r14/SR[15].shift_i/state_1>.
	Found 2-bit shift register for signal <r14/SR[16].shift_i/state_1>.
	Found 2-bit shift register for signal <r14/SR[17].shift_i/state_1>.
	Found 2-bit shift register for signal <r14/SR[18].shift_i/state_1>.
	Found 2-bit shift register for signal <r14/SR[19].shift_i/state_1>.
	Found 2-bit shift register for signal <r14/SR[20].shift_i/state_1>.
	Found 2-bit shift register for signal <r14/SR[21].shift_i/state_1>.
	Found 2-bit shift register for signal <r14/SR[22].shift_i/state_1>.
	Found 2-bit shift register for signal <r14/SR[23].shift_i/state_1>.
	Found 2-bit shift register for signal <r14/SR[24].shift_i/state_1>.
	Found 2-bit shift register for signal <r14/SR[25].shift_i/state_1>.
	Found 2-bit shift register for signal <r14/SR[26].shift_i/state_1>.
	Found 2-bit shift register for signal <r14/SR[27].shift_i/state_1>.
	Found 2-bit shift register for signal <r14/SR[28].shift_i/state_1>.
	Found 2-bit shift register for signal <r14/SR[29].shift_i/state_1>.
	Found 2-bit shift register for signal <r14/SR[30].shift_i/state_1>.
	Found 2-bit shift register for signal <r14/SR[31].shift_i/state_1>.
	Found 2-bit shift register for signal <r11/SR[0].shift_i/state_1>.
	Found 2-bit shift register for signal <r11/SR[1].shift_i/state_1>.
	Found 2-bit shift register for signal <r11/SR[2].shift_i/state_1>.
	Found 2-bit shift register for signal <r11/SR[3].shift_i/state_1>.
	Found 2-bit shift register for signal <r11/SR[4].shift_i/state_1>.
	Found 2-bit shift register for signal <r11/SR[5].shift_i/state_1>.
	Found 2-bit shift register for signal <r11/SR[6].shift_i/state_1>.
	Found 2-bit shift register for signal <r11/SR[7].shift_i/state_1>.
	Found 2-bit shift register for signal <r11/SR[8].shift_i/state_1>.
	Found 2-bit shift register for signal <r11/SR[9].shift_i/state_1>.
	Found 2-bit shift register for signal <r11/SR[10].shift_i/state_1>.
	Found 2-bit shift register for signal <r11/SR[11].shift_i/state_1>.
	Found 2-bit shift register for signal <r11/SR[12].shift_i/state_1>.
	Found 2-bit shift register for signal <r11/SR[13].shift_i/state_1>.
	Found 2-bit shift register for signal <r11/SR[14].shift_i/state_1>.
	Found 2-bit shift register for signal <r11/SR[15].shift_i/state_1>.
	Found 2-bit shift register for signal <r11/SR[16].shift_i/state_1>.
	Found 2-bit shift register for signal <r11/SR[17].shift_i/state_1>.
	Found 2-bit shift register for signal <r11/SR[18].shift_i/state_1>.
	Found 2-bit shift register for signal <r11/SR[19].shift_i/state_1>.
	Found 2-bit shift register for signal <r11/SR[20].shift_i/state_1>.
	Found 2-bit shift register for signal <r11/SR[21].shift_i/state_1>.
	Found 2-bit shift register for signal <r11/SR[22].shift_i/state_1>.
	Found 2-bit shift register for signal <r11/SR[23].shift_i/state_1>.
	Found 2-bit shift register for signal <r11/SR[24].shift_i/state_1>.
	Found 2-bit shift register for signal <r11/SR[25].shift_i/state_1>.
	Found 2-bit shift register for signal <r11/SR[26].shift_i/state_1>.
	Found 2-bit shift register for signal <r11/SR[27].shift_i/state_1>.
	Found 2-bit shift register for signal <r11/SR[28].shift_i/state_1>.
	Found 2-bit shift register for signal <r11/SR[29].shift_i/state_1>.
	Found 2-bit shift register for signal <r11/SR[30].shift_i/state_1>.
	Found 2-bit shift register for signal <r11/SR[31].shift_i/state_1>.
	Found 2-bit shift register for signal <r10/SR[0].shift_i/state_1>.
	Found 2-bit shift register for signal <r10/SR[1].shift_i/state_1>.
	Found 2-bit shift register for signal <r10/SR[2].shift_i/state_1>.
	Found 2-bit shift register for signal <r10/SR[3].shift_i/state_1>.
	Found 2-bit shift register for signal <r10/SR[4].shift_i/state_1>.
	Found 2-bit shift register for signal <r10/SR[5].shift_i/state_1>.
	Found 2-bit shift register for signal <r10/SR[6].shift_i/state_1>.
	Found 2-bit shift register for signal <r10/SR[7].shift_i/state_1>.
	Found 2-bit shift register for signal <r10/SR[8].shift_i/state_1>.
	Found 2-bit shift register for signal <r10/SR[9].shift_i/state_1>.
	Found 2-bit shift register for signal <r10/SR[10].shift_i/state_1>.
	Found 2-bit shift register for signal <r10/SR[11].shift_i/state_1>.
	Found 2-bit shift register for signal <r10/SR[12].shift_i/state_1>.
	Found 2-bit shift register for signal <r10/SR[13].shift_i/state_1>.
	Found 2-bit shift register for signal <r10/SR[14].shift_i/state_1>.
	Found 2-bit shift register for signal <r10/SR[15].shift_i/state_1>.
	Found 2-bit shift register for signal <r10/SR[16].shift_i/state_1>.
	Found 2-bit shift register for signal <r10/SR[17].shift_i/state_1>.
	Found 2-bit shift register for signal <r10/SR[18].shift_i/state_1>.
	Found 2-bit shift register for signal <r10/SR[19].shift_i/state_1>.
	Found 2-bit shift register for signal <r10/SR[20].shift_i/state_1>.
	Found 2-bit shift register for signal <r10/SR[21].shift_i/state_1>.
	Found 2-bit shift register for signal <r10/SR[22].shift_i/state_1>.
	Found 2-bit shift register for signal <r10/SR[23].shift_i/state_1>.
	Found 2-bit shift register for signal <r10/SR[24].shift_i/state_1>.
	Found 2-bit shift register for signal <r10/SR[25].shift_i/state_1>.
	Found 2-bit shift register for signal <r10/SR[26].shift_i/state_1>.
	Found 2-bit shift register for signal <r10/SR[27].shift_i/state_1>.
	Found 2-bit shift register for signal <r10/SR[28].shift_i/state_1>.
	Found 2-bit shift register for signal <r10/SR[29].shift_i/state_1>.
	Found 2-bit shift register for signal <r10/SR[30].shift_i/state_1>.
	Found 2-bit shift register for signal <r10/SR[31].shift_i/state_1>.
	Found 2-bit shift register for signal <r6/SR[0].shift_i/state_1>.
	Found 2-bit shift register for signal <r6/SR[1].shift_i/state_1>.
	Found 2-bit shift register for signal <r6/SR[2].shift_i/state_1>.
	Found 2-bit shift register for signal <r6/SR[3].shift_i/state_1>.
	Found 2-bit shift register for signal <r6/SR[4].shift_i/state_1>.
	Found 2-bit shift register for signal <r6/SR[5].shift_i/state_1>.
	Found 2-bit shift register for signal <r6/SR[6].shift_i/state_1>.
	Found 2-bit shift register for signal <r6/SR[7].shift_i/state_1>.
	Found 2-bit shift register for signal <r6/SR[8].shift_i/state_1>.
	Found 2-bit shift register for signal <r6/SR[9].shift_i/state_1>.
	Found 2-bit shift register for signal <r6/SR[10].shift_i/state_1>.
	Found 2-bit shift register for signal <r6/SR[11].shift_i/state_1>.
	Found 2-bit shift register for signal <r6/SR[12].shift_i/state_1>.
	Found 2-bit shift register for signal <r6/SR[13].shift_i/state_1>.
	Found 2-bit shift register for signal <r6/SR[14].shift_i/state_1>.
	Found 2-bit shift register for signal <r6/SR[15].shift_i/state_1>.
	Found 2-bit shift register for signal <r6/SR[16].shift_i/state_1>.
	Found 2-bit shift register for signal <r6/SR[17].shift_i/state_1>.
	Found 2-bit shift register for signal <r6/SR[18].shift_i/state_1>.
	Found 2-bit shift register for signal <r6/SR[19].shift_i/state_1>.
	Found 2-bit shift register for signal <r6/SR[20].shift_i/state_1>.
	Found 2-bit shift register for signal <r6/SR[21].shift_i/state_1>.
	Found 2-bit shift register for signal <r6/SR[22].shift_i/state_1>.
	Found 2-bit shift register for signal <r6/SR[23].shift_i/state_1>.
	Found 2-bit shift register for signal <r6/SR[24].shift_i/state_1>.
	Found 2-bit shift register for signal <r6/SR[25].shift_i/state_1>.
	Found 2-bit shift register for signal <r6/SR[26].shift_i/state_1>.
	Found 2-bit shift register for signal <r6/SR[27].shift_i/state_1>.
	Found 2-bit shift register for signal <r6/SR[28].shift_i/state_1>.
	Found 2-bit shift register for signal <r6/SR[29].shift_i/state_1>.
	Found 2-bit shift register for signal <r6/SR[30].shift_i/state_1>.
	Found 2-bit shift register for signal <r6/SR[31].shift_i/state_1>.
Unit <ppbr> processed.

=========================================================================
Final Register Report

Macro Statistics
# Registers                                            : 803
 Flip-Flops                                            : 803
# Shift Registers                                      : 163
 16-bit shift register                                 : 1
 2-bit shift register                                  : 160
 4-bit shift register                                  : 1
 5-bit shift register                                  : 1

=========================================================================

=========================================================================
*                           Partition Report                            *
=========================================================================

Partition Implementation Status
-------------------------------

  No Partitions were found in this design.

-------------------------------

=========================================================================
*                            Final Report                               *
=========================================================================
Final Results
RTL Top Level Output File Name     : ppbr.ngr
Top Level Output File Name         : ppbr
Output Format                      : NGC
Optimization Goal                  : Speed
Keep Hierarchy                     : NO

Design Statistics
# IOs                              : 69

Cell Usage :
# BELS                             : 745
#      GND                         : 1
#      INV                         : 2
#      LUT1                        : 15
#      LUT2                        : 19
#      LUT3                        : 9
#      LUT4                        : 106
#      LUT5                        : 178
#      LUT6                        : 351
#      MUXCY                       : 15
#      MUXF7                       : 32
#      VCC                         : 1
#      XORCY                       : 16
# FlipFlops/Latches                : 984
#      FD                          : 32
#      FDCE                        : 1
#      FDE                         : 867
#      FDR                         : 1
#      FDRE                        : 82
#      FDSE                        : 1
# Shift Registers                  : 163
#      SRLC16E                     : 163
# Others                           : 4
#      TIMESPEC                    : 1
#      xilinx_fadd                 : 1
#      xilinx_fdiv                 : 1
#      xilinx_fmul                 : 1
=========================================================================

Device utilization summary:
---------------------------

Selected Device : 5vlx330ff1760-2 


Slice Logic Utilization: 
 Number of Slice Registers:             984  out of  207360     0%  
 Number of Slice LUTs:                  843  out of  207360     0%  
    Number used as Logic:               680  out of  207360     0%  
    Number used as Memory:              163  out of  54720     0%  
       Number used as SRL:              163

Slice Logic Distribution: 
 Number of LUT Flip Flop pairs used:   1092
   Number with an unused Flip Flop:     108  out of   1092     9%  
   Number with an unused LUT:           249  out of   1092    22%  
   Number of fully used LUT-FF pairs:   735  out of   1092    67%  
   Number of unique control sets:        25

IO Utilization: 
 Number of IOs:                          69
 Number of bonded IOBs:                   0  out of   1200     0%  

Specific Feature Utilization:

---------------------------
Partition Resource Summary:
---------------------------

  No Partitions were found in this design.

---------------------------


=========================================================================
TIMING REPORT

NOTE: THESE TIMING NUMBERS ARE ONLY A SYNTHESIS ESTIMATE.
      FOR ACCURATE TIMING INFORMATION PLEASE REFER TO THE TRACE REPORT
      GENERATED AFTER PLACE-and-ROUTE.

Clock Information:
------------------
-----------------------------------+------------------------+-------+
Clock Signal                       | Clock buffer(FF name)  | Load  |
-----------------------------------+------------------------+-------+
clk                                | NONE(p1_in_r_0)        | 1147  |
-----------------------------------+------------------------+-------+
INFO:Xst:2169 - HDL ADVISOR - Some clock signals were not automatically buffered by XST with BUFG/BUFR resources. Please use the buffer_type constraint in order to insert these buffers to the clock signals to help prevent skew problems.

Asynchronous Control Signals Information:
----------------------------------------
-----------------------------------+------------------------+-------+
Control Signal                     | Buffer(FF name)        | Load  |
-----------------------------------+------------------------+-------+
rst                                | NONE                   | 1     |
-----------------------------------+------------------------+-------+

Timing Summary:
---------------
Speed Grade: -2

   Minimum period: 4.020ns (Maximum Frequency: 248.757MHz)
   Minimum input arrival time before clock: 1.198ns
   Maximum output required time after clock: 0.396ns
   Maximum combinational path delay: 0.636ns

=========================================================================
Timing constraint: TS_clk = PERIOD TIMEGRP "clk" 6.667 nS HIGH 3.333 nS
  Clock period: 4.020ns (frequency: 248.757MHz)
  Total number of paths / destination ports: 6892 / 1682
  Number of failed paths / ports: 0 (0.00%) / 0 (0.00%)
-------------------------------------------------------------------------
Slack:                  2.669ns
  Source:               FSM/SR[0].shiftCtl_i/state_13 (FF)
  Destination:          fmul1_in1_r/register_9 (FF)
  Data Path Delay:      4.020ns (Levels of Logic = 4)
  Source Clock:         clk rising at 0.000ns
  Destination Clock:    clk rising at 6.667ns

  Data Path: FSM/SR[0].shiftCtl_i/state_13 (FF) to fmul1_in1_r/register_9 (FF)
                                Gate     Net
    Cell:in->out      fanout   Delay   Delay  Logical Name (Net Name)
    ----------------------------------------  ------------
     FDRE:C->Q            68   0.396   0.600  FSM/SR[0].shiftCtl_i/state_13 (FSM/SR[0].shiftCtl_i/state_13)
     LUT2:I0->O           34   0.086   1.009  mux13/Z<0>11111 (N179)
     LUT6:I0->O           32   0.086   1.009  mux15/Z<0>111 (N136)
     LUT6:I0->O            1   0.086   0.662  mux15/Z<9>42_SW0 (N492)
     LUT5:I1->O            1   0.086   0.000  mux15/Z<9>42 (fmul1_in1_rin<9>)
     FDE:D                    -0.022          fmul1_in1_r/register_9
    ----------------------------------------
    Total                      4.020ns (0.740ns logic, 3.280ns route)
                                       (18.4% logic, 81.6% route)

=========================================================================


Total REAL time to Xst completion: 24.00 secs
Total CPU time to Xst completion: 21.60 secs
 
--> 


Total memory usage is 480472 kilobytes

Number of errors   :    0 (   0 filtered)
Number of warnings :   33 (   0 filtered)
Number of infos    :   13 (   0 filtered)

